0 verbose cli /data/data/com.termux/files/usr/bin/node /data/data/com.termux/files/usr/bin/npm
1 info using npm@11.6.0
2 info using node@v24.9.0
3 silly config load:file:/data/data/com.termux/files/usr/lib/node_modules/npm/npmrc
4 silly config load:file:/data/data/com.termux/files/home/facebook-autopublisher/.npmrc
5 silly config load:file:/data/data/com.termux/files/home/.npmrc
6 silly config load:file:/data/data/com.termux/files/usr/etc/npmrc
7 verbose title npm install axios fs path https
8 verbose argv "install" "axios" "fs" "path" "https"
9 verbose logfile logs-max:10 dir:/data/data/com.termux/files/home/.npm/_logs/2025-10-17T03_01_42_017Z-
10 verbose logfile /data/data/com.termux/files/home/.npm/_logs/2025-10-17T03_01_42_017Z-debug-0.log
11 silly logfile start cleaning logs, removing 1 files
12 silly packumentCache heap:1174405120 maxSize:293601280 maxEntrySize:146800640
13 silly logfile done cleaning log files
14 silly idealTree buildDeps
15 silly fetch manifest axios@^1.12.2
16 silly packumentCache full:https://registry.npmjs.org/axios cache-miss
17 http fetch GET 200 https://registry.npmjs.org/axios 455ms (cache revalidated)
18 silly packumentCache full:https://registry.npmjs.org/axios set size:641343 disposed:false
19 silly fetch manifest fs@^0.0.1-security
20 silly packumentCache full:https://registry.npmjs.org/fs cache-miss
21 http fetch GET 200 https://registry.npmjs.org/fs 75ms (cache revalidated)
22 silly packumentCache full:https://registry.npmjs.org/fs set size:4513 disposed:false
23 silly fetch manifest path@^0.12.7
24 silly packumentCache full:https://registry.npmjs.org/path cache-miss
25 http fetch GET 200 https://registry.npmjs.org/path 69ms (cache revalidated)
26 silly packumentCache full:https://registry.npmjs.org/path set size:7442 disposed:false
27 silly fetch manifest https@*
28 silly packumentCache full:https://registry.npmjs.org/https cache-miss
29 http fetch GET 200 https://registry.npmjs.org/https 91ms (cache miss)
30 silly packumentCache full:https://registry.npmjs.org/https set size:undefined disposed:false
31 silly placeDep ROOT axios@1.12.2 REPLACE for: facebook-autopublisher@1.0.0 want: ^1.12.2
32 silly placeDep ROOT fs@0.0.1-security REPLACE for: facebook-autopublisher@1.0.0 want: ^0.0.1-security
33 silly placeDep ROOT https@1.0.0 OK for: facebook-autopublisher@1.0.0 want: *
34 silly placeDep ROOT path@0.12.7 REPLACE for: facebook-autopublisher@1.0.0 want: ^0.12.7
35 silly reify moves {}
36 silly audit bulk request {
36 silly audit   asynckit: [ '0.4.0' ],
36 silly audit   'call-bind-apply-helpers': [ '1.0.2' ],
36 silly audit   'combined-stream': [ '1.0.8' ],
36 silly audit   'delayed-stream': [ '1.0.0' ],
36 silly audit   'dunder-proto': [ '1.0.1' ],
36 silly audit   'es-define-property': [ '1.0.1' ],
36 silly audit   'es-errors': [ '1.3.0' ],
36 silly audit   'es-object-atoms': [ '1.1.1' ],
36 silly audit   'es-set-tostringtag': [ '2.1.0' ],
36 silly audit   'follow-redirects': [ '1.15.11' ],
36 silly audit   'form-data': [ '4.0.4' ],
36 silly audit   'function-bind': [ '1.1.2' ],
36 silly audit   'get-intrinsic': [ '1.3.0' ],
36 silly audit   'get-proto': [ '1.0.1' ],
36 silly audit   gopd: [ '1.2.0' ],
36 silly audit   'has-symbols': [ '1.1.0' ],
36 silly audit   'has-tostringtag': [ '1.0.2' ],
36 silly audit   hasown: [ '2.0.2' ],
36 silly audit   inherits: [ '2.0.3' ],
36 silly audit   'math-intrinsics': [ '1.1.0' ],
36 silly audit   'mime-db': [ '1.52.0' ],
36 silly audit   'mime-types': [ '2.1.35' ],
36 silly audit   'node-fetch': [ '2.7.0' ],
36 silly audit   process: [ '0.11.10' ],
36 silly audit   'proxy-from-env': [ '1.1.0' ],
36 silly audit   tr46: [ '0.0.3' ],
36 silly audit   util: [ '0.10.4' ],
36 silly audit   'webidl-conversions': [ '3.0.1' ],
36 silly audit   'whatwg-url': [ '5.0.0' ],
36 silly audit   axios: [ '1.12.2' ],
36 silly audit   fs: [ '0.0.1-security' ],
36 silly audit   https: [ '1.0.0' ],
36 silly audit   path: [ '0.12.7' ]
36 silly audit }
37 http cache https@https://registry.npmjs.org/https/-/https-1.0.0.tgz 0ms (cache hit)
38 silly tarball no local data for https@https://registry.npmjs.org/https/-/https-1.0.0.tgz. Extracting by manifest.
39 http fetch POST 200 https://registry.npmjs.org/-/npm/v1/security/advisories/bulk 309ms
40 silly audit report {}
41 http fetch GET 200 https://registry.npmjs.org/https/-/https-1.0.0.tgz 297ms (cache miss)
42 silly ADD node_modules/https
43 verbose cwd /data/data/com.termux/files/home/facebook-autopublisher
44 verbose os Linux 5.4.289-qgki-g634a7f715748
45 verbose node v24.9.0
46 verbose npm  v11.6.0
47 verbose exit 0
48 info ok
