0 verbose cli /data/data/com.termux/files/usr/bin/node /data/data/com.termux/files/usr/bin/npm
1 info using npm@11.6.0
2 info using node@v24.9.0
3 silly config load:file:/data/data/com.termux/files/usr/lib/node_modules/npm/npmrc
4 silly config load:file:/data/data/com.termux/files/home/.npmrc
5 silly config load:file:/data/data/com.termux/files/usr/etc/npmrc
6 verbose title npm install express@4.18.2 ejs@3.1.9 sequelize@6.37.7 pg@8.11.3
7 verbose argv "install" "express@4.18.2" "ejs@3.1.9" "sequelize@6.37.7" "pg@8.11.3"
8 verbose logfile logs-max:10 dir:/data/data/com.termux/files/home/.npm/_logs/2025-10-18T09_15_53_345Z-
9 verbose logfile /data/data/com.termux/files/home/.npm/_logs/2025-10-18T09_15_53_345Z-debug-0.log
10 silly logfile start cleaning logs, removing 1 files
11 silly packumentCache heap:1174405120 maxSize:293601280 maxEntrySize:146800640
12 silly logfile done cleaning log files
13 silly idealTree buildDeps
14 silly fetch manifest express@4.18.2
15 silly packumentCache full:https://registry.npmjs.org/express cache-miss
16 http cache https://registry.npmjs.org/express 41ms (cache hit)
17 silly packumentCache full:https://registry.npmjs.org/express set size:796286 disposed:false
18 silly fetch manifest ejs@3.1.9
19 silly packumentCache full:https://registry.npmjs.org/ejs cache-miss
20 http cache https://registry.npmjs.org/ejs 14ms (cache hit)
21 silly packumentCache full:https://registry.npmjs.org/ejs set size:143086 disposed:false
22 silly fetch manifest sequelize@6.37.7
23 silly packumentCache full:https://registry.npmjs.org/sequelize cache-miss
24 http cache https://registry.npmjs.org/sequelize 28ms (cache hit)
25 silly packumentCache full:https://registry.npmjs.org/sequelize set size:4301064 disposed:false
26 silly fetch manifest pg@8.11.3
27 silly packumentCache full:https://registry.npmjs.org/pg cache-miss
28 http cache https://registry.npmjs.org/pg 13ms (cache hit)
29 silly packumentCache full:https://registry.npmjs.org/pg set size:461675 disposed:false
30 silly fetch manifest pg-native@>=3.0.1
31 silly packumentCache full:https://registry.npmjs.org/pg-native cache-miss
32 http cache https://registry.npmjs.org/pg-native 7ms (cache hit)
33 silly packumentCache full:https://registry.npmjs.org/pg-native set size:87130 disposed:false
34 silly placeDep ROOT ejs@3.1.9 OK for: auto-publisher@1.0.0 want: 3.1.9
35 silly placeDep ROOT express@4.18.2 OK for: auto-publisher@1.0.0 want: 4.18.2
36 silly placeDep ROOT pg@8.11.3 OK for: auto-publisher@1.0.0 want: 8.11.3
37 silly placeDep ROOT sequelize@6.37.7 OK for: auto-publisher@1.0.0 want: 6.37.7
38 silly fetch manifest jake@^10.8.5
39 silly packumentCache full:https://registry.npmjs.org/jake cache-miss
40 silly fetch manifest qs@6.11.0
41 silly packumentCache full:https://registry.npmjs.org/qs cache-miss
42 silly fetch manifest depd@2.0.0
43 silly packumentCache full:https://registry.npmjs.org/depd cache-miss
44 silly fetch manifest etag@~1.8.1
45 silly packumentCache full:https://registry.npmjs.org/etag cache-miss
46 silly fetch manifest send@0.18.0
47 silly packumentCache full:https://registry.npmjs.org/send cache-miss
48 silly fetch manifest vary@~1.1.2
49 silly packumentCache full:https://registry.npmjs.org/vary cache-miss
50 silly fetch manifest debug@2.6.9
51 silly packumentCache full:https://registry.npmjs.org/debug cache-miss
52 http cache https://registry.npmjs.org/qs 26ms (cache hit)
53 silly packumentCache full:https://registry.npmjs.org/qs set size:264677 disposed:false
54 silly fetch manifest fresh@0.5.2
55 silly packumentCache full:https://registry.npmjs.org/fresh cache-miss
56 http cache https://registry.npmjs.org/depd 35ms (cache hit)
57 silly packumentCache full:https://registry.npmjs.org/depd set size:40182 disposed:false
58 silly fetch manifest cookie@0.5.0
59 silly packumentCache full:https://registry.npmjs.org/cookie cache-miss
60 http cache https://registry.npmjs.org/vary 36ms (cache hit)
61 silly packumentCache full:https://registry.npmjs.org/vary set size:16018 disposed:false
62 silly fetch manifest accepts@~1.3.8
63 silly packumentCache full:https://registry.npmjs.org/accepts cache-miss
64 http cache https://registry.npmjs.org/send 42ms (cache hit)
65 silly packumentCache full:https://registry.npmjs.org/send set size:147586 disposed:false
66 silly fetch manifest methods@~1.1.2
67 silly packumentCache full:https://registry.npmjs.org/methods cache-miss
68 http cache https://registry.npmjs.org/etag 50ms (cache hit)
69 silly packumentCache full:https://registry.npmjs.org/etag set size:30032 disposed:false
70 silly fetch manifest type-is@~1.6.18
71 silly packumentCache full:https://registry.npmjs.org/type-is cache-miss
72 http cache https://registry.npmjs.org/jake 58ms (cache hit)
73 silly packumentCache full:https://registry.npmjs.org/jake set size:256525 disposed:false
74 silly fetch manifest parseurl@~1.3.3
75 silly packumentCache full:https://registry.npmjs.org/parseurl cache-miss
76 http cache https://registry.npmjs.org/debug 64ms (cache hit)
77 silly packumentCache full:https://registry.npmjs.org/debug set size:195840 disposed:false
78 silly fetch manifest statuses@2.0.1
79 silly packumentCache full:https://registry.npmjs.org/statuses cache-miss
80 http cache https://registry.npmjs.org/cookie 51ms (cache hit)
81 silly packumentCache full:https://registry.npmjs.org/cookie set size:67180 disposed:false
82 silly fetch manifest encodeurl@~1.0.2
83 silly packumentCache full:https://registry.npmjs.org/encodeurl cache-miss
84 http cache https://registry.npmjs.org/methods 44ms (cache hit)
85 silly packumentCache full:https://registry.npmjs.org/methods set size:12600 disposed:false
86 silly fetch manifest proxy-addr@~2.0.7
87 silly packumentCache full:https://registry.npmjs.org/proxy-addr cache-miss
88 http cache https://registry.npmjs.org/accepts 54ms (cache hit)
89 silly packumentCache full:https://registry.npmjs.org/accepts set size:77054 disposed:false
90 silly fetch manifest body-parser@1.20.1
91 silly packumentCache full:https://registry.npmjs.org/body-parser cache-miss
92 http cache https://registry.npmjs.org/fresh 68ms (cache hit)
93 silly packumentCache full:https://registry.npmjs.org/fresh set size:25427 disposed:false
94 silly fetch manifest escape-html@~1.0.3
95 silly packumentCache full:https://registry.npmjs.org/escape-html cache-miss
96 http cache https://registry.npmjs.org/type-is 49ms (cache hit)
97 silly packumentCache full:https://registry.npmjs.org/type-is set size:86196 disposed:false
98 silly fetch manifest http-errors@2.0.0
99 silly packumentCache full:https://registry.npmjs.org/http-errors cache-miss
100 http cache https://registry.npmjs.org/parseurl 46ms (cache hit)
101 silly packumentCache full:https://registry.npmjs.org/parseurl set size:24148 disposed:false
102 silly fetch manifest on-finished@2.4.1
103 silly packumentCache full:https://registry.npmjs.org/on-finished cache-miss
104 http cache https://registry.npmjs.org/statuses 38ms (cache hit)
105 silly packumentCache full:https://registry.npmjs.org/statuses set size:37117 disposed:false
106 silly fetch manifest safe-buffer@5.2.1
107 silly packumentCache full:https://registry.npmjs.org/safe-buffer cache-miss
108 http cache https://registry.npmjs.org/encodeurl 39ms (cache hit)
109 silly packumentCache full:https://registry.npmjs.org/encodeurl set size:12296 disposed:false
110 silly fetch manifest utils-merge@1.0.1
111 silly packumentCache full:https://registry.npmjs.org/utils-merge cache-miss
112 http cache https://registry.npmjs.org/body-parser 34ms (cache hit)
113 silly packumentCache full:https://registry.npmjs.org/body-parser set size:209520 disposed:false
114 silly fetch manifest content-type@~1.0.4
115 silly packumentCache full:https://registry.npmjs.org/content-type cache-miss
116 http cache https://registry.npmjs.org/proxy-addr 47ms (cache hit)
117 silly packumentCache full:https://registry.npmjs.org/proxy-addr set size:61619 disposed:false
118 silly fetch manifest finalhandler@1.2.0
119 silly packumentCache full:https://registry.npmjs.org/finalhandler cache-miss
120 http cache https://registry.npmjs.org/http-errors 37ms (cache hit)
121 silly packumentCache full:https://registry.npmjs.org/http-errors set size:69537 disposed:false
122 silly fetch manifest range-parser@~1.2.1
123 silly packumentCache full:https://registry.npmjs.org/range-parser cache-miss
124 http cache https://registry.npmjs.org/escape-html 47ms (cache hit)
125 silly packumentCache full:https://registry.npmjs.org/escape-html set size:7345 disposed:false
126 silly fetch manifest serve-static@1.15.0
127 silly packumentCache full:https://registry.npmjs.org/serve-static cache-miss
128 http cache https://registry.npmjs.org/on-finished 42ms (cache hit)
129 silly packumentCache full:https://registry.npmjs.org/on-finished set size:23212 disposed:false
130 silly fetch manifest array-flatten@1.1.1
131 silly packumentCache full:https://registry.npmjs.org/array-flatten cache-miss
132 http cache https://registry.npmjs.org/safe-buffer 42ms (cache hit)
133 silly packumentCache full:https://registry.npmjs.org/safe-buffer set size:41183 disposed:false
134 silly fetch manifest path-to-regexp@0.1.7
135 silly packumentCache full:https://registry.npmjs.org/path-to-regexp cache-miss
136 http cache https://registry.npmjs.org/utils-merge 39ms (cache hit)
137 silly packumentCache full:https://registry.npmjs.org/utils-merge set size:5237 disposed:false
138 silly fetch manifest setprototypeof@1.2.0
139 silly packumentCache full:https://registry.npmjs.org/setprototypeof cache-miss
140 http cache https://registry.npmjs.org/content-type 35ms (cache hit)
141 silly packumentCache full:https://registry.npmjs.org/content-type set size:17311 disposed:false
142 silly fetch manifest cookie-signature@1.0.6
143 silly packumentCache full:https://registry.npmjs.org/cookie-signature cache-miss
144 http cache https://registry.npmjs.org/finalhandler 34ms (cache hit)
145 silly packumentCache full:https://registry.npmjs.org/finalhandler set size:74406 disposed:false
146 silly fetch manifest merge-descriptors@1.0.1
147 silly packumentCache full:https://registry.npmjs.org/merge-descriptors cache-miss
148 http cache https://registry.npmjs.org/serve-static 31ms (cache hit)
149 silly packumentCache full:https://registry.npmjs.org/serve-static set size:145938 disposed:false
150 silly fetch manifest content-disposition@0.5.4
151 silly packumentCache full:https://registry.npmjs.org/content-disposition cache-miss
152 http cache https://registry.npmjs.org/range-parser 39ms (cache hit)
153 silly packumentCache full:https://registry.npmjs.org/range-parser set size:22228 disposed:false
154 silly fetch manifest pgpass@1.x
155 silly packumentCache full:https://registry.npmjs.org/pgpass cache-miss
156 http cache https://registry.npmjs.org/array-flatten 37ms (cache hit)
157 silly packumentCache full:https://registry.npmjs.org/array-flatten set size:24005 disposed:false
158 silly fetch manifest pg-pool@^3.6.1
159 silly packumentCache full:https://registry.npmjs.org/pg-pool cache-miss
160 http cache https://registry.npmjs.org/path-to-regexp 38ms (cache hit)
161 silly packumentCache full:https://registry.npmjs.org/path-to-regexp set size:207142 disposed:false
162 silly fetch manifest pg-types@^2.1.0
163 silly packumentCache full:https://registry.npmjs.org/pg-types cache-miss
164 http cache https://registry.npmjs.org/setprototypeof 45ms (cache hit)
165 silly packumentCache full:https://registry.npmjs.org/setprototypeof set size:14532 disposed:false
166 silly fetch manifest pg-protocol@^1.6.0
167 silly packumentCache full:https://registry.npmjs.org/pg-protocol cache-miss
168 http cache https://registry.npmjs.org/cookie-signature 46ms (cache hit)
169 silly packumentCache full:https://registry.npmjs.org/cookie-signature set size:21777 disposed:false
170 silly fetch manifest buffer-writer@2.0.0
171 silly packumentCache full:https://registry.npmjs.org/buffer-writer cache-miss
172 http cache https://registry.npmjs.org/merge-descriptors 44ms (cache hit)
173 silly packumentCache full:https://registry.npmjs.org/merge-descriptors set size:16527 disposed:false
174 silly fetch manifest packet-reader@1.0.0
175 silly packumentCache full:https://registry.npmjs.org/packet-reader cache-miss
176 http cache https://registry.npmjs.org/content-disposition 91ms (cache hit)
177 silly packumentCache full:https://registry.npmjs.org/content-disposition set size:26893 disposed:false
178 silly fetch manifest pg-connection-string@^2.6.2
179 silly packumentCache full:https://registry.npmjs.org/pg-connection-string cache-miss
180 http cache https://registry.npmjs.org/pgpass 95ms (cache hit)
181 silly packumentCache full:https://registry.npmjs.org/pgpass set size:26739 disposed:false
182 silly fetch manifest pg-cloudflare@^1.1.1
183 silly packumentCache full:https://registry.npmjs.org/pg-cloudflare cache-miss
184 http cache https://registry.npmjs.org/pg-types 87ms (cache hit)
185 silly packumentCache full:https://registry.npmjs.org/pg-types set size:51397 disposed:false
186 silly fetch manifest @types/debug@^4.1.8
187 silly packumentCache full:https://registry.npmjs.org/@types%2fdebug cache-miss
188 http cache https://registry.npmjs.org/pg-pool 99ms (cache hit)
189 silly packumentCache full:https://registry.npmjs.org/pg-pool set size:125914 disposed:false
190 silly fetch manifest @types/validator@^13.7.17
191 silly packumentCache full:https://registry.npmjs.org/@types%2fvalidator cache-miss
192 http cache https://registry.npmjs.org/pg-protocol 93ms (cache hit)
193 silly packumentCache full:https://registry.npmjs.org/pg-protocol set size:45835 disposed:false
194 silly fetch manifest debug@^4.3.4
195 silly packumentCache full:https://registry.npmjs.org/debug cache-hit
196 silly fetch manifest dottie@^2.0.6
197 silly packumentCache full:https://registry.npmjs.org/dottie cache-miss
198 http cache https://registry.npmjs.org/pg-cloudflare 30ms (cache hit)
199 silly packumentCache full:https://registry.npmjs.org/pg-cloudflare set size:19109 disposed:false
200 silly fetch manifest inflection@^1.13.4
201 silly packumentCache full:https://registry.npmjs.org/inflection cache-miss
202 http cache https://registry.npmjs.org/pg-connection-string 40ms (cache hit)
203 silly packumentCache full:https://registry.npmjs.org/pg-connection-string set size:65300 disposed:false
204 silly fetch manifest lodash@^4.17.21
205 silly packumentCache full:https://registry.npmjs.org/lodash cache-miss
206 http cache https://registry.npmjs.org/@types%2fdebug 32ms (cache hit)
207 silly packumentCache full:https://registry.npmjs.org/@types%2fdebug set size:51351 disposed:false
208 silly fetch manifest moment@^2.29.4
209 silly packumentCache full:https://registry.npmjs.org/moment cache-miss
210 http cache https://registry.npmjs.org/@types%2fvalidator 31ms (cache hit)
211 silly packumentCache full:https://registry.npmjs.org/@types%2fvalidator set size:221038 disposed:false
212 silly fetch manifest moment-timezone@^0.5.43
213 silly packumentCache full:https://registry.npmjs.org/moment-timezone cache-miss
214 http cache https://registry.npmjs.org/dottie 28ms (cache hit)
215 silly packumentCache full:https://registry.npmjs.org/dottie set size:37151 disposed:false
216 silly fetch manifest pg-connection-string@^2.6.1
217 silly packumentCache full:https://registry.npmjs.org/pg-connection-string cache-hit
218 silly fetch manifest retry-as-promised@^7.0.4
219 silly packumentCache full:https://registry.npmjs.org/retry-as-promised cache-miss
220 http cache https://registry.npmjs.org/lodash 26ms (cache hit)
221 silly packumentCache full:https://registry.npmjs.org/lodash set size:242454 disposed:false
222 silly fetch manifest semver@^7.5.4
223 silly packumentCache full:https://registry.npmjs.org/semver cache-miss
224 http cache https://registry.npmjs.org/inflection 38ms (cache hit)
225 silly packumentCache full:https://registry.npmjs.org/inflection set size:110389 disposed:false
226 silly fetch manifest sequelize-pool@^7.1.0
227 silly packumentCache full:https://registry.npmjs.org/sequelize-pool cache-miss
228 http cache https://registry.npmjs.org/moment-timezone 29ms (cache hit)
229 silly packumentCache full:https://registry.npmjs.org/moment-timezone set size:159913 disposed:false
230 silly fetch manifest toposort-class@^1.0.1
231 silly packumentCache full:https://registry.npmjs.org/toposort-class cache-miss
232 http cache https://registry.npmjs.org/moment 43ms (cache hit)
233 silly packumentCache full:https://registry.npmjs.org/moment set size:241531 disposed:false
234 silly fetch manifest uuid@^8.3.2
235 silly packumentCache full:https://registry.npmjs.org/uuid cache-miss
236 http cache https://registry.npmjs.org/retry-as-promised 48ms (cache hit)
237 silly packumentCache full:https://registry.npmjs.org/retry-as-promised set size:58922 disposed:false
238 silly fetch manifest validator@^13.9.0
239 silly packumentCache full:https://registry.npmjs.org/validator cache-miss
240 http cache https://registry.npmjs.org/semver 43ms (cache hit)
241 silly packumentCache full:https://registry.npmjs.org/semver set size:226907 disposed:false
242 silly fetch manifest wkx@^0.5.0
243 silly packumentCache full:https://registry.npmjs.org/wkx cache-miss
244 http cache https://registry.npmjs.org/toposort-class 38ms (cache hit)
245 silly packumentCache full:https://registry.npmjs.org/toposort-class set size:18183 disposed:false
246 http cache https://registry.npmjs.org/sequelize-pool 47ms (cache hit)
247 silly packumentCache full:https://registry.npmjs.org/sequelize-pool set size:54660 disposed:false
248 http cache https://registry.npmjs.org/uuid 34ms (cache hit)
249 silly packumentCache full:https://registry.npmjs.org/uuid set size:224608 disposed:false
250 http cache https://registry.npmjs.org/wkx 21ms (cache hit)
251 silly packumentCache full:https://registry.npmjs.org/wkx set size:40998 disposed:false
252 http cache https://registry.npmjs.org/validator 33ms (cache hit)
253 silly packumentCache full:https://registry.npmjs.org/validator set size:462844 disposed:false
254 http fetch GET 200 https://registry.npmjs.org/packet-reader 417ms (cache miss)
255 silly packumentCache full:https://registry.npmjs.org/packet-reader set size:undefined disposed:false
256 http fetch GET 200 https://registry.npmjs.org/buffer-writer 1051ms (cache miss)
257 silly packumentCache full:https://registry.npmjs.org/buffer-writer set size:undefined disposed:false
258 silly placeDep ROOT jake@10.9.4 OK for: ejs@3.1.9 want: ^10.8.5
259 silly fetch manifest async@^3.2.6
260 silly packumentCache full:https://registry.npmjs.org/async cache-miss
261 silly fetch manifest filelist@^1.0.4
262 silly packumentCache full:https://registry.npmjs.org/filelist cache-miss
263 silly fetch manifest picocolors@^1.1.1
264 silly packumentCache full:https://registry.npmjs.org/picocolors cache-miss
265 http cache https://registry.npmjs.org/filelist 11ms (cache hit)
266 silly packumentCache full:https://registry.npmjs.org/filelist set size:18726 disposed:false
267 http cache https://registry.npmjs.org/picocolors 13ms (cache hit)
268 silly packumentCache full:https://registry.npmjs.org/picocolors set size:16648 disposed:false
269 http cache https://registry.npmjs.org/async 16ms (cache hit)
270 silly packumentCache full:https://registry.npmjs.org/async set size:230496 disposed:false
271 silly placeDep ROOT accepts@1.3.8 OK for: express@4.18.2 want: ~1.3.8
272 silly placeDep ROOT array-flatten@1.1.1 OK for: express@4.18.2 want: 1.1.1
273 silly placeDep ROOT body-parser@1.20.1 OK for: express@4.18.2 want: 1.20.1
274 silly placeDep ROOT content-disposition@0.5.4 OK for: express@4.18.2 want: 0.5.4
275 silly placeDep ROOT content-type@1.0.5 OK for: express@4.18.2 want: ~1.0.4
276 silly placeDep ROOT cookie@0.5.0 OK for: express@4.18.2 want: 0.5.0
277 silly placeDep ROOT cookie-signature@1.0.6 OK for: express@4.18.2 want: 1.0.6
278 silly placeDep ROOT debug@2.6.9 OK for: express@4.18.2 want: 2.6.9
279 silly placeDep ROOT depd@2.0.0 OK for: express@4.18.2 want: 2.0.0
280 silly placeDep ROOT encodeurl@1.0.2 OK for: express@4.18.2 want: ~1.0.2
281 silly placeDep ROOT escape-html@1.0.3 OK for: express@4.18.2 want: ~1.0.3
282 silly placeDep ROOT etag@1.8.1 OK for: express@4.18.2 want: ~1.8.1
283 silly placeDep ROOT finalhandler@1.2.0 OK for: express@4.18.2 want: 1.2.0
284 silly placeDep ROOT fresh@0.5.2 OK for: express@4.18.2 want: 0.5.2
285 silly placeDep ROOT http-errors@2.0.0 OK for: express@4.18.2 want: 2.0.0
286 silly placeDep ROOT merge-descriptors@1.0.1 OK for: express@4.18.2 want: 1.0.1
287 silly placeDep ROOT methods@1.1.2 OK for: express@4.18.2 want: ~1.1.2
288 silly placeDep ROOT on-finished@2.4.1 OK for: express@4.18.2 want: 2.4.1
289 silly placeDep ROOT parseurl@1.3.3 OK for: express@4.18.2 want: ~1.3.3
290 silly placeDep ROOT path-to-regexp@0.1.7 OK for: express@4.18.2 want: 0.1.7
291 silly placeDep ROOT proxy-addr@2.0.7 OK for: express@4.18.2 want: ~2.0.7
292 silly placeDep ROOT qs@6.11.0 OK for: express@4.18.2 want: 6.11.0
293 silly placeDep ROOT range-parser@1.2.1 OK for: express@4.18.2 want: ~1.2.1
294 silly placeDep ROOT safe-buffer@5.2.1 OK for: express@4.18.2 want: 5.2.1
295 silly placeDep ROOT send@0.18.0 OK for: express@4.18.2 want: 0.18.0
296 silly placeDep ROOT serve-static@1.15.0 OK for: express@4.18.2 want: 1.15.0
297 silly placeDep ROOT setprototypeof@1.2.0 OK for: express@4.18.2 want: 1.2.0
298 silly placeDep ROOT statuses@2.0.1 OK for: express@4.18.2 want: 2.0.1
299 silly placeDep ROOT type-is@1.6.18 OK for: express@4.18.2 want: ~1.6.18
300 silly placeDep ROOT utils-merge@1.0.1 OK for: express@4.18.2 want: 1.0.1
301 silly placeDep ROOT vary@1.1.2 OK for: express@4.18.2 want: ~1.1.2
302 silly fetch manifest mime-types@~2.1.34
303 silly packumentCache full:https://registry.npmjs.org/mime-types cache-miss
304 silly fetch manifest negotiator@0.6.3
305 silly packumentCache full:https://registry.npmjs.org/negotiator cache-miss
306 silly fetch manifest bytes@3.1.2
307 silly packumentCache full:https://registry.npmjs.org/bytes cache-miss
308 silly fetch manifest unpipe@1.0.0
309 silly packumentCache full:https://registry.npmjs.org/unpipe cache-miss
310 silly fetch manifest destroy@1.2.0
311 silly packumentCache full:https://registry.npmjs.org/destroy cache-miss
312 silly fetch manifest raw-body@2.5.1
313 silly packumentCache full:https://registry.npmjs.org/raw-body cache-miss
314 silly fetch manifest iconv-lite@0.4.24
315 silly packumentCache full:https://registry.npmjs.org/iconv-lite cache-miss
316 http cache https://registry.npmjs.org/negotiator 32ms (cache hit)
317 silly packumentCache full:https://registry.npmjs.org/negotiator set size:48046 disposed:false
318 silly fetch manifest ms@2.0.0
319 silly packumentCache full:https://registry.npmjs.org/ms cache-miss
320 http cache https://registry.npmjs.org/mime-types 39ms (cache hit)
321 silly packumentCache full:https://registry.npmjs.org/mime-types set size:136716 disposed:false
322 silly fetch manifest unpipe@~1.0.0
323 silly packumentCache full:https://registry.npmjs.org/unpipe cache-miss
324 http cache https://registry.npmjs.org/unpipe 43ms (cache hit)
325 silly packumentCache full:https://registry.npmjs.org/unpipe set size:3537 disposed:false
326 silly fetch manifest inherits@2.0.4
327 silly packumentCache full:https://registry.npmjs.org/inherits cache-miss
328 http cache https://registry.npmjs.org/bytes 48ms (cache hit)
329 silly packumentCache full:https://registry.npmjs.org/bytes set size:37018 disposed:false
330 silly fetch manifest toidentifier@1.0.1
331 silly packumentCache full:https://registry.npmjs.org/toidentifier cache-miss
332 http cache https://registry.npmjs.org/destroy 50ms (cache hit)
333 silly packumentCache full:https://registry.npmjs.org/destroy set size:15683 disposed:false
334 silly fetch manifest ee-first@1.1.1
335 silly packumentCache full:https://registry.npmjs.org/ee-first cache-miss
336 http cache https://registry.npmjs.org/raw-body 60ms (cache hit)
337 silly packumentCache full:https://registry.npmjs.org/raw-body set size:111234 disposed:false
338 silly fetch manifest forwarded@0.2.0
339 silly packumentCache full:https://registry.npmjs.org/forwarded cache-miss
340 http cache https://registry.npmjs.org/iconv-lite 65ms (cache hit)
341 silly packumentCache full:https://registry.npmjs.org/iconv-lite set size:118890 disposed:false
342 silly fetch manifest ipaddr.js@1.9.1
343 silly packumentCache full:https://registry.npmjs.org/ipaddr.js cache-miss
344 http cache https://registry.npmjs.org/ms 53ms (cache hit)
345 silly packumentCache full:https://registry.npmjs.org/ms set size:92208 disposed:false
346 silly fetch manifest side-channel@^1.0.4
347 silly packumentCache full:https://registry.npmjs.org/side-channel cache-miss
348 http cache https://registry.npmjs.org/inherits 47ms (cache hit)
349 silly packumentCache full:https://registry.npmjs.org/inherits set size:12925 disposed:false
350 silly fetch manifest ms@2.1.3
351 silly packumentCache full:https://registry.npmjs.org/ms cache-hit
352 silly fetch manifest mime@1.6.0
353 silly packumentCache full:https://registry.npmjs.org/mime cache-miss
354 http cache https://registry.npmjs.org/ipaddr.js 24ms (cache hit)
355 silly packumentCache full:https://registry.npmjs.org/ipaddr.js set size:65942 disposed:false
356 silly fetch manifest mime-types@~2.1.24
357 silly packumentCache full:https://registry.npmjs.org/mime-types cache-hit
358 silly fetch manifest media-typer@0.3.0
359 silly packumentCache full:https://registry.npmjs.org/media-typer cache-miss
360 http cache https://registry.npmjs.org/toidentifier 53ms (cache hit)
361 silly packumentCache full:https://registry.npmjs.org/toidentifier set size:12006 disposed:false
362 http cache https://registry.npmjs.org/ee-first 51ms (cache hit)
363 silly packumentCache full:https://registry.npmjs.org/ee-first set size:15327 disposed:false
364 http cache https://registry.npmjs.org/unpipe 65ms (cache hit)
365 silly packumentCache full:https://registry.npmjs.org/unpipe set size:3537 disposed:false
366 silly packumentCache full:https://registry.npmjs.org/unpipe dispose
367 http cache https://registry.npmjs.org/forwarded 40ms (cache hit)
368 silly packumentCache full:https://registry.npmjs.org/forwarded set size:11229 disposed:false
369 http cache https://registry.npmjs.org/mime 21ms (cache hit)
370 silly packumentCache full:https://registry.npmjs.org/mime set size:119236 disposed:false
371 http cache https://registry.npmjs.org/media-typer 19ms (cache hit)
372 silly packumentCache full:https://registry.npmjs.org/media-typer set size:20873 disposed:false
373 http cache https://registry.npmjs.org/side-channel 32ms (cache hit)
374 silly packumentCache full:https://registry.npmjs.org/side-channel set size:24660 disposed:false
375 silly placeDep ROOT mime-types@2.1.35 OK for: accepts@1.3.8 want: ~2.1.34
376 silly placeDep ROOT negotiator@0.6.3 OK for: accepts@1.3.8 want: 0.6.3
377 silly fetch manifest mime-db@1.52.0
378 silly packumentCache full:https://registry.npmjs.org/mime-db cache-miss
379 http cache https://registry.npmjs.org/mime-db 7ms (cache hit)
380 silly packumentCache full:https://registry.npmjs.org/mime-db set size:164953 disposed:false
381 silly placeDep ROOT bytes@3.1.2 OK for: body-parser@1.20.1 want: 3.1.2
382 silly placeDep ROOT destroy@1.2.0 OK for: body-parser@1.20.1 want: 1.2.0
383 silly placeDep ROOT iconv-lite@0.4.24 OK for: body-parser@1.20.1 want: 0.4.24
384 silly placeDep ROOT raw-body@2.5.1 OK for: body-parser@1.20.1 want: 2.5.1
385 silly placeDep ROOT unpipe@1.0.0 OK for: body-parser@1.20.1 want: 1.0.0
386 silly fetch manifest safer-buffer@>= 2.1.2 < 3
387 silly packumentCache full:https://registry.npmjs.org/safer-buffer cache-miss
388 http cache https://registry.npmjs.org/safer-buffer 8ms (cache hit)
389 silly packumentCache full:https://registry.npmjs.org/safer-buffer set size:18521 disposed:false
390 silly placeDep ROOT ms@2.0.0 OK for: debug@2.6.9 want: 2.0.0
391 silly placeDep ROOT inherits@2.0.4 OK for: http-errors@2.0.0 want: 2.0.4
392 silly placeDep ROOT toidentifier@1.0.1 OK for: http-errors@2.0.0 want: 1.0.1
393 silly placeDep ROOT safer-buffer@2.1.2 OK for: iconv-lite@0.4.24 want: >= 2.1.2 < 3
394 silly placeDep ROOT async@3.2.6 OK for: jake@10.9.4 want: ^3.2.6
395 silly placeDep ROOT filelist@1.0.4 OK for: jake@10.9.4 want: ^1.0.4
396 silly placeDep ROOT picocolors@1.1.1 OK for: jake@10.9.4 want: ^1.1.1
397 silly fetch manifest minimatch@^5.0.1
398 silly packumentCache full:https://registry.npmjs.org/minimatch cache-miss
399 http cache https://registry.npmjs.org/minimatch 7ms (cache hit)
400 silly packumentCache full:https://registry.npmjs.org/minimatch set size:298903 disposed:false
401 silly placeDep ROOT minimatch@5.1.6 OK for: filelist@1.0.4 want: ^5.0.1
402 silly fetch manifest brace-expansion@^2.0.1
403 silly packumentCache full:https://registry.npmjs.org/brace-expansion cache-miss
404 http cache https://registry.npmjs.org/brace-expansion 7ms (cache hit)
405 silly packumentCache full:https://registry.npmjs.org/brace-expansion set size:46250 disposed:false
406 silly placeDep ROOT mime-db@1.52.0 OK for: mime-types@2.1.35 want: 1.52.0
407 silly placeDep ROOT brace-expansion@2.0.2 OK for: minimatch@5.1.6 want: ^2.0.1
408 silly fetch manifest balanced-match@^1.0.0
409 silly packumentCache full:https://registry.npmjs.org/balanced-match cache-miss
410 http cache https://registry.npmjs.org/balanced-match 5ms (cache hit)
411 silly packumentCache full:https://registry.npmjs.org/balanced-match set size:33860 disposed:false
412 silly placeDep ROOT balanced-match@1.0.2 OK for: brace-expansion@2.0.2 want: ^1.0.0
413 silly placeDep ROOT ee-first@1.1.1 OK for: on-finished@2.4.1 want: 1.1.1
414 silly fetch manifest pg@>=8.0
415 silly packumentCache full:https://registry.npmjs.org/pg cache-hit
416 silly placeDep ROOT buffer-writer@2.0.0 OK for: pg@8.11.3 want: 2.0.0
417 silly placeDep ROOT packet-reader@1.0.0 OK for: pg@8.11.3 want: 1.0.0
418 silly placeDep ROOT pg-cloudflare@1.2.7 OK for: pg@8.11.3 want: ^1.1.1
419 silly placeDep ROOT pg-connection-string@2.9.1 OK for: pg@8.11.3 want: ^2.6.2
420 silly placeDep ROOT pg-pool@3.10.1 OK for: pg@8.11.3 want: ^3.6.1
421 silly placeDep ROOT pg-protocol@1.10.3 OK for: pg@8.11.3 want: ^1.6.0
422 silly placeDep ROOT pg-types@2.2.0 OK for: pg@8.11.3 want: ^2.1.0
423 silly placeDep ROOT pgpass@1.0.5 OK for: pg@8.11.3 want: 1.x
424 silly fetch manifest pg-int8@1.0.1
425 silly packumentCache full:https://registry.npmjs.org/pg-int8 cache-miss
426 silly fetch manifest postgres-date@~1.0.4
427 silly packumentCache full:https://registry.npmjs.org/postgres-date cache-miss
428 silly fetch manifest postgres-array@~2.0.0
429 silly packumentCache full:https://registry.npmjs.org/postgres-array cache-miss
430 silly fetch manifest postgres-bytea@~1.0.0
431 silly packumentCache full:https://registry.npmjs.org/postgres-bytea cache-miss
432 silly fetch manifest postgres-interval@^1.1.0
433 silly packumentCache full:https://registry.npmjs.org/postgres-interval cache-miss
434 silly fetch manifest split2@^4.1.0
435 silly packumentCache full:https://registry.npmjs.org/split2 cache-miss
436 http cache https://registry.npmjs.org/pg-int8 18ms (cache hit)
437 silly packumentCache full:https://registry.npmjs.org/pg-int8 set size:3652 disposed:false
438 http cache https://registry.npmjs.org/postgres-array 19ms (cache hit)
439 silly packumentCache full:https://registry.npmjs.org/postgres-array set size:21967 disposed:false
440 http cache https://registry.npmjs.org/postgres-date 21ms (cache hit)
441 silly packumentCache full:https://registry.npmjs.org/postgres-date set size:27126 disposed:false
442 http cache https://registry.npmjs.org/postgres-interval 21ms (cache hit)
443 silly packumentCache full:https://registry.npmjs.org/postgres-interval set size:30514 disposed:false
444 http cache https://registry.npmjs.org/postgres-bytea 25ms (cache hit)
445 silly packumentCache full:https://registry.npmjs.org/postgres-bytea set size:9897 disposed:false
446 http cache https://registry.npmjs.org/split2 25ms (cache hit)
447 silly packumentCache full:https://registry.npmjs.org/split2 set size:47438 disposed:false
448 silly placeDep ROOT pg-int8@1.0.1 OK for: pg-types@2.2.0 want: 1.0.1
449 silly placeDep ROOT postgres-array@2.0.0 OK for: pg-types@2.2.0 want: ~2.0.0
450 silly placeDep ROOT postgres-bytea@1.0.0 OK for: pg-types@2.2.0 want: ~1.0.0
451 silly placeDep ROOT postgres-date@1.0.7 OK for: pg-types@2.2.0 want: ~1.0.4
452 silly placeDep ROOT postgres-interval@1.2.0 OK for: pg-types@2.2.0 want: ^1.1.0
453 silly fetch manifest xtend@^4.0.0
454 silly packumentCache full:https://registry.npmjs.org/xtend cache-miss
455 http cache https://registry.npmjs.org/xtend 4ms (cache hit)
456 silly packumentCache full:https://registry.npmjs.org/xtend set size:28314 disposed:false
457 silly placeDep ROOT split2@4.2.0 OK for: pgpass@1.0.5 want: ^4.1.0
458 silly placeDep ROOT xtend@4.0.2 OK for: postgres-interval@1.2.0 want: ^4.0.0
459 silly placeDep ROOT forwarded@0.2.0 OK for: proxy-addr@2.0.7 want: 0.2.0
460 silly placeDep ROOT ipaddr.js@1.9.1 OK for: proxy-addr@2.0.7 want: 1.9.1
461 silly placeDep ROOT side-channel@1.1.0 OK for: qs@6.11.0 want: ^1.0.4
462 silly fetch manifest es-errors@^1.3.0
463 silly packumentCache full:https://registry.npmjs.org/es-errors cache-miss
464 silly fetch manifest object-inspect@^1.13.3
465 silly packumentCache full:https://registry.npmjs.org/object-inspect cache-miss
466 silly fetch manifest side-channel-list@^1.0.0
467 silly packumentCache full:https://registry.npmjs.org/side-channel-list cache-miss
468 silly fetch manifest side-channel-map@^1.0.1
469 silly packumentCache full:https://registry.npmjs.org/side-channel-map cache-miss
470 silly fetch manifest side-channel-weakmap@^1.0.2
471 silly packumentCache full:https://registry.npmjs.org/side-channel-weakmap cache-miss
472 http cache https://registry.npmjs.org/es-errors 16ms (cache hit)
473 silly packumentCache full:https://registry.npmjs.org/es-errors set size:16918 disposed:false
474 http cache https://registry.npmjs.org/side-channel-list 18ms (cache hit)
475 silly packumentCache full:https://registry.npmjs.org/side-channel-list set size:6005 disposed:false
476 http cache https://registry.npmjs.org/object-inspect 19ms (cache hit)
477 silly packumentCache full:https://registry.npmjs.org/object-inspect set size:101912 disposed:false
478 http cache https://registry.npmjs.org/side-channel-map 23ms (cache hit)
479 silly packumentCache full:https://registry.npmjs.org/side-channel-map set size:9126 disposed:false
480 http cache https://registry.npmjs.org/side-channel-weakmap 24ms (cache hit)
481 silly packumentCache full:https://registry.npmjs.org/side-channel-weakmap set size:12620 disposed:false
482 silly placeDep ROOT mime@1.6.0 OK for: send@0.18.0 want: 1.6.0
483 silly placeDep node_modules/send ms@2.1.3 OK for: send@0.18.0 want: 2.1.3
484 silly placeDep ROOT @types/debug@4.1.12 OK for: sequelize@6.37.7 want: ^4.1.8
485 silly placeDep ROOT @types/validator@13.15.3 OK for: sequelize@6.37.7 want: ^13.7.17
486 silly placeDep node_modules/sequelize debug@4.4.3 OK for: sequelize@6.37.7 want: ^4.3.4
487 silly placeDep ROOT dottie@2.0.6 OK for: sequelize@6.37.7 want: ^2.0.6
488 silly placeDep ROOT inflection@1.13.4 OK for: sequelize@6.37.7 want: ^1.13.4
489 silly placeDep ROOT lodash@4.17.21 OK for: sequelize@6.37.7 want: ^4.17.21
490 silly placeDep ROOT moment@2.30.1 OK for: sequelize@6.37.7 want: ^2.29.4
491 silly placeDep ROOT moment-timezone@0.5.48 OK for: sequelize@6.37.7 want: ^0.5.43
492 silly placeDep ROOT retry-as-promised@7.1.1 OK for: sequelize@6.37.7 want: ^7.0.4
493 silly placeDep ROOT semver@7.7.3 OK for: sequelize@6.37.7 want: ^7.5.4
494 silly placeDep ROOT sequelize-pool@7.1.0 OK for: sequelize@6.37.7 want: ^7.1.0
495 silly placeDep ROOT toposort-class@1.0.1 OK for: sequelize@6.37.7 want: ^1.0.1
496 silly placeDep ROOT uuid@8.3.2 OK for: sequelize@6.37.7 want: ^8.3.2
497 silly placeDep ROOT validator@13.15.15 OK for: sequelize@6.37.7 want: ^13.9.0
498 silly placeDep ROOT wkx@0.5.0 OK for: sequelize@6.37.7 want: ^0.5.0
499 silly fetch manifest @types/ms@*
500 silly packumentCache full:https://registry.npmjs.org/@types%2fms cache-miss
501 silly fetch manifest ms@^2.1.3
502 silly packumentCache full:https://registry.npmjs.org/ms cache-hit
503 silly fetch manifest @types/node@*
504 silly packumentCache full:https://registry.npmjs.org/@types%2fnode cache-miss
505 http cache https://registry.npmjs.org/@types%2fms 9ms (cache hit)
506 silly packumentCache full:https://registry.npmjs.org/@types%2fms set size:24399 disposed:false
507 http cache https://registry.npmjs.org/@types%2fnode 39ms (cache hit)
508 silly packumentCache full:https://registry.npmjs.org/@types%2fnode set size:10650814 disposed:false
509 silly placeDep ROOT @types/ms@2.1.0 OK for: @types/debug@4.1.12 want: *
510 silly placeDep ROOT es-errors@1.3.0 OK for: side-channel@1.1.0 want: ^1.3.0
511 silly placeDep ROOT object-inspect@1.13.4 OK for: side-channel@1.1.0 want: ^1.13.3
512 silly placeDep ROOT side-channel-list@1.0.0 OK for: side-channel@1.1.0 want: ^1.0.0
513 silly placeDep ROOT side-channel-map@1.0.1 OK for: side-channel@1.1.0 want: ^1.0.1
514 silly placeDep ROOT side-channel-weakmap@1.0.2 OK for: side-channel@1.1.0 want: ^1.0.2
515 silly fetch manifest call-bound@^1.0.2
516 silly packumentCache full:https://registry.npmjs.org/call-bound cache-miss
517 silly fetch manifest get-intrinsic@^1.2.5
518 silly packumentCache full:https://registry.npmjs.org/get-intrinsic cache-miss
519 silly fetch manifest call-bound@^1.0.2
520 silly packumentCache full:https://registry.npmjs.org/call-bound cache-miss
521 silly fetch manifest get-intrinsic@^1.2.5
522 silly packumentCache full:https://registry.npmjs.org/get-intrinsic cache-miss
523 http cache https://registry.npmjs.org/get-intrinsic 14ms (cache hit)
524 silly packumentCache full:https://registry.npmjs.org/get-intrinsic set size:60985 disposed:false
525 http cache https://registry.npmjs.org/call-bound 18ms (cache hit)
526 silly packumentCache full:https://registry.npmjs.org/call-bound set size:15317 disposed:false
527 http cache https://registry.npmjs.org/get-intrinsic 17ms (cache hit)
528 silly packumentCache full:https://registry.npmjs.org/get-intrinsic set size:60985 disposed:false
529 silly packumentCache full:https://registry.npmjs.org/get-intrinsic dispose
530 http cache https://registry.npmjs.org/call-bound 21ms (cache hit)
531 silly packumentCache full:https://registry.npmjs.org/call-bound set size:15317 disposed:false
532 silly packumentCache full:https://registry.npmjs.org/call-bound dispose
533 silly placeDep ROOT call-bound@1.0.4 OK for: side-channel-map@1.0.1 want: ^1.0.2
534 silly placeDep ROOT get-intrinsic@1.3.0 OK for: side-channel-map@1.0.1 want: ^1.2.5
535 silly fetch manifest call-bind-apply-helpers@^1.0.2
536 silly packumentCache full:https://registry.npmjs.org/call-bind-apply-helpers cache-miss
537 silly fetch manifest get-intrinsic@^1.3.0
538 silly packumentCache full:https://registry.npmjs.org/get-intrinsic cache-hit
539 silly fetch manifest gopd@^1.2.0
540 silly packumentCache full:https://registry.npmjs.org/gopd cache-miss
541 silly fetch manifest hasown@^2.0.2
542 silly packumentCache full:https://registry.npmjs.org/hasown cache-miss
543 silly fetch manifest get-proto@^1.0.1
544 silly packumentCache full:https://registry.npmjs.org/get-proto cache-miss
545 silly fetch manifest has-symbols@^1.1.0
546 silly packumentCache full:https://registry.npmjs.org/has-symbols cache-miss
547 silly fetch manifest function-bind@^1.1.2
548 silly packumentCache full:https://registry.npmjs.org/function-bind cache-miss
549 silly fetch manifest es-object-atoms@^1.1.1
550 silly packumentCache full:https://registry.npmjs.org/es-object-atoms cache-miss
551 http cache https://registry.npmjs.org/call-bind-apply-helpers 29ms (cache hit)
552 silly packumentCache full:https://registry.npmjs.org/call-bind-apply-helpers set size:12744 disposed:false
553 silly fetch manifest math-intrinsics@^1.1.0
554 silly packumentCache full:https://registry.npmjs.org/math-intrinsics cache-miss
555 http cache https://registry.npmjs.org/gopd 30ms (cache hit)
556 silly packumentCache full:https://registry.npmjs.org/gopd set size:11458 disposed:false
557 silly fetch manifest es-define-property@^1.0.1
558 silly packumentCache full:https://registry.npmjs.org/es-define-property cache-miss
559 http cache https://registry.npmjs.org/hasown 32ms (cache hit)
560 silly packumentCache full:https://registry.npmjs.org/hasown set size:12476 disposed:false
561 http cache https://registry.npmjs.org/has-symbols 32ms (cache hit)
562 silly packumentCache full:https://registry.npmjs.org/has-symbols set size:21550 disposed:false
563 http cache https://registry.npmjs.org/get-proto 35ms (cache hit)
564 silly packumentCache full:https://registry.npmjs.org/get-proto set size:8300 disposed:false
565 http cache https://registry.npmjs.org/function-bind 35ms (cache hit)
566 silly packumentCache full:https://registry.npmjs.org/function-bind set size:15733 disposed:false
567 http cache https://registry.npmjs.org/es-object-atoms 33ms (cache hit)
568 silly packumentCache full:https://registry.npmjs.org/es-object-atoms set size:15304 disposed:false
569 http cache https://registry.npmjs.org/math-intrinsics 18ms (cache hit)
570 silly packumentCache full:https://registry.npmjs.org/math-intrinsics set size:9265 disposed:false
571 http cache https://registry.npmjs.org/es-define-property 17ms (cache hit)
572 silly packumentCache full:https://registry.npmjs.org/es-define-property set size:8542 disposed:false
573 silly placeDep ROOT call-bind-apply-helpers@1.0.2 OK for: call-bound@1.0.4 want: ^1.0.2
574 silly placeDep ROOT function-bind@1.1.2 OK for: call-bind-apply-helpers@1.0.2 want: ^1.1.2
575 silly placeDep ROOT es-define-property@1.0.1 OK for: get-intrinsic@1.3.0 want: ^1.0.1
576 silly placeDep ROOT es-object-atoms@1.1.1 OK for: get-intrinsic@1.3.0 want: ^1.1.1
577 silly placeDep ROOT get-proto@1.0.1 OK for: get-intrinsic@1.3.0 want: ^1.0.1
578 silly placeDep ROOT gopd@1.2.0 OK for: get-intrinsic@1.3.0 want: ^1.2.0
579 silly placeDep ROOT has-symbols@1.1.0 OK for: get-intrinsic@1.3.0 want: ^1.1.0
580 silly placeDep ROOT hasown@2.0.2 OK for: get-intrinsic@1.3.0 want: ^2.0.2
581 silly placeDep ROOT math-intrinsics@1.1.0 OK for: get-intrinsic@1.3.0 want: ^1.1.0
582 silly fetch manifest dunder-proto@^1.0.1
583 silly packumentCache full:https://registry.npmjs.org/dunder-proto cache-miss
584 http cache https://registry.npmjs.org/dunder-proto 8ms (cache hit)
585 silly packumentCache full:https://registry.npmjs.org/dunder-proto set size:8256 disposed:false
586 silly placeDep ROOT dunder-proto@1.0.1 OK for: get-proto@1.0.1 want: ^1.0.1
587 silly placeDep ROOT media-typer@0.3.0 OK for: type-is@1.6.18 want: 0.3.0
588 silly placeDep ROOT @types/node@24.8.1 OK for: wkx@0.5.0 want: *
589 silly fetch manifest undici-types@~7.14.0
590 silly packumentCache full:https://registry.npmjs.org/undici-types cache-miss
591 http cache https://registry.npmjs.org/undici-types 8ms (cache hit)
592 silly packumentCache full:https://registry.npmjs.org/undici-types set size:148959 disposed:false
593 silly placeDep ROOT undici-types@7.14.0 OK for: @types/node@24.8.1 want: ~7.14.0
594 silly placeDep node_modules/sequelize ms@2.1.3 OK for: debug@4.4.3 want: ^2.1.3
595 silly reify moves {}
596 silly audit bulk request {
596 silly audit   ejs: [ '3.1.9' ],
596 silly audit   express: [ '4.18.2' ],
596 silly audit   pg: [ '8.11.3' ],
596 silly audit   sequelize: [ '6.37.7' ],
596 silly audit   jake: [ '10.9.4' ],
596 silly audit   accepts: [ '1.3.8' ],
596 silly audit   'array-flatten': [ '1.1.1' ],
596 silly audit   'body-parser': [ '1.20.1' ],
596 silly audit   'content-disposition': [ '0.5.4' ],
596 silly audit   'content-type': [ '1.0.5' ],
596 silly audit   cookie: [ '0.5.0' ],
596 silly audit   'cookie-signature': [ '1.0.6' ],
596 silly audit   debug: [ '2.6.9', '4.4.3' ],
596 silly audit   depd: [ '2.0.0' ],
596 silly audit   encodeurl: [ '1.0.2' ],
596 silly audit   'escape-html': [ '1.0.3' ],
596 silly audit   etag: [ '1.8.1' ],
596 silly audit   finalhandler: [ '1.2.0' ],
596 silly audit   fresh: [ '0.5.2' ],
596 silly audit   'http-errors': [ '2.0.0' ],
596 silly audit   'merge-descriptors': [ '1.0.1' ],
596 silly audit   methods: [ '1.1.2' ],
596 silly audit   'on-finished': [ '2.4.1' ],
596 silly audit   parseurl: [ '1.3.3' ],
596 silly audit   'path-to-regexp': [ '0.1.7' ],
596 silly audit   'proxy-addr': [ '2.0.7' ],
596 silly audit   qs: [ '6.11.0' ],
596 silly audit   'range-parser': [ '1.2.1' ],
596 silly audit   'safe-buffer': [ '5.2.1' ],
596 silly audit   send: [ '0.18.0' ],
596 silly audit   'serve-static': [ '1.15.0' ],
596 silly audit   setprototypeof: [ '1.2.0' ],
596 silly audit   statuses: [ '2.0.1' ],
596 silly audit   'type-is': [ '1.6.18' ],
596 silly audit   'utils-merge': [ '1.0.1' ],
596 silly audit   vary: [ '1.1.2' ],
596 silly audit   'mime-types': [ '2.1.35' ],
596 silly audit   negotiator: [ '0.6.3' ],
596 silly audit   bytes: [ '3.1.2' ],
596 silly audit   destroy: [ '1.2.0' ],
596 silly audit   'iconv-lite': [ '0.4.24' ],
596 silly audit   'raw-body': [ '2.5.1' ],
596 silly audit   unpipe: [ '1.0.0' ],
596 silly audit   ms: [ '2.0.0', '2.1.3' ],
596 silly audit   inherits: [ '2.0.4' ],
596 silly audit   toidentifier: [ '1.0.1' ],
596 silly audit   'safer-buffer': [ '2.1.2' ],
596 silly audit   async: [ '3.2.6' ],
596 silly audit   filelist: [ '1.0.4' ],
596 silly audit   picocolors: [ '1.1.1' ],
596 silly audit   minimatch: [ '5.1.6' ],
596 silly audit   'mime-db': [ '1.52.0' ],
596 silly audit   'brace-expansion': [ '2.0.2' ],
596 silly audit   'balanced-match': [ '1.0.2' ],
596 silly audit   'ee-first': [ '1.1.1' ],
596 silly audit   'buffer-writer': [ '2.0.0' ],
596 silly audit   'packet-reader': [ '1.0.0' ],
596 silly audit   'pg-cloudflare': [ '1.2.7' ],
596 silly audit   'pg-connection-string': [ '2.9.1' ],
596 silly audit   'pg-pool': [ '3.10.1' ],
596 silly audit   'pg-protocol': [ '1.10.3' ],
596 silly audit   'pg-types': [ '2.2.0' ],
596 silly audit   pgpass: [ '1.0.5' ],
596 silly audit   'pg-int8': [ '1.0.1' ],
596 silly audit   'postgres-array': [ '2.0.0' ],
596 silly audit   'postgres-bytea': [ '1.0.0' ],
596 silly audit   'postgres-date': [ '1.0.7' ],
596 silly audit   'postgres-interval': [ '1.2.0' ],
596 silly audit   split2: [ '4.2.0' ],
596 silly audit   xtend: [ '4.0.2' ],
596 silly audit   forwarded: [ '0.2.0' ],
596 silly audit   'ipaddr.js': [ '1.9.1' ],
596 silly audit   'side-channel': [ '1.1.0' ],
596 silly audit   mime: [ '1.6.0' ],
596 silly audit   '@types/debug': [ '4.1.12' ],
596 silly audit   '@types/validator': [ '13.15.3' ],
596 silly audit   dottie: [ '2.0.6' ],
596 silly audit   inflection: [ '1.13.4' ],
596 silly audit   lodash: [ '4.17.21' ],
596 silly audit   moment: [ '2.30.1' ],
596 silly audit   'moment-timezone': [ '0.5.48' ],
596 silly audit   'retry-as-promised': [ '7.1.1' ],
596 silly audit   semver: [ '7.7.3' ],
596 silly audit   'sequelize-pool': [ '7.1.0' ],
596 silly audit   'toposort-class': [ '1.0.1' ],
596 silly audit   uuid: [ '8.3.2' ],
596 silly audit   validator: [ '13.15.15' ],
596 silly audit   wkx: [ '0.5.0' ],
596 silly audit   '@types/ms': [ '2.1.0' ],
596 silly audit   'es-errors': [ '1.3.0' ],
596 silly audit   'object-inspect': [ '1.13.4' ],
596 silly audit   'side-channel-list': [ '1.0.0' ],
596 silly audit   'side-channel-map': [ '1.0.1' ],
596 silly audit   'side-channel-weakmap': [ '1.0.2' ],
596 silly audit   'call-bound': [ '1.0.4' ],
596 silly audit   'get-intrinsic': [ '1.3.0' ],
596 silly audit   'call-bind-apply-helpers': [ '1.0.2' ],
596 silly audit   'function-bind': [ '1.1.2' ],
596 silly audit   'es-define-property': [ '1.0.1' ],
596 silly audit   'es-object-atoms': [ '1.1.1' ],
596 silly audit   'get-proto': [ '1.0.1' ],
596 silly audit   gopd: [ '1.2.0' ],
596 silly audit   'has-symbols': [ '1.1.0' ],
596 silly audit   hasown: [ '2.0.2' ],
596 silly audit   'math-intrinsics': [ '1.1.0' ],
596 silly audit   'dunder-proto': [ '1.0.1' ],
596 silly audit   'media-typer': [ '0.3.0' ],
596 silly audit   '@types/node': [ '24.8.1' ],
596 silly audit   'undici-types': [ '7.14.0' ]
596 silly audit }
597 http cache undici-types@https://registry.npmjs.org/undici-types/-/undici-types-7.14.0.tgz 0ms (cache hit)
598 http cache @types/node@https://registry.npmjs.org/@types/node/-/node-24.8.1.tgz 0ms (cache hit)
599 http cache media-typer@https://registry.npmjs.org/media-typer/-/media-typer-0.3.0.tgz 0ms (cache hit)
600 http cache dunder-proto@https://registry.npmjs.org/dunder-proto/-/dunder-proto-1.0.1.tgz 0ms (cache hit)
601 http cache math-intrinsics@https://registry.npmjs.org/math-intrinsics/-/math-intrinsics-1.1.0.tgz 0ms (cache hit)
602 http cache hasown@https://registry.npmjs.org/hasown/-/hasown-2.0.2.tgz 0ms (cache hit)
603 http cache has-symbols@https://registry.npmjs.org/has-symbols/-/has-symbols-1.1.0.tgz 0ms (cache hit)
604 http cache gopd@https://registry.npmjs.org/gopd/-/gopd-1.2.0.tgz 0ms (cache hit)
605 http cache get-proto@https://registry.npmjs.org/get-proto/-/get-proto-1.0.1.tgz 0ms (cache hit)
606 http cache es-object-atoms@https://registry.npmjs.org/es-object-atoms/-/es-object-atoms-1.1.1.tgz 0ms (cache hit)
607 http cache es-define-property@https://registry.npmjs.org/es-define-property/-/es-define-property-1.0.1.tgz 0ms (cache hit)
608 http cache function-bind@https://registry.npmjs.org/function-bind/-/function-bind-1.1.2.tgz 0ms (cache hit)
609 http cache call-bind-apply-helpers@https://registry.npmjs.org/call-bind-apply-helpers/-/call-bind-apply-helpers-1.0.2.tgz 0ms (cache hit)
610 http cache get-intrinsic@https://registry.npmjs.org/get-intrinsic/-/get-intrinsic-1.3.0.tgz 0ms (cache hit)
611 http cache call-bound@https://registry.npmjs.org/call-bound/-/call-bound-1.0.4.tgz 0ms (cache hit)
612 http cache side-channel-weakmap@https://registry.npmjs.org/side-channel-weakmap/-/side-channel-weakmap-1.0.2.tgz 0ms (cache hit)
613 http cache side-channel-map@https://registry.npmjs.org/side-channel-map/-/side-channel-map-1.0.1.tgz 0ms (cache hit)
614 http cache side-channel-list@https://registry.npmjs.org/side-channel-list/-/side-channel-list-1.0.0.tgz 0ms (cache hit)
615 http cache object-inspect@https://registry.npmjs.org/object-inspect/-/object-inspect-1.13.4.tgz 0ms (cache hit)
616 http cache es-errors@https://registry.npmjs.org/es-errors/-/es-errors-1.3.0.tgz 0ms (cache hit)
617 http cache @types/ms@https://registry.npmjs.org/@types/ms/-/ms-2.1.0.tgz 0ms (cache hit)
618 http cache wkx@https://registry.npmjs.org/wkx/-/wkx-0.5.0.tgz 0ms (cache hit)
619 http cache validator@https://registry.npmjs.org/validator/-/validator-13.15.15.tgz 1ms (cache hit)
620 http cache uuid@https://registry.npmjs.org/uuid/-/uuid-8.3.2.tgz 0ms (cache hit)
621 http cache toposort-class@https://registry.npmjs.org/toposort-class/-/toposort-class-1.0.1.tgz 0ms (cache hit)
622 http cache sequelize-pool@https://registry.npmjs.org/sequelize-pool/-/sequelize-pool-7.1.0.tgz 0ms (cache hit)
623 http cache semver@https://registry.npmjs.org/semver/-/semver-7.7.3.tgz 0ms (cache hit)
624 http cache retry-as-promised@https://registry.npmjs.org/retry-as-promised/-/retry-as-promised-7.1.1.tgz 0ms (cache hit)
625 http cache moment-timezone@https://registry.npmjs.org/moment-timezone/-/moment-timezone-0.5.48.tgz 0ms (cache hit)
626 http cache moment@https://registry.npmjs.org/moment/-/moment-2.30.1.tgz 0ms (cache hit)
627 http cache lodash@https://registry.npmjs.org/lodash/-/lodash-4.17.21.tgz 0ms (cache hit)
628 http cache inflection@https://registry.npmjs.org/inflection/-/inflection-1.13.4.tgz 0ms (cache hit)
629 http cache dottie@https://registry.npmjs.org/dottie/-/dottie-2.0.6.tgz 0ms (cache hit)
630 http cache @types/validator@https://registry.npmjs.org/@types/validator/-/validator-13.15.3.tgz 0ms (cache hit)
631 http cache @types/debug@https://registry.npmjs.org/@types/debug/-/debug-4.1.12.tgz 0ms (cache hit)
632 http cache mime@https://registry.npmjs.org/mime/-/mime-1.6.0.tgz 0ms (cache hit)
633 http cache side-channel@https://registry.npmjs.org/side-channel/-/side-channel-1.1.0.tgz 0ms (cache hit)
634 http cache ipaddr.js@https://registry.npmjs.org/ipaddr.js/-/ipaddr.js-1.9.1.tgz 0ms (cache hit)
635 http cache forwarded@https://registry.npmjs.org/forwarded/-/forwarded-0.2.0.tgz 0ms (cache hit)
636 http cache xtend@https://registry.npmjs.org/xtend/-/xtend-4.0.2.tgz 0ms (cache hit)
637 http cache split2@https://registry.npmjs.org/split2/-/split2-4.2.0.tgz 0ms (cache hit)
638 http cache postgres-interval@https://registry.npmjs.org/postgres-interval/-/postgres-interval-1.2.0.tgz 0ms (cache hit)
639 http cache postgres-date@https://registry.npmjs.org/postgres-date/-/postgres-date-1.0.7.tgz 0ms (cache hit)
640 http cache postgres-bytea@https://registry.npmjs.org/postgres-bytea/-/postgres-bytea-1.0.0.tgz 0ms (cache hit)
641 http cache postgres-array@https://registry.npmjs.org/postgres-array/-/postgres-array-2.0.0.tgz 0ms (cache hit)
642 http cache pg-int8@https://registry.npmjs.org/pg-int8/-/pg-int8-1.0.1.tgz 0ms (cache hit)
643 http cache pgpass@https://registry.npmjs.org/pgpass/-/pgpass-1.0.5.tgz 0ms (cache hit)
644 http cache pg-types@https://registry.npmjs.org/pg-types/-/pg-types-2.2.0.tgz 0ms (cache hit)
645 http cache pg-protocol@https://registry.npmjs.org/pg-protocol/-/pg-protocol-1.10.3.tgz 0ms (cache hit)
646 http cache pg-pool@https://registry.npmjs.org/pg-pool/-/pg-pool-3.10.1.tgz 0ms (cache hit)
647 http cache pg-connection-string@https://registry.npmjs.org/pg-connection-string/-/pg-connection-string-2.9.1.tgz 0ms (cache hit)
648 http cache pg-cloudflare@https://registry.npmjs.org/pg-cloudflare/-/pg-cloudflare-1.2.7.tgz 0ms (cache hit)
649 http cache packet-reader@https://registry.npmjs.org/packet-reader/-/packet-reader-1.0.0.tgz 0ms (cache hit)
650 http cache buffer-writer@https://registry.npmjs.org/buffer-writer/-/buffer-writer-2.0.0.tgz 0ms (cache hit)
651 http cache ee-first@https://registry.npmjs.org/ee-first/-/ee-first-1.1.1.tgz 0ms (cache hit)
652 http cache balanced-match@https://registry.npmjs.org/balanced-match/-/balanced-match-1.0.2.tgz 0ms (cache hit)
653 http cache brace-expansion@https://registry.npmjs.org/brace-expansion/-/brace-expansion-2.0.2.tgz 0ms (cache hit)
654 http cache mime-db@https://registry.npmjs.org/mime-db/-/mime-db-1.52.0.tgz 0ms (cache hit)
655 http cache minimatch@https://registry.npmjs.org/minimatch/-/minimatch-5.1.6.tgz 0ms (cache hit)
656 http cache picocolors@https://registry.npmjs.org/picocolors/-/picocolors-1.1.1.tgz 0ms (cache hit)
657 http cache filelist@https://registry.npmjs.org/filelist/-/filelist-1.0.4.tgz 0ms (cache hit)
658 http cache async@https://registry.npmjs.org/async/-/async-3.2.6.tgz 0ms (cache hit)
659 http cache safer-buffer@https://registry.npmjs.org/safer-buffer/-/safer-buffer-2.1.2.tgz 0ms (cache hit)
660 http cache toidentifier@https://registry.npmjs.org/toidentifier/-/toidentifier-1.0.1.tgz 0ms (cache hit)
661 http cache inherits@https://registry.npmjs.org/inherits/-/inherits-2.0.4.tgz 0ms (cache hit)
662 http cache ms@https://registry.npmjs.org/ms/-/ms-2.0.0.tgz 0ms (cache hit)
663 http cache unpipe@https://registry.npmjs.org/unpipe/-/unpipe-1.0.0.tgz 0ms (cache hit)
664 http cache raw-body@https://registry.npmjs.org/raw-body/-/raw-body-2.5.1.tgz 0ms (cache hit)
665 http cache iconv-lite@https://registry.npmjs.org/iconv-lite/-/iconv-lite-0.4.24.tgz 0ms (cache hit)
666 http cache destroy@https://registry.npmjs.org/destroy/-/destroy-1.2.0.tgz 0ms (cache hit)
667 http cache bytes@https://registry.npmjs.org/bytes/-/bytes-3.1.2.tgz 0ms (cache hit)
668 http cache negotiator@https://registry.npmjs.org/negotiator/-/negotiator-0.6.3.tgz 0ms (cache hit)
669 http cache mime-types@https://registry.npmjs.org/mime-types/-/mime-types-2.1.35.tgz 0ms (cache hit)
670 http cache vary@https://registry.npmjs.org/vary/-/vary-1.1.2.tgz 0ms (cache hit)
671 http cache utils-merge@https://registry.npmjs.org/utils-merge/-/utils-merge-1.0.1.tgz 0ms (cache hit)
672 http cache type-is@https://registry.npmjs.org/type-is/-/type-is-1.6.18.tgz 0ms (cache hit)
673 http cache statuses@https://registry.npmjs.org/statuses/-/statuses-2.0.1.tgz 0ms (cache hit)
674 http cache setprototypeof@https://registry.npmjs.org/setprototypeof/-/setprototypeof-1.2.0.tgz 0ms (cache hit)
675 http cache serve-static@https://registry.npmjs.org/serve-static/-/serve-static-1.15.0.tgz 0ms (cache hit)
676 http cache send@https://registry.npmjs.org/send/-/send-0.18.0.tgz 0ms (cache hit)
677 http cache safe-buffer@https://registry.npmjs.org/safe-buffer/-/safe-buffer-5.2.1.tgz 0ms (cache hit)
678 http cache range-parser@https://registry.npmjs.org/range-parser/-/range-parser-1.2.1.tgz 0ms (cache hit)
679 http cache qs@https://registry.npmjs.org/qs/-/qs-6.11.0.tgz 0ms (cache hit)
680 http cache proxy-addr@https://registry.npmjs.org/proxy-addr/-/proxy-addr-2.0.7.tgz 0ms (cache hit)
681 http cache path-to-regexp@https://registry.npmjs.org/path-to-regexp/-/path-to-regexp-0.1.7.tgz 0ms (cache hit)
682 http cache parseurl@https://registry.npmjs.org/parseurl/-/parseurl-1.3.3.tgz 0ms (cache hit)
683 http cache on-finished@https://registry.npmjs.org/on-finished/-/on-finished-2.4.1.tgz 0ms (cache hit)
684 http cache methods@https://registry.npmjs.org/methods/-/methods-1.1.2.tgz 0ms (cache hit)
685 http cache merge-descriptors@https://registry.npmjs.org/merge-descriptors/-/merge-descriptors-1.0.1.tgz 0ms (cache hit)
686 http cache http-errors@https://registry.npmjs.org/http-errors/-/http-errors-2.0.0.tgz 0ms (cache hit)
687 http cache fresh@https://registry.npmjs.org/fresh/-/fresh-0.5.2.tgz 0ms (cache hit)
688 http cache finalhandler@https://registry.npmjs.org/finalhandler/-/finalhandler-1.2.0.tgz 0ms (cache hit)
689 http cache etag@https://registry.npmjs.org/etag/-/etag-1.8.1.tgz 0ms (cache hit)
690 http cache escape-html@https://registry.npmjs.org/escape-html/-/escape-html-1.0.3.tgz 0ms (cache hit)
691 http cache encodeurl@https://registry.npmjs.org/encodeurl/-/encodeurl-1.0.2.tgz 0ms (cache hit)
692 http cache depd@https://registry.npmjs.org/depd/-/depd-2.0.0.tgz 0ms (cache hit)
693 http cache debug@https://registry.npmjs.org/debug/-/debug-2.6.9.tgz 0ms (cache hit)
694 http cache cookie-signature@https://registry.npmjs.org/cookie-signature/-/cookie-signature-1.0.6.tgz 0ms (cache hit)
695 http cache cookie@https://registry.npmjs.org/cookie/-/cookie-0.5.0.tgz 0ms (cache hit)
696 http cache content-type@https://registry.npmjs.org/content-type/-/content-type-1.0.5.tgz 0ms (cache hit)
697 http cache content-disposition@https://registry.npmjs.org/content-disposition/-/content-disposition-0.5.4.tgz 0ms (cache hit)
698 http cache body-parser@https://registry.npmjs.org/body-parser/-/body-parser-1.20.1.tgz 0ms (cache hit)
699 http cache array-flatten@https://registry.npmjs.org/array-flatten/-/array-flatten-1.1.1.tgz 0ms (cache hit)
700 http cache accepts@https://registry.npmjs.org/accepts/-/accepts-1.3.8.tgz 0ms (cache hit)
701 http cache jake@https://registry.npmjs.org/jake/-/jake-10.9.4.tgz 0ms (cache hit)
702 http cache sequelize@https://registry.npmjs.org/sequelize/-/sequelize-6.37.7.tgz 0ms (cache hit)
703 http cache pg@https://registry.npmjs.org/pg/-/pg-8.11.3.tgz 0ms (cache hit)
704 http cache express@https://registry.npmjs.org/express/-/express-4.18.2.tgz 0ms (cache hit)
705 http cache ejs@https://registry.npmjs.org/ejs/-/ejs-3.1.9.tgz 0ms (cache hit)
706 http cache ms@https://registry.npmjs.org/ms/-/ms-2.1.3.tgz 0ms (cache hit)
707 http cache debug@https://registry.npmjs.org/debug/-/debug-4.4.3.tgz 0ms (cache hit)
708 http cache ms@https://registry.npmjs.org/ms/-/ms-2.1.3.tgz 0ms (cache hit)
709 silly tarball no local data for packet-reader@https://registry.npmjs.org/packet-reader/-/packet-reader-1.0.0.tgz. Extracting by manifest.
710 silly tarball no local data for buffer-writer@https://registry.npmjs.org/buffer-writer/-/buffer-writer-2.0.0.tgz. Extracting by manifest.
711 silly tarball no local data for raw-body@https://registry.npmjs.org/raw-body/-/raw-body-2.5.1.tgz. Extracting by manifest.
712 silly tarball no local data for serve-static@https://registry.npmjs.org/serve-static/-/serve-static-1.15.0.tgz. Extracting by manifest.
713 silly tarball no local data for send@https://registry.npmjs.org/send/-/send-0.18.0.tgz. Extracting by manifest.
714 silly tarball no local data for qs@https://registry.npmjs.org/qs/-/qs-6.11.0.tgz. Extracting by manifest.
715 silly tarball no local data for path-to-regexp@https://registry.npmjs.org/path-to-regexp/-/path-to-regexp-0.1.7.tgz. Extracting by manifest.
716 silly tarball no local data for merge-descriptors@https://registry.npmjs.org/merge-descriptors/-/merge-descriptors-1.0.1.tgz. Extracting by manifest.
717 silly tarball no local data for finalhandler@https://registry.npmjs.org/finalhandler/-/finalhandler-1.2.0.tgz. Extracting by manifest.
718 silly tarball no local data for cookie@https://registry.npmjs.org/cookie/-/cookie-0.5.0.tgz. Extracting by manifest.
719 silly tarball no local data for body-parser@https://registry.npmjs.org/body-parser/-/body-parser-1.20.1.tgz. Extracting by manifest.
720 silly tarball no local data for pg@https://registry.npmjs.org/pg/-/pg-8.11.3.tgz. Extracting by manifest.
721 silly tarball no local data for express@https://registry.npmjs.org/express/-/express-4.18.2.tgz. Extracting by manifest.
722 silly tarball no local data for ejs@https://registry.npmjs.org/ejs/-/ejs-3.1.9.tgz. Extracting by manifest.
723 http fetch POST 200 https://registry.npmjs.org/-/npm/v1/security/advisories/bulk 521ms
724 silly audit report {
724 silly audit report   ejs: [
724 silly audit report     {
724 silly audit report       id: 1098366,
724 silly audit report       url: 'https://github.com/advisories/GHSA-ghr5-ch3p-vcr6',
724 silly audit report       title: 'ejs lacks certain pollution protection',
724 silly audit report       severity: 'moderate',
724 silly audit report       vulnerable_versions: '<3.1.10',
724 silly audit report       cwe: [Array],
724 silly audit report       cvss: [Object]
724 silly audit report     }
724 silly audit report   ],
724 silly audit report   express: [
724 silly audit report     {
724 silly audit report       id: 1100530,
724 silly audit report       url: 'https://github.com/advisories/GHSA-qw6h-vgh9-j6wx',
724 silly audit report       title: 'express vulnerable to XSS via response.redirect()',
724 silly audit report       severity: 'low',
724 silly audit report       vulnerable_versions: '<4.20.0',
724 silly audit report       cwe: [Array],
724 silly audit report       cvss: [Object]
724 silly audit report     },
724 silly audit report     {
724 silly audit report       id: 1096820,
724 silly audit report       url: 'https://github.com/advisories/GHSA-rv95-896h-c2vc',
724 silly audit report       title: 'Express.js Open Redirect in malformed URLs',
724 silly audit report       severity: 'moderate',
724 silly audit report       vulnerable_versions: '<4.19.2',
724 silly audit report       cwe: [Array],
724 silly audit report       cvss: [Object]
724 silly audit report     }
724 silly audit report   ],
724 silly audit report   'body-parser': [
724 silly audit report     {
724 silly audit report       id: 1099520,
724 silly audit report       url: 'https://github.com/advisories/GHSA-qwcr-r2fm-qrc7',
724 silly audit report       title: 'body-parser vulnerable to denial of service when url encoding is enabled',
724 silly audit report       severity: 'high',
724 silly audit report       vulnerable_versions: '<1.20.3',
724 silly audit report       cwe: [Array],
724 silly audit report       cvss: [Object]
724 silly audit report     }
724 silly audit report   ],
724 silly audit report   cookie: [
724 silly audit report     {
724 silly audit report       id: 1103907,
724 silly audit report       url: 'https://github.com/advisories/GHSA-pxg6-pf52-xh8x',
724 silly audit report       title: 'cookie accepts cookie name, path, and domain with out of bounds characters',
724 silly audit report       severity: 'low',
724 silly audit report       vulnerable_versions: '<0.7.0',
724 silly audit report       cwe: [Array],
724 silly audit report       cvss: [Object]
724 silly audit report     }
724 silly audit report   ],
724 silly audit report   'path-to-regexp': [
724 silly audit report     {
724 silly audit report       id: 1101850,
724 silly audit report       url: 'https://github.com/advisories/GHSA-9wv6-86v2-598j',
724 silly audit report       title: 'path-to-regexp outputs backtracking regular expressions',
724 silly audit report       severity: 'high',
724 silly audit report       vulnerable_versions: '<0.1.10',
724 silly audit report       cwe: [Array],
724 silly audit report       cvss: [Object]
724 silly audit report     },
724 silly audit report     {
724 silly audit report       id: 1105199,
724 silly audit report       url: 'https://github.com/advisories/GHSA-rhx6-c78j-4q9w',
724 silly audit report       title: 'path-to-regexp contains a ReDoS',
724 silly audit report       severity: 'high',
724 silly audit report       vulnerable_versions: '<0.1.12',
724 silly audit report       cwe: [Array],
724 silly audit report       cvss: [Object]
724 silly audit report     }
724 silly audit report   ],
724 silly audit report   send: [
724 silly audit report     {
724 silly audit report       id: 1100526,
724 silly audit report       url: 'https://github.com/advisories/GHSA-m6fv-jmcg-4jfg',
724 silly audit report       title: 'send vulnerable to template injection that can lead to XSS',
724 silly audit report       severity: 'low',
724 silly audit report       vulnerable_versions: '<0.19.0',
724 silly audit report       cwe: [Array],
724 silly audit report       cvss: [Object]
724 silly audit report     }
724 silly audit report   ],
724 silly audit report   'serve-static': [
724 silly audit report     {
724 silly audit report       id: 1100528,
724 silly audit report       url: 'https://github.com/advisories/GHSA-cm22-4g7w-348p',
724 silly audit report       title: 'serve-static vulnerable to template injection that can lead to XSS',
724 silly audit report       severity: 'low',
724 silly audit report       vulnerable_versions: '<1.16.0',
724 silly audit report       cwe: [Array],
724 silly audit report       cvss: [Object]
724 silly audit report     }
724 silly audit report   ],
724 silly audit report   validator: [
724 silly audit report     {
724 silly audit report       id: 1108959,
724 silly audit report       url: 'https://github.com/advisories/GHSA-9965-vmph-33xx',
724 silly audit report       title: 'validator.js has a URL validation bypass vulnerability in its isURL function',
724 silly audit report       severity: 'moderate',
724 silly audit report       vulnerable_versions: '<=13.15.15',
724 silly audit report       cwe: [Array],
724 silly audit report       cvss: [Object]
724 silly audit report     }
724 silly audit report   ]
724 silly audit report }
725 silly packumentCache corgi:https://registry.npmjs.org/ejs cache-miss
726 silly packumentCache corgi:https://registry.npmjs.org/express cache-miss
727 silly packumentCache corgi:https://registry.npmjs.org/body-parser cache-miss
728 silly packumentCache corgi:https://registry.npmjs.org/cookie cache-miss
729 silly packumentCache corgi:https://registry.npmjs.org/path-to-regexp cache-miss
730 silly packumentCache corgi:https://registry.npmjs.org/send cache-miss
731 silly packumentCache corgi:https://registry.npmjs.org/serve-static cache-miss
732 silly packumentCache corgi:https://registry.npmjs.org/validator cache-miss
733 http fetch GET 200 https://registry.npmjs.org/packet-reader/-/packet-reader-1.0.0.tgz 746ms (cache miss)
734 http cache https://registry.npmjs.org/validator 387ms (cache hit)
735 silly packumentCache corgi:https://registry.npmjs.org/validator set size:167952 disposed:false
736 http fetch GET 200 https://registry.npmjs.org/merge-descriptors/-/merge-descriptors-1.0.1.tgz 852ms (cache miss)
737 http fetch GET 200 https://registry.npmjs.org/finalhandler/-/finalhandler-1.2.0.tgz 914ms (cache miss)
738 http fetch GET 200 https://registry.npmjs.org/cookie/-/cookie-0.5.0.tgz 943ms (cache miss)
739 http fetch GET 200 https://registry.npmjs.org/buffer-writer/-/buffer-writer-2.0.0.tgz 979ms (cache miss)
740 http fetch GET 200 https://registry.npmjs.org/serve-static/-/serve-static-1.15.0.tgz 974ms (cache miss)
741 http fetch GET 200 https://registry.npmjs.org/send/-/send-0.18.0.tgz 979ms (cache miss)
742 http fetch GET 200 https://registry.npmjs.org/cookie 614ms (cache miss)
743 silly packumentCache corgi:https://registry.npmjs.org/cookie set size:undefined disposed:false
744 http fetch GET 200 https://registry.npmjs.org/path-to-regexp/-/path-to-regexp-0.1.7.tgz 1031ms (cache miss)
745 http fetch GET 200 https://registry.npmjs.org/serve-static 626ms (cache miss)
746 silly packumentCache corgi:https://registry.npmjs.org/serve-static set size:undefined disposed:false
747 http fetch GET 200 https://registry.npmjs.org/send 642ms (cache miss)
748 silly packumentCache corgi:https://registry.npmjs.org/send set size:undefined disposed:false
749 http fetch GET 200 https://registry.npmjs.org/raw-body/-/raw-body-2.5.1.tgz 1071ms (cache miss)
750 http fetch GET 200 https://registry.npmjs.org/body-parser/-/body-parser-1.20.1.tgz 1062ms (cache miss)
751 http fetch GET 200 https://registry.npmjs.org/path-to-regexp 665ms (cache miss)
752 silly packumentCache corgi:https://registry.npmjs.org/path-to-regexp set size:undefined disposed:false
753 http fetch GET 200 https://registry.npmjs.org/body-parser 672ms (cache miss)
754 silly packumentCache corgi:https://registry.npmjs.org/body-parser set size:undefined disposed:false
755 http fetch GET 200 https://registry.npmjs.org/ejs 681ms (cache miss)
756 silly packumentCache corgi:https://registry.npmjs.org/ejs set size:undefined disposed:false
757 http fetch GET 200 https://registry.npmjs.org/ejs/-/ejs-3.1.9.tgz 1127ms (cache miss)
758 http fetch GET 200 https://registry.npmjs.org/pg/-/pg-8.11.3.tgz 1136ms (cache miss)
759 http fetch GET 200 https://registry.npmjs.org/express 757ms (cache miss)
760 silly packumentCache corgi:https://registry.npmjs.org/express set size:undefined disposed:false
761 http fetch GET 200 https://registry.npmjs.org/qs/-/qs-6.11.0.tgz 1196ms (cache miss)
762 http fetch GET 200 https://registry.npmjs.org/express/-/express-4.18.2.tgz 1204ms (cache miss)
763 silly packumentCache corgi:https://registry.npmjs.org/sequelize cache-miss
764 http cache https://registry.npmjs.org/sequelize 30ms (cache hit)
765 silly packumentCache corgi:https://registry.npmjs.org/sequelize set size:1342524 disposed:false
766 silly ADD node_modules/undici-types
767 silly ADD node_modules/@types/node
768 silly ADD node_modules/media-typer
769 silly ADD node_modules/dunder-proto
770 silly ADD node_modules/math-intrinsics
771 silly ADD node_modules/hasown
772 silly ADD node_modules/has-symbols
773 silly ADD node_modules/gopd
774 silly ADD node_modules/get-proto
775 silly ADD node_modules/es-object-atoms
776 silly ADD node_modules/es-define-property
777 silly ADD node_modules/function-bind
778 silly ADD node_modules/call-bind-apply-helpers
779 silly ADD node_modules/get-intrinsic
780 silly ADD node_modules/call-bound
781 silly ADD node_modules/side-channel-weakmap
782 silly ADD node_modules/side-channel-map
783 silly ADD node_modules/side-channel-list
784 silly ADD node_modules/object-inspect
785 silly ADD node_modules/es-errors
786 silly ADD node_modules/@types/ms
787 silly ADD node_modules/wkx
788 silly ADD node_modules/validator
789 silly ADD node_modules/uuid
790 silly ADD node_modules/toposort-class
791 silly ADD node_modules/sequelize-pool
792 silly ADD node_modules/semver
793 silly ADD node_modules/retry-as-promised
794 silly ADD node_modules/moment-timezone
795 silly ADD node_modules/moment
796 silly ADD node_modules/lodash
797 silly ADD node_modules/inflection
798 silly ADD node_modules/dottie
799 silly ADD node_modules/@types/validator
800 silly ADD node_modules/@types/debug
801 silly ADD node_modules/mime
802 silly ADD node_modules/side-channel
803 silly ADD node_modules/ipaddr.js
804 silly ADD node_modules/forwarded
805 silly ADD node_modules/xtend
806 silly ADD node_modules/split2
807 silly ADD node_modules/postgres-interval
808 silly ADD node_modules/postgres-date
809 silly ADD node_modules/postgres-bytea
810 silly ADD node_modules/postgres-array
811 silly ADD node_modules/pg-int8
812 silly ADD node_modules/pgpass
813 silly ADD node_modules/pg-types
814 silly ADD node_modules/pg-protocol
815 silly ADD node_modules/pg-pool
816 silly ADD node_modules/pg-connection-string
817 silly ADD node_modules/pg-cloudflare
818 silly ADD node_modules/packet-reader
819 silly ADD node_modules/buffer-writer
820 silly ADD node_modules/ee-first
821 silly ADD node_modules/balanced-match
822 silly ADD node_modules/brace-expansion
823 silly ADD node_modules/mime-db
824 silly ADD node_modules/minimatch
825 silly ADD node_modules/picocolors
826 silly ADD node_modules/filelist
827 silly ADD node_modules/async
828 silly ADD node_modules/safer-buffer
829 silly ADD node_modules/toidentifier
830 silly ADD node_modules/inherits
831 silly ADD node_modules/ms
832 silly ADD node_modules/unpipe
833 silly ADD node_modules/raw-body
834 silly ADD node_modules/iconv-lite
835 silly ADD node_modules/destroy
836 silly ADD node_modules/bytes
837 silly ADD node_modules/negotiator
838 silly ADD node_modules/mime-types
839 silly ADD node_modules/vary
840 silly ADD node_modules/utils-merge
841 silly ADD node_modules/type-is
842 silly ADD node_modules/statuses
843 silly ADD node_modules/setprototypeof
844 silly ADD node_modules/serve-static
845 silly ADD node_modules/send
846 silly ADD node_modules/send/node_modules/ms
847 silly ADD node_modules/safe-buffer
848 silly ADD node_modules/range-parser
849 silly ADD node_modules/qs
850 silly ADD node_modules/proxy-addr
851 silly ADD node_modules/path-to-regexp
852 silly ADD node_modules/parseurl
853 silly ADD node_modules/on-finished
854 silly ADD node_modules/methods
855 silly ADD node_modules/merge-descriptors
856 silly ADD node_modules/http-errors
857 silly ADD node_modules/fresh
858 silly ADD node_modules/finalhandler
859 silly ADD node_modules/etag
860 silly ADD node_modules/escape-html
861 silly ADD node_modules/encodeurl
862 silly ADD node_modules/depd
863 silly ADD node_modules/debug
864 silly ADD node_modules/cookie-signature
865 silly ADD node_modules/cookie
866 silly ADD node_modules/content-type
867 silly ADD node_modules/content-disposition
868 silly ADD node_modules/body-parser
869 silly ADD node_modules/array-flatten
870 silly ADD node_modules/accepts
871 silly ADD node_modules/jake
872 silly ADD node_modules/sequelize
873 silly ADD node_modules/sequelize/node_modules/ms
874 silly ADD node_modules/sequelize/node_modules/debug
875 silly ADD node_modules/pg
876 silly ADD node_modules/express
877 silly ADD node_modules/ejs
878 verbose cwd /data/data/com.termux/files/home
879 verbose os Linux 5.4.289-qgki-g634a7f715748
880 verbose node v24.9.0
881 verbose npm  v11.6.0
882 verbose exit 0
883 info ok
