0 verbose cli /data/data/com.termux/files/usr/bin/node /data/data/com.termux/files/usr/bin/npm
1 info using npm@11.6.0
2 info using node@v24.9.0
3 silly config load:file:/data/data/com.termux/files/usr/lib/node_modules/npm/npmrc
4 silly config load:file:/data/data/com.termux/files/home/.npmrc
5 silly config load:file:/data/data/com.termux/files/usr/etc/npmrc
6 verbose title npm install express
7 verbose argv "install" "express"
8 verbose logfile logs-max:10 dir:/data/data/com.termux/files/home/.npm/_logs/2025-10-16T06_22_54_528Z-
9 verbose logfile /data/data/com.termux/files/home/.npm/_logs/2025-10-16T06_22_54_528Z-debug-0.log
10 silly logfile start cleaning logs, removing 1 files
11 silly packumentCache heap:1174405120 maxSize:293601280 maxEntrySize:146800640
12 silly logfile done cleaning log files
13 silly idealTree buildDeps
14 silly fetch manifest express@*
15 silly packumentCache full:https://registry.npmjs.org/express cache-miss
16 http fetch GET 200 https://registry.npmjs.org/express 342ms (cache revalidated)
17 silly packumentCache full:https://registry.npmjs.org/express set size:796286 disposed:false
18 silly placeDep ROOT express@5.1.0 OK for:  want: *
19 silly fetch manifest qs@^6.14.0
20 silly packumentCache full:https://registry.npmjs.org/qs cache-miss
21 silly fetch manifest etag@^1.8.1
22 silly packumentCache full:https://registry.npmjs.org/etag cache-miss
23 silly fetch manifest once@^1.4.0
24 silly packumentCache full:https://registry.npmjs.org/once cache-miss
25 silly fetch manifest send@^1.1.0
26 silly packumentCache full:https://registry.npmjs.org/send cache-miss
27 silly fetch manifest vary@^1.1.2
28 silly packumentCache full:https://registry.npmjs.org/vary cache-miss
29 silly fetch manifest debug@^4.4.0
30 silly packumentCache full:https://registry.npmjs.org/debug cache-miss
31 http fetch GET 200 https://registry.npmjs.org/qs 94ms (cache revalidated)
32 silly packumentCache full:https://registry.npmjs.org/qs set size:264677 disposed:false
33 silly fetch manifest fresh@^2.0.0
34 silly packumentCache full:https://registry.npmjs.org/fresh cache-miss
35 http fetch GET 200 https://registry.npmjs.org/fresh 96ms (cache revalidated)
36 silly packumentCache full:https://registry.npmjs.org/fresh set size:25427 disposed:false
37 silly fetch manifest cookie@^0.7.1
38 silly packumentCache full:https://registry.npmjs.org/cookie cache-miss
39 http fetch GET 200 https://registry.npmjs.org/once 216ms (cache revalidated)
40 silly packumentCache full:https://registry.npmjs.org/once set size:11768 disposed:false
41 silly fetch manifest router@^2.2.0
42 silly packumentCache full:https://registry.npmjs.org/router cache-miss
43 http fetch GET 200 https://registry.npmjs.org/send 220ms (cache revalidated)
44 silly packumentCache full:https://registry.npmjs.org/send set size:147586 disposed:false
45 silly fetch manifest accepts@^2.0.0
46 silly packumentCache full:https://registry.npmjs.org/accepts cache-miss
47 http fetch GET 200 https://registry.npmjs.org/vary 230ms (cache revalidated)
48 silly packumentCache full:https://registry.npmjs.org/vary set size:16018 disposed:false
49 silly fetch manifest type-is@^2.0.1
50 silly packumentCache full:https://registry.npmjs.org/type-is cache-miss
51 http fetch GET 200 https://registry.npmjs.org/debug 234ms (cache revalidated)
52 silly packumentCache full:https://registry.npmjs.org/debug set size:195840 disposed:false
53 silly fetch manifest parseurl@^1.3.3
54 silly packumentCache full:https://registry.npmjs.org/parseurl cache-miss
55 http fetch GET 200 https://registry.npmjs.org/etag 252ms (cache revalidated)
56 silly packumentCache full:https://registry.npmjs.org/etag set size:30032 disposed:false
57 silly fetch manifest statuses@^2.0.1
58 silly packumentCache full:https://registry.npmjs.org/statuses cache-miss
59 http fetch GET 200 https://registry.npmjs.org/cookie 104ms (cache revalidated)
60 silly packumentCache full:https://registry.npmjs.org/cookie set size:67180 disposed:false
61 silly fetch manifest encodeurl@^2.0.0
62 silly packumentCache full:https://registry.npmjs.org/encodeurl cache-miss
63 http fetch GET 200 https://registry.npmjs.org/router 101ms (cache miss)
64 silly packumentCache full:https://registry.npmjs.org/router set size:undefined disposed:false
65 silly fetch manifest mime-types@^3.0.0
66 silly packumentCache full:https://registry.npmjs.org/mime-types cache-miss
67 http fetch GET 200 https://registry.npmjs.org/statuses 83ms (cache revalidated)
68 silly packumentCache full:https://registry.npmjs.org/statuses set size:37117 disposed:false
69 silly fetch manifest proxy-addr@^2.0.7
70 silly packumentCache full:https://registry.npmjs.org/proxy-addr cache-miss
71 http fetch GET 200 https://registry.npmjs.org/type-is 106ms (cache revalidated)
72 silly packumentCache full:https://registry.npmjs.org/type-is set size:86196 disposed:false
73 silly fetch manifest body-parser@^2.2.0
74 silly packumentCache full:https://registry.npmjs.org/body-parser cache-miss
75 http fetch GET 200 https://registry.npmjs.org/parseurl 103ms (cache revalidated)
76 silly packumentCache full:https://registry.npmjs.org/parseurl set size:24148 disposed:false
77 silly fetch manifest escape-html@^1.0.3
78 silly packumentCache full:https://registry.npmjs.org/escape-html cache-miss
79 http fetch GET 200 https://registry.npmjs.org/accepts 126ms (cache revalidated)
80 silly packumentCache full:https://registry.npmjs.org/accepts set size:77054 disposed:false
81 silly fetch manifest http-errors@^2.0.0
82 silly packumentCache full:https://registry.npmjs.org/http-errors cache-miss
83 http fetch GET 200 https://registry.npmjs.org/encodeurl 106ms (cache revalidated)
84 silly packumentCache full:https://registry.npmjs.org/encodeurl set size:12296 disposed:false
85 silly fetch manifest on-finished@^2.4.1
86 silly packumentCache full:https://registry.npmjs.org/on-finished cache-miss
87 http fetch GET 200 https://registry.npmjs.org/mime-types 110ms (cache revalidated)
88 silly packumentCache full:https://registry.npmjs.org/mime-types set size:136716 disposed:false
89 silly fetch manifest content-type@^1.0.5
90 silly packumentCache full:https://registry.npmjs.org/content-type cache-miss
91 http fetch GET 200 https://registry.npmjs.org/escape-html 96ms (cache revalidated)
92 silly packumentCache full:https://registry.npmjs.org/escape-html set size:7345 disposed:false
93 silly fetch manifest finalhandler@^2.1.0
94 silly packumentCache full:https://registry.npmjs.org/finalhandler cache-miss
95 http fetch GET 200 https://registry.npmjs.org/body-parser 105ms (cache revalidated)
96 silly packumentCache full:https://registry.npmjs.org/body-parser set size:209520 disposed:false
97 silly fetch manifest range-parser@^1.2.1
98 silly packumentCache full:https://registry.npmjs.org/range-parser cache-miss
99 http fetch GET 200 https://registry.npmjs.org/proxy-addr 117ms (cache revalidated)
100 silly packumentCache full:https://registry.npmjs.org/proxy-addr set size:61619 disposed:false
101 silly fetch manifest serve-static@^2.2.0
102 silly packumentCache full:https://registry.npmjs.org/serve-static cache-miss
103 http fetch GET 200 https://registry.npmjs.org/http-errors 106ms (cache revalidated)
104 silly packumentCache full:https://registry.npmjs.org/http-errors set size:69537 disposed:false
105 silly fetch manifest cookie-signature@^1.2.1
106 silly packumentCache full:https://registry.npmjs.org/cookie-signature cache-miss
107 http fetch GET 200 https://registry.npmjs.org/content-type 88ms (cache revalidated)
108 silly packumentCache full:https://registry.npmjs.org/content-type set size:17311 disposed:false
109 silly fetch manifest merge-descriptors@^2.0.0
110 silly packumentCache full:https://registry.npmjs.org/merge-descriptors cache-miss
111 http fetch GET 200 https://registry.npmjs.org/finalhandler 83ms (cache revalidated)
112 silly packumentCache full:https://registry.npmjs.org/finalhandler set size:74406 disposed:false
113 silly fetch manifest content-disposition@^1.0.0
114 silly packumentCache full:https://registry.npmjs.org/content-disposition cache-miss
115 http fetch GET 200 https://registry.npmjs.org/range-parser 79ms (cache revalidated)
116 silly packumentCache full:https://registry.npmjs.org/range-parser set size:22228 disposed:false
117 http fetch GET 200 https://registry.npmjs.org/on-finished 112ms (cache revalidated)
118 silly packumentCache full:https://registry.npmjs.org/on-finished set size:23212 disposed:false
119 http fetch GET 200 https://registry.npmjs.org/cookie-signature 91ms (cache revalidated)
120 silly packumentCache full:https://registry.npmjs.org/cookie-signature set size:21777 disposed:false
121 http fetch GET 200 https://registry.npmjs.org/serve-static 99ms (cache revalidated)
122 silly packumentCache full:https://registry.npmjs.org/serve-static set size:145938 disposed:false
123 http fetch GET 200 https://registry.npmjs.org/merge-descriptors 78ms (cache revalidated)
124 silly packumentCache full:https://registry.npmjs.org/merge-descriptors set size:16527 disposed:false
125 http fetch GET 200 https://registry.npmjs.org/content-disposition 76ms (cache revalidated)
126 silly packumentCache full:https://registry.npmjs.org/content-disposition set size:26893 disposed:false
127 silly placeDep ROOT accepts@2.0.0 OK for: express@5.1.0 want: ^2.0.0
128 silly placeDep ROOT body-parser@2.2.0 OK for: express@5.1.0 want: ^2.2.0
129 silly placeDep ROOT content-disposition@1.0.0 OK for: express@5.1.0 want: ^1.0.0
130 silly placeDep ROOT content-type@1.0.5 OK for: express@5.1.0 want: ^1.0.5
131 silly placeDep ROOT cookie@0.7.2 OK for: express@5.1.0 want: ^0.7.1
132 silly placeDep ROOT cookie-signature@1.2.2 OK for: express@5.1.0 want: ^1.2.1
133 silly placeDep ROOT debug@4.4.3 OK for: express@5.1.0 want: ^4.4.0
134 silly placeDep ROOT encodeurl@2.0.0 OK for: express@5.1.0 want: ^2.0.0
135 silly placeDep ROOT escape-html@1.0.3 OK for: express@5.1.0 want: ^1.0.3
136 silly placeDep ROOT etag@1.8.1 OK for: express@5.1.0 want: ^1.8.1
137 silly placeDep ROOT finalhandler@2.1.0 OK for: express@5.1.0 want: ^2.1.0
138 silly placeDep ROOT fresh@2.0.0 OK for: express@5.1.0 want: ^2.0.0
139 silly placeDep ROOT http-errors@2.0.0 OK for: express@5.1.0 want: ^2.0.0
140 silly placeDep ROOT merge-descriptors@2.0.0 OK for: express@5.1.0 want: ^2.0.0
141 silly placeDep ROOT mime-types@3.0.1 OK for: express@5.1.0 want: ^3.0.0
142 silly placeDep ROOT on-finished@2.4.1 OK for: express@5.1.0 want: ^2.4.1
143 silly placeDep ROOT once@1.4.0 OK for: express@5.1.0 want: ^1.4.0
144 silly placeDep ROOT parseurl@1.3.3 OK for: express@5.1.0 want: ^1.3.3
145 silly placeDep ROOT proxy-addr@2.0.7 OK for: express@5.1.0 want: ^2.0.7
146 silly placeDep ROOT qs@6.14.0 OK for: express@5.1.0 want: ^6.14.0
147 silly placeDep ROOT range-parser@1.2.1 OK for: express@5.1.0 want: ^1.2.1
148 silly placeDep ROOT router@2.2.0 OK for: express@5.1.0 want: ^2.2.0
149 silly placeDep ROOT send@1.2.0 OK for: express@5.1.0 want: ^1.1.0
150 silly placeDep ROOT serve-static@2.2.0 OK for: express@5.1.0 want: ^2.2.0
151 silly placeDep ROOT statuses@2.0.2 OK for: express@5.1.0 want: ^2.0.1
152 silly placeDep ROOT type-is@2.0.1 OK for: express@5.1.0 want: ^2.0.1
153 silly placeDep ROOT vary@1.1.2 OK for: express@5.1.0 want: ^1.1.2
154 silly fetch manifest negotiator@^1.0.0
155 silly packumentCache full:https://registry.npmjs.org/negotiator cache-miss
156 silly fetch manifest bytes@^3.1.2
157 silly packumentCache full:https://registry.npmjs.org/bytes cache-miss
158 silly fetch manifest iconv-lite@^0.6.3
159 silly packumentCache full:https://registry.npmjs.org/iconv-lite cache-miss
160 silly fetch manifest raw-body@^3.0.0
161 silly packumentCache full:https://registry.npmjs.org/raw-body cache-miss
162 silly fetch manifest type-is@^2.0.0
163 silly packumentCache full:https://registry.npmjs.org/type-is cache-hit
164 silly fetch manifest safe-buffer@5.2.1
165 silly packumentCache full:https://registry.npmjs.org/safe-buffer cache-miss
166 silly fetch manifest ms@^2.1.3
167 silly packumentCache full:https://registry.npmjs.org/ms cache-miss
168 http fetch GET 200 https://registry.npmjs.org/ms 86ms (cache revalidated)
169 silly packumentCache full:https://registry.npmjs.org/ms set size:92208 disposed:false
170 silly fetch manifest depd@2.0.0
171 silly packumentCache full:https://registry.npmjs.org/depd cache-miss
172 http fetch GET 200 https://registry.npmjs.org/bytes 101ms (cache revalidated)
173 silly packumentCache full:https://registry.npmjs.org/bytes set size:37018 disposed:false
174 silly fetch manifest inherits@2.0.4
175 silly packumentCache full:https://registry.npmjs.org/inherits cache-miss
176 http fetch GET 200 https://registry.npmjs.org/raw-body 102ms (cache revalidated)
177 silly packumentCache full:https://registry.npmjs.org/raw-body set size:111234 disposed:false
178 silly fetch manifest statuses@2.0.1
179 silly packumentCache full:https://registry.npmjs.org/statuses cache-hit
180 silly fetch manifest toidentifier@1.0.1
181 silly packumentCache full:https://registry.npmjs.org/toidentifier cache-miss
182 http fetch GET 200 https://registry.npmjs.org/negotiator 112ms (cache revalidated)
183 silly packumentCache full:https://registry.npmjs.org/negotiator set size:48046 disposed:false
184 silly fetch manifest setprototypeof@1.2.0
185 silly packumentCache full:https://registry.npmjs.org/setprototypeof cache-miss
186 http fetch GET 200 https://registry.npmjs.org/safe-buffer 113ms (cache revalidated)
187 silly packumentCache full:https://registry.npmjs.org/safe-buffer set size:41183 disposed:false
188 silly fetch manifest mime-db@^1.54.0
189 silly packumentCache full:https://registry.npmjs.org/mime-db cache-miss
190 http fetch GET 200 https://registry.npmjs.org/iconv-lite 121ms (cache revalidated)
191 silly packumentCache full:https://registry.npmjs.org/iconv-lite set size:118890 disposed:false
192 silly fetch manifest ee-first@1.1.1
193 silly packumentCache full:https://registry.npmjs.org/ee-first cache-miss
194 http fetch GET 200 https://registry.npmjs.org/inherits 92ms (cache revalidated)
195 silly packumentCache full:https://registry.npmjs.org/inherits set size:12925 disposed:false
196 silly fetch manifest wrappy@1
197 silly packumentCache full:https://registry.npmjs.org/wrappy cache-miss
198 http fetch GET 200 https://registry.npmjs.org/depd 101ms (cache revalidated)
199 silly packumentCache full:https://registry.npmjs.org/depd set size:40182 disposed:false
200 silly fetch manifest forwarded@0.2.0
201 silly packumentCache full:https://registry.npmjs.org/forwarded cache-miss
202 http fetch GET 200 https://registry.npmjs.org/setprototypeof 90ms (cache revalidated)
203 silly packumentCache full:https://registry.npmjs.org/setprototypeof set size:14532 disposed:false
204 silly fetch manifest ipaddr.js@1.9.1
205 silly packumentCache full:https://registry.npmjs.org/ipaddr.js cache-miss
206 http fetch GET 200 https://registry.npmjs.org/toidentifier 98ms (cache revalidated)
207 silly packumentCache full:https://registry.npmjs.org/toidentifier set size:12006 disposed:false
208 silly fetch manifest side-channel@^1.1.0
209 silly packumentCache full:https://registry.npmjs.org/side-channel cache-miss
210 http fetch GET 200 https://registry.npmjs.org/ee-first 92ms (cache revalidated)
211 silly packumentCache full:https://registry.npmjs.org/ee-first set size:15327 disposed:false
212 silly fetch manifest depd@^2.0.0
213 silly packumentCache full:https://registry.npmjs.org/depd cache-hit
214 silly fetch manifest is-promise@^4.0.0
215 silly packumentCache full:https://registry.npmjs.org/is-promise cache-miss
216 http fetch GET 200 https://registry.npmjs.org/mime-db 104ms (cache revalidated)
217 silly packumentCache full:https://registry.npmjs.org/mime-db set size:164953 disposed:false
218 silly fetch manifest path-to-regexp@^8.0.0
219 silly packumentCache full:https://registry.npmjs.org/path-to-regexp cache-miss
220 http fetch GET 200 https://registry.npmjs.org/wrappy 85ms (cache revalidated)
221 silly packumentCache full:https://registry.npmjs.org/wrappy set size:7682 disposed:false
222 silly fetch manifest media-typer@^1.1.0
223 silly packumentCache full:https://registry.npmjs.org/media-typer cache-miss
224 http fetch GET 200 https://registry.npmjs.org/side-channel 94ms (cache revalidated)
225 silly packumentCache full:https://registry.npmjs.org/side-channel set size:24660 disposed:false
226 http fetch GET 200 https://registry.npmjs.org/forwarded 107ms (cache revalidated)
227 silly packumentCache full:https://registry.npmjs.org/forwarded set size:11229 disposed:false
228 http fetch GET 200 https://registry.npmjs.org/path-to-regexp 81ms (cache revalidated)
229 silly packumentCache full:https://registry.npmjs.org/path-to-regexp set size:207142 disposed:false
230 http fetch GET 200 https://registry.npmjs.org/ipaddr.js 112ms (cache revalidated)
231 silly packumentCache full:https://registry.npmjs.org/ipaddr.js set size:65942 disposed:false
232 http fetch GET 200 https://registry.npmjs.org/is-promise 98ms (cache miss)
233 silly packumentCache full:https://registry.npmjs.org/is-promise set size:undefined disposed:false
234 http fetch GET 200 https://registry.npmjs.org/media-typer 96ms (cache revalidated)
235 silly packumentCache full:https://registry.npmjs.org/media-typer set size:20873 disposed:false
236 silly placeDep ROOT negotiator@1.0.0 OK for: accepts@2.0.0 want: ^1.0.0
237 silly placeDep ROOT bytes@3.1.2 OK for: body-parser@2.2.0 want: ^3.1.2
238 silly placeDep ROOT iconv-lite@0.6.3 OK for: body-parser@2.2.0 want: ^0.6.3
239 silly placeDep ROOT raw-body@3.0.1 OK for: body-parser@2.2.0 want: ^3.0.0
240 silly fetch manifest safer-buffer@>= 2.1.2 < 3.0.0
241 silly packumentCache full:https://registry.npmjs.org/safer-buffer cache-miss
242 silly fetch manifest iconv-lite@0.7.0
243 silly packumentCache full:https://registry.npmjs.org/iconv-lite cache-hit
244 silly fetch manifest unpipe@1.0.0
245 silly packumentCache full:https://registry.npmjs.org/unpipe cache-miss
246 http fetch GET 200 https://registry.npmjs.org/unpipe 74ms (cache revalidated)
247 silly packumentCache full:https://registry.npmjs.org/unpipe set size:3537 disposed:false
248 http fetch GET 200 https://registry.npmjs.org/safer-buffer 79ms (cache revalidated)
249 silly packumentCache full:https://registry.npmjs.org/safer-buffer set size:18521 disposed:false
250 silly placeDep ROOT safe-buffer@5.2.1 OK for: content-disposition@1.0.0 want: 5.2.1
251 silly placeDep ROOT ms@2.1.3 OK for: debug@4.4.3 want: ^2.1.3
252 silly placeDep ROOT depd@2.0.0 OK for: http-errors@2.0.0 want: 2.0.0
253 silly placeDep ROOT inherits@2.0.4 OK for: http-errors@2.0.0 want: 2.0.4
254 silly placeDep ROOT setprototypeof@1.2.0 OK for: http-errors@2.0.0 want: 1.2.0
255 silly placeDep node_modules/http-errors statuses@2.0.1 OK for: http-errors@2.0.0 want: 2.0.1
256 silly placeDep ROOT toidentifier@1.0.1 OK for: http-errors@2.0.0 want: 1.0.1
257 silly placeDep ROOT safer-buffer@2.1.2 OK for: iconv-lite@0.6.3 want: >= 2.1.2 < 3.0.0
258 silly placeDep ROOT mime-db@1.54.0 OK for: mime-types@3.0.1 want: ^1.54.0
259 silly placeDep ROOT ee-first@1.1.1 OK for: on-finished@2.4.1 want: 1.1.1
260 silly placeDep ROOT wrappy@1.0.2 OK for: once@1.4.0 want: 1
261 silly placeDep ROOT forwarded@0.2.0 OK for: proxy-addr@2.0.7 want: 0.2.0
262 silly placeDep ROOT ipaddr.js@1.9.1 OK for: proxy-addr@2.0.7 want: 1.9.1
263 silly placeDep ROOT side-channel@1.1.0 OK for: qs@6.14.0 want: ^1.1.0
264 silly fetch manifest es-errors@^1.3.0
265 silly packumentCache full:https://registry.npmjs.org/es-errors cache-miss
266 silly fetch manifest object-inspect@^1.13.3
267 silly packumentCache full:https://registry.npmjs.org/object-inspect cache-miss
268 silly fetch manifest side-channel-list@^1.0.0
269 silly packumentCache full:https://registry.npmjs.org/side-channel-list cache-miss
270 silly fetch manifest side-channel-map@^1.0.1
271 silly packumentCache full:https://registry.npmjs.org/side-channel-map cache-miss
272 silly fetch manifest side-channel-weakmap@^1.0.2
273 silly packumentCache full:https://registry.npmjs.org/side-channel-weakmap cache-miss
274 http fetch GET 200 https://registry.npmjs.org/side-channel-list 79ms (cache revalidated)
275 silly packumentCache full:https://registry.npmjs.org/side-channel-list set size:6005 disposed:false
276 http fetch GET 200 https://registry.npmjs.org/side-channel-weakmap 79ms (cache revalidated)
277 silly packumentCache full:https://registry.npmjs.org/side-channel-weakmap set size:12620 disposed:false
278 http fetch GET 200 https://registry.npmjs.org/es-errors 85ms (cache revalidated)
279 silly packumentCache full:https://registry.npmjs.org/es-errors set size:16918 disposed:false
280 http fetch GET 200 https://registry.npmjs.org/object-inspect 87ms (cache revalidated)
281 silly packumentCache full:https://registry.npmjs.org/object-inspect set size:101912 disposed:false
282 http fetch GET 200 https://registry.npmjs.org/side-channel-map 91ms (cache revalidated)
283 silly packumentCache full:https://registry.npmjs.org/side-channel-map set size:9126 disposed:false
284 silly placeDep node_modules/raw-body iconv-lite@0.7.0 OK for: raw-body@3.0.1 want: 0.7.0
285 silly placeDep ROOT unpipe@1.0.0 OK for: raw-body@3.0.1 want: 1.0.0
286 silly placeDep ROOT is-promise@4.0.0 OK for: router@2.2.0 want: ^4.0.0
287 silly placeDep ROOT path-to-regexp@8.3.0 OK for: router@2.2.0 want: ^8.0.0
288 silly placeDep ROOT es-errors@1.3.0 OK for: side-channel@1.1.0 want: ^1.3.0
289 silly placeDep ROOT object-inspect@1.13.4 OK for: side-channel@1.1.0 want: ^1.13.3
290 silly placeDep ROOT side-channel-list@1.0.0 OK for: side-channel@1.1.0 want: ^1.0.0
291 silly placeDep ROOT side-channel-map@1.0.1 OK for: side-channel@1.1.0 want: ^1.0.1
292 silly placeDep ROOT side-channel-weakmap@1.0.2 OK for: side-channel@1.1.0 want: ^1.0.2
293 silly fetch manifest call-bound@^1.0.2
294 silly packumentCache full:https://registry.npmjs.org/call-bound cache-miss
295 silly fetch manifest get-intrinsic@^1.2.5
296 silly packumentCache full:https://registry.npmjs.org/get-intrinsic cache-miss
297 silly fetch manifest call-bound@^1.0.2
298 silly packumentCache full:https://registry.npmjs.org/call-bound cache-miss
299 silly fetch manifest get-intrinsic@^1.2.5
300 silly packumentCache full:https://registry.npmjs.org/get-intrinsic cache-miss
301 http fetch GET 200 https://registry.npmjs.org/get-intrinsic 93ms (cache revalidated)
302 silly packumentCache full:https://registry.npmjs.org/get-intrinsic set size:60985 disposed:false
303 http fetch GET 200 https://registry.npmjs.org/call-bound 98ms (cache revalidated)
304 silly packumentCache full:https://registry.npmjs.org/call-bound set size:15317 disposed:false
305 http fetch GET 200 https://registry.npmjs.org/call-bound 99ms (cache revalidated)
306 silly packumentCache full:https://registry.npmjs.org/call-bound set size:15317 disposed:false
307 silly packumentCache full:https://registry.npmjs.org/call-bound dispose
308 http fetch GET 200 https://registry.npmjs.org/get-intrinsic 101ms (cache revalidated)
309 silly packumentCache full:https://registry.npmjs.org/get-intrinsic set size:60985 disposed:false
310 silly packumentCache full:https://registry.npmjs.org/get-intrinsic dispose
311 silly placeDep ROOT call-bound@1.0.4 OK for: side-channel-map@1.0.1 want: ^1.0.2
312 silly placeDep ROOT get-intrinsic@1.3.0 OK for: side-channel-map@1.0.1 want: ^1.2.5
313 silly fetch manifest call-bind-apply-helpers@^1.0.2
314 silly packumentCache full:https://registry.npmjs.org/call-bind-apply-helpers cache-miss
315 silly fetch manifest get-intrinsic@^1.3.0
316 silly packumentCache full:https://registry.npmjs.org/get-intrinsic cache-hit
317 silly fetch manifest gopd@^1.2.0
318 silly packumentCache full:https://registry.npmjs.org/gopd cache-miss
319 silly fetch manifest hasown@^2.0.2
320 silly packumentCache full:https://registry.npmjs.org/hasown cache-miss
321 silly fetch manifest get-proto@^1.0.1
322 silly packumentCache full:https://registry.npmjs.org/get-proto cache-miss
323 silly fetch manifest has-symbols@^1.1.0
324 silly packumentCache full:https://registry.npmjs.org/has-symbols cache-miss
325 silly fetch manifest function-bind@^1.1.2
326 silly packumentCache full:https://registry.npmjs.org/function-bind cache-miss
327 http fetch GET 200 https://registry.npmjs.org/has-symbols 101ms (cache revalidated)
328 silly packumentCache full:https://registry.npmjs.org/has-symbols set size:21550 disposed:false
329 silly fetch manifest es-object-atoms@^1.1.1
330 silly packumentCache full:https://registry.npmjs.org/es-object-atoms cache-miss
331 http fetch GET 200 https://registry.npmjs.org/gopd 106ms (cache revalidated)
332 silly packumentCache full:https://registry.npmjs.org/gopd set size:11458 disposed:false
333 silly fetch manifest math-intrinsics@^1.1.0
334 silly packumentCache full:https://registry.npmjs.org/math-intrinsics cache-miss
335 http fetch GET 200 https://registry.npmjs.org/get-proto 108ms (cache revalidated)
336 silly packumentCache full:https://registry.npmjs.org/get-proto set size:8300 disposed:false
337 silly fetch manifest es-define-property@^1.0.1
338 silly packumentCache full:https://registry.npmjs.org/es-define-property cache-miss
339 http fetch GET 200 https://registry.npmjs.org/hasown 111ms (cache revalidated)
340 silly packumentCache full:https://registry.npmjs.org/hasown set size:12476 disposed:false
341 silly fetch manifest call-bind-apply-helpers@^1.0.2
342 silly packumentCache full:https://registry.npmjs.org/call-bind-apply-helpers cache-miss
343 http fetch GET 200 https://registry.npmjs.org/call-bind-apply-helpers 116ms (cache revalidated)
344 silly packumentCache full:https://registry.npmjs.org/call-bind-apply-helpers set size:12744 disposed:false
345 http fetch GET 200 https://registry.npmjs.org/function-bind 113ms (cache revalidated)
346 silly packumentCache full:https://registry.npmjs.org/function-bind set size:15733 disposed:false
347 http cache https://registry.npmjs.org/call-bind-apply-helpers 15ms (cache hit)
348 silly packumentCache full:https://registry.npmjs.org/call-bind-apply-helpers set size:12744 disposed:false
349 silly packumentCache full:https://registry.npmjs.org/call-bind-apply-helpers dispose
350 http fetch GET 200 https://registry.npmjs.org/es-object-atoms 84ms (cache revalidated)
351 silly packumentCache full:https://registry.npmjs.org/es-object-atoms set size:15304 disposed:false
352 http fetch GET 200 https://registry.npmjs.org/es-define-property 81ms (cache revalidated)
353 silly packumentCache full:https://registry.npmjs.org/es-define-property set size:8542 disposed:false
354 http fetch GET 200 https://registry.npmjs.org/math-intrinsics 87ms (cache revalidated)
355 silly packumentCache full:https://registry.npmjs.org/math-intrinsics set size:9265 disposed:false
356 silly placeDep ROOT call-bind-apply-helpers@1.0.2 OK for: call-bound@1.0.4 want: ^1.0.2
357 silly placeDep ROOT function-bind@1.1.2 OK for: call-bind-apply-helpers@1.0.2 want: ^1.1.2
358 silly placeDep ROOT es-define-property@1.0.1 OK for: get-intrinsic@1.3.0 want: ^1.0.1
359 silly placeDep ROOT es-object-atoms@1.1.1 OK for: get-intrinsic@1.3.0 want: ^1.1.1
360 silly placeDep ROOT get-proto@1.0.1 OK for: get-intrinsic@1.3.0 want: ^1.0.1
361 silly placeDep ROOT gopd@1.2.0 OK for: get-intrinsic@1.3.0 want: ^1.2.0
362 silly placeDep ROOT has-symbols@1.1.0 OK for: get-intrinsic@1.3.0 want: ^1.1.0
363 silly placeDep ROOT hasown@2.0.2 OK for: get-intrinsic@1.3.0 want: ^2.0.2
364 silly placeDep ROOT math-intrinsics@1.1.0 OK for: get-intrinsic@1.3.0 want: ^1.1.0
365 silly fetch manifest dunder-proto@^1.0.1
366 silly packumentCache full:https://registry.npmjs.org/dunder-proto cache-miss
367 http fetch GET 200 https://registry.npmjs.org/dunder-proto 82ms (cache revalidated)
368 silly packumentCache full:https://registry.npmjs.org/dunder-proto set size:8256 disposed:false
369 silly placeDep ROOT dunder-proto@1.0.1 OK for: get-proto@1.0.1 want: ^1.0.1
370 silly placeDep ROOT media-typer@1.1.0 OK for: type-is@2.0.1 want: ^1.1.0
371 silly reify moves {}
372 http cache media-typer@https://registry.npmjs.org/media-typer/-/media-typer-1.1.0.tgz 0ms (cache hit)
373 http cache dunder-proto@https://registry.npmjs.org/dunder-proto/-/dunder-proto-1.0.1.tgz 0ms (cache hit)
374 http cache math-intrinsics@https://registry.npmjs.org/math-intrinsics/-/math-intrinsics-1.1.0.tgz 0ms (cache hit)
375 http cache hasown@https://registry.npmjs.org/hasown/-/hasown-2.0.2.tgz 0ms (cache hit)
376 http cache has-symbols@https://registry.npmjs.org/has-symbols/-/has-symbols-1.1.0.tgz 0ms (cache hit)
377 http cache gopd@https://registry.npmjs.org/gopd/-/gopd-1.2.0.tgz 0ms (cache hit)
378 http cache get-proto@https://registry.npmjs.org/get-proto/-/get-proto-1.0.1.tgz 0ms (cache hit)
379 http cache es-object-atoms@https://registry.npmjs.org/es-object-atoms/-/es-object-atoms-1.1.1.tgz 0ms (cache hit)
380 http cache es-define-property@https://registry.npmjs.org/es-define-property/-/es-define-property-1.0.1.tgz 0ms (cache hit)
381 http cache function-bind@https://registry.npmjs.org/function-bind/-/function-bind-1.1.2.tgz 0ms (cache hit)
382 http cache get-intrinsic@https://registry.npmjs.org/get-intrinsic/-/get-intrinsic-1.3.0.tgz 0ms (cache hit)
383 http cache call-bind-apply-helpers@https://registry.npmjs.org/call-bind-apply-helpers/-/call-bind-apply-helpers-1.0.2.tgz 0ms (cache hit)
384 http cache call-bound@https://registry.npmjs.org/call-bound/-/call-bound-1.0.4.tgz 0ms (cache hit)
385 http cache side-channel-weakmap@https://registry.npmjs.org/side-channel-weakmap/-/side-channel-weakmap-1.0.2.tgz 0ms (cache hit)
386 http cache side-channel-map@https://registry.npmjs.org/side-channel-map/-/side-channel-map-1.0.1.tgz 0ms (cache hit)
387 http cache side-channel-list@https://registry.npmjs.org/side-channel-list/-/side-channel-list-1.0.0.tgz 0ms (cache hit)
388 http cache object-inspect@https://registry.npmjs.org/object-inspect/-/object-inspect-1.13.4.tgz 0ms (cache hit)
389 http cache es-errors@https://registry.npmjs.org/es-errors/-/es-errors-1.3.0.tgz 0ms (cache hit)
390 http cache path-to-regexp@https://registry.npmjs.org/path-to-regexp/-/path-to-regexp-8.3.0.tgz 0ms (cache hit)
391 http cache is-promise@https://registry.npmjs.org/is-promise/-/is-promise-4.0.0.tgz 0ms (cache hit)
392 http cache unpipe@https://registry.npmjs.org/unpipe/-/unpipe-1.0.0.tgz 0ms (cache hit)
393 http cache side-channel@https://registry.npmjs.org/side-channel/-/side-channel-1.1.0.tgz 0ms (cache hit)
394 http cache ipaddr.js@https://registry.npmjs.org/ipaddr.js/-/ipaddr.js-1.9.1.tgz 0ms (cache hit)
395 http cache forwarded@https://registry.npmjs.org/forwarded/-/forwarded-0.2.0.tgz 0ms (cache hit)
396 http cache wrappy@https://registry.npmjs.org/wrappy/-/wrappy-1.0.2.tgz 0ms (cache hit)
397 http cache ee-first@https://registry.npmjs.org/ee-first/-/ee-first-1.1.1.tgz 0ms (cache hit)
398 http cache mime-db@https://registry.npmjs.org/mime-db/-/mime-db-1.54.0.tgz 0ms (cache hit)
399 http cache safer-buffer@https://registry.npmjs.org/safer-buffer/-/safer-buffer-2.1.2.tgz 0ms (cache hit)
400 http cache toidentifier@https://registry.npmjs.org/toidentifier/-/toidentifier-1.0.1.tgz 0ms (cache hit)
401 http cache setprototypeof@https://registry.npmjs.org/setprototypeof/-/setprototypeof-1.2.0.tgz 0ms (cache hit)
402 http cache inherits@https://registry.npmjs.org/inherits/-/inherits-2.0.4.tgz 0ms (cache hit)
403 http cache depd@https://registry.npmjs.org/depd/-/depd-2.0.0.tgz 0ms (cache hit)
404 http cache ms@https://registry.npmjs.org/ms/-/ms-2.1.3.tgz 0ms (cache hit)
405 http cache safe-buffer@https://registry.npmjs.org/safe-buffer/-/safe-buffer-5.2.1.tgz 0ms (cache hit)
406 http cache raw-body@https://registry.npmjs.org/raw-body/-/raw-body-3.0.1.tgz 0ms (cache hit)
407 http cache iconv-lite@https://registry.npmjs.org/iconv-lite/-/iconv-lite-0.6.3.tgz 0ms (cache hit)
408 http cache bytes@https://registry.npmjs.org/bytes/-/bytes-3.1.2.tgz 0ms (cache hit)
409 http cache negotiator@https://registry.npmjs.org/negotiator/-/negotiator-1.0.0.tgz 0ms (cache hit)
410 http cache vary@https://registry.npmjs.org/vary/-/vary-1.1.2.tgz 0ms (cache hit)
411 http cache type-is@https://registry.npmjs.org/type-is/-/type-is-2.0.1.tgz 0ms (cache hit)
412 http cache statuses@https://registry.npmjs.org/statuses/-/statuses-2.0.2.tgz 0ms (cache hit)
413 http cache serve-static@https://registry.npmjs.org/serve-static/-/serve-static-2.2.0.tgz 0ms (cache hit)
414 http cache send@https://registry.npmjs.org/send/-/send-1.2.0.tgz 0ms (cache hit)
415 http cache router@https://registry.npmjs.org/router/-/router-2.2.0.tgz 0ms (cache hit)
416 http cache range-parser@https://registry.npmjs.org/range-parser/-/range-parser-1.2.1.tgz 0ms (cache hit)
417 http cache qs@https://registry.npmjs.org/qs/-/qs-6.14.0.tgz 0ms (cache hit)
418 http cache proxy-addr@https://registry.npmjs.org/proxy-addr/-/proxy-addr-2.0.7.tgz 0ms (cache hit)
419 http cache parseurl@https://registry.npmjs.org/parseurl/-/parseurl-1.3.3.tgz 0ms (cache hit)
420 http cache once@https://registry.npmjs.org/once/-/once-1.4.0.tgz 0ms (cache hit)
421 http cache on-finished@https://registry.npmjs.org/on-finished/-/on-finished-2.4.1.tgz 0ms (cache hit)
422 http cache mime-types@https://registry.npmjs.org/mime-types/-/mime-types-3.0.1.tgz 0ms (cache hit)
423 http cache merge-descriptors@https://registry.npmjs.org/merge-descriptors/-/merge-descriptors-2.0.0.tgz 0ms (cache hit)
424 http cache http-errors@https://registry.npmjs.org/http-errors/-/http-errors-2.0.0.tgz 0ms (cache hit)
425 http cache fresh@https://registry.npmjs.org/fresh/-/fresh-2.0.0.tgz 0ms (cache hit)
426 http cache finalhandler@https://registry.npmjs.org/finalhandler/-/finalhandler-2.1.0.tgz 1ms (cache hit)
427 http cache etag@https://registry.npmjs.org/etag/-/etag-1.8.1.tgz 0ms (cache hit)
428 http cache escape-html@https://registry.npmjs.org/escape-html/-/escape-html-1.0.3.tgz 0ms (cache hit)
429 http cache encodeurl@https://registry.npmjs.org/encodeurl/-/encodeurl-2.0.0.tgz 0ms (cache hit)
430 http cache debug@https://registry.npmjs.org/debug/-/debug-4.4.3.tgz 0ms (cache hit)
431 http cache cookie-signature@https://registry.npmjs.org/cookie-signature/-/cookie-signature-1.2.2.tgz 0ms (cache hit)
432 http cache cookie@https://registry.npmjs.org/cookie/-/cookie-0.7.2.tgz 0ms (cache hit)
433 http cache content-type@https://registry.npmjs.org/content-type/-/content-type-1.0.5.tgz 0ms (cache hit)
434 http cache content-disposition@https://registry.npmjs.org/content-disposition/-/content-disposition-1.0.0.tgz 0ms (cache hit)
435 http cache body-parser@https://registry.npmjs.org/body-parser/-/body-parser-2.2.0.tgz 0ms (cache hit)
436 http cache accepts@https://registry.npmjs.org/accepts/-/accepts-2.0.0.tgz 0ms (cache hit)
437 http cache express@https://registry.npmjs.org/express/-/express-5.1.0.tgz 0ms (cache hit)
438 http cache iconv-lite@https://registry.npmjs.org/iconv-lite/-/iconv-lite-0.7.0.tgz 0ms (cache hit)
439 http cache statuses@https://registry.npmjs.org/statuses/-/statuses-2.0.1.tgz 0ms (cache hit)
440 silly tarball no local data for media-typer@https://registry.npmjs.org/media-typer/-/media-typer-1.1.0.tgz. Extracting by manifest.
441 silly tarball no local data for path-to-regexp@https://registry.npmjs.org/path-to-regexp/-/path-to-regexp-8.3.0.tgz. Extracting by manifest.
442 silly tarball no local data for is-promise@https://registry.npmjs.org/is-promise/-/is-promise-4.0.0.tgz. Extracting by manifest.
443 silly tarball no local data for raw-body@https://registry.npmjs.org/raw-body/-/raw-body-3.0.1.tgz. Extracting by manifest.
444 silly tarball no local data for negotiator@https://registry.npmjs.org/negotiator/-/negotiator-1.0.0.tgz. Extracting by manifest.
445 silly tarball no local data for type-is@https://registry.npmjs.org/type-is/-/type-is-2.0.1.tgz. Extracting by manifest.
446 silly tarball no local data for statuses@https://registry.npmjs.org/statuses/-/statuses-2.0.2.tgz. Extracting by manifest.
447 silly tarball no local data for serve-static@https://registry.npmjs.org/serve-static/-/serve-static-2.2.0.tgz. Extracting by manifest.
448 silly tarball no local data for send@https://registry.npmjs.org/send/-/send-1.2.0.tgz. Extracting by manifest.
449 silly tarball no local data for router@https://registry.npmjs.org/router/-/router-2.2.0.tgz. Extracting by manifest.
450 silly tarball no local data for mime-types@https://registry.npmjs.org/mime-types/-/mime-types-3.0.1.tgz. Extracting by manifest.
451 silly tarball no local data for merge-descriptors@https://registry.npmjs.org/merge-descriptors/-/merge-descriptors-2.0.0.tgz. Extracting by manifest.
452 silly tarball no local data for fresh@https://registry.npmjs.org/fresh/-/fresh-2.0.0.tgz. Extracting by manifest.
453 silly tarball no local data for finalhandler@https://registry.npmjs.org/finalhandler/-/finalhandler-2.1.0.tgz. Extracting by manifest.
454 silly tarball no local data for cookie-signature@https://registry.npmjs.org/cookie-signature/-/cookie-signature-1.2.2.tgz. Extracting by manifest.
455 silly tarball no local data for cookie@https://registry.npmjs.org/cookie/-/cookie-0.7.2.tgz. Extracting by manifest.
456 silly tarball no local data for content-disposition@https://registry.npmjs.org/content-disposition/-/content-disposition-1.0.0.tgz. Extracting by manifest.
457 silly tarball no local data for body-parser@https://registry.npmjs.org/body-parser/-/body-parser-2.2.0.tgz. Extracting by manifest.
458 silly tarball no local data for accepts@https://registry.npmjs.org/accepts/-/accepts-2.0.0.tgz. Extracting by manifest.
459 silly tarball no local data for express@https://registry.npmjs.org/express/-/express-5.1.0.tgz. Extracting by manifest.
460 silly tarball no local data for iconv-lite@https://registry.npmjs.org/iconv-lite/-/iconv-lite-0.7.0.tgz. Extracting by manifest.
461 http fetch GET 200 https://registry.npmjs.org/is-promise/-/is-promise-4.0.0.tgz 448ms (cache miss)
462 http fetch GET 200 https://registry.npmjs.org/media-typer/-/media-typer-1.1.0.tgz 482ms (cache miss)
463 http fetch GET 200 https://registry.npmjs.org/type-is/-/type-is-2.0.1.tgz 483ms (cache miss)
464 http fetch GET 200 https://registry.npmjs.org/cookie/-/cookie-0.7.2.tgz 483ms (cache miss)
465 http fetch GET 200 https://registry.npmjs.org/content-disposition/-/content-disposition-1.0.0.tgz 489ms (cache miss)
466 http fetch GET 200 https://registry.npmjs.org/accepts/-/accepts-2.0.0.tgz 488ms (cache miss)
467 http fetch GET 200 https://registry.npmjs.org/statuses/-/statuses-2.0.2.tgz 520ms (cache miss)
468 http fetch GET 200 https://registry.npmjs.org/negotiator/-/negotiator-1.0.0.tgz 525ms (cache miss)
469 http fetch GET 200 https://registry.npmjs.org/raw-body/-/raw-body-3.0.1.tgz 533ms (cache miss)
470 http fetch GET 200 https://registry.npmjs.org/merge-descriptors/-/merge-descriptors-2.0.0.tgz 524ms (cache miss)
471 http fetch GET 200 https://registry.npmjs.org/path-to-regexp/-/path-to-regexp-8.3.0.tgz 542ms (cache miss)
472 http fetch GET 200 https://registry.npmjs.org/fresh/-/fresh-2.0.0.tgz 533ms (cache miss)
473 http fetch GET 200 https://registry.npmjs.org/cookie-signature/-/cookie-signature-1.2.2.tgz 530ms (cache miss)
474 http fetch GET 200 https://registry.npmjs.org/finalhandler/-/finalhandler-2.1.0.tgz 538ms (cache miss)
475 http fetch GET 200 https://registry.npmjs.org/serve-static/-/serve-static-2.2.0.tgz 551ms (cache miss)
476 http fetch GET 200 https://registry.npmjs.org/send/-/send-1.2.0.tgz 552ms (cache miss)
477 http fetch GET 200 https://registry.npmjs.org/mime-types/-/mime-types-3.0.1.tgz 550ms (cache miss)
478 http fetch GET 200 https://registry.npmjs.org/body-parser/-/body-parser-2.2.0.tgz 557ms (cache miss)
479 http fetch GET 200 https://registry.npmjs.org/express/-/express-5.1.0.tgz 566ms (cache miss)
480 http fetch GET 200 https://registry.npmjs.org/iconv-lite/-/iconv-lite-0.7.0.tgz 584ms (cache miss)
481 http fetch GET 200 https://registry.npmjs.org/router/-/router-2.2.0.tgz 622ms (cache miss)
482 silly ADD node_modules/media-typer
483 silly ADD node_modules/dunder-proto
484 silly ADD node_modules/math-intrinsics
485 silly ADD node_modules/hasown
486 silly ADD node_modules/has-symbols
487 silly ADD node_modules/gopd
488 silly ADD node_modules/get-proto
489 silly ADD node_modules/es-object-atoms
490 silly ADD node_modules/es-define-property
491 silly ADD node_modules/function-bind
492 silly ADD node_modules/call-bind-apply-helpers
493 silly ADD node_modules/get-intrinsic
494 silly ADD node_modules/call-bound
495 silly ADD node_modules/side-channel-weakmap
496 silly ADD node_modules/side-channel-map
497 silly ADD node_modules/side-channel-list
498 silly ADD node_modules/object-inspect
499 silly ADD node_modules/es-errors
500 silly ADD node_modules/path-to-regexp
501 silly ADD node_modules/is-promise
502 silly ADD node_modules/unpipe
503 silly ADD node_modules/side-channel
504 silly ADD node_modules/ipaddr.js
505 silly ADD node_modules/forwarded
506 silly ADD node_modules/wrappy
507 silly ADD node_modules/ee-first
508 silly ADD node_modules/mime-db
509 silly ADD node_modules/safer-buffer
510 silly ADD node_modules/toidentifier
511 silly ADD node_modules/setprototypeof
512 silly ADD node_modules/inherits
513 silly ADD node_modules/depd
514 silly ADD node_modules/ms
515 silly ADD node_modules/safe-buffer
516 silly ADD node_modules/raw-body
517 silly ADD node_modules/raw-body/node_modules/iconv-lite
518 silly ADD node_modules/iconv-lite
519 silly ADD node_modules/bytes
520 silly ADD node_modules/negotiator
521 silly ADD node_modules/vary
522 silly ADD node_modules/type-is
523 silly ADD node_modules/statuses
524 silly ADD node_modules/serve-static
525 silly ADD node_modules/send
526 silly ADD node_modules/router
527 silly ADD node_modules/range-parser
528 silly ADD node_modules/qs
529 silly ADD node_modules/proxy-addr
530 silly ADD node_modules/parseurl
531 silly ADD node_modules/once
532 silly ADD node_modules/on-finished
533 silly ADD node_modules/mime-types
534 silly ADD node_modules/merge-descriptors
535 silly ADD node_modules/http-errors
536 silly ADD node_modules/http-errors/node_modules/statuses
537 silly ADD node_modules/fresh
538 silly ADD node_modules/finalhandler
539 silly ADD node_modules/etag
540 silly ADD node_modules/escape-html
541 silly ADD node_modules/encodeurl
542 silly ADD node_modules/debug
543 silly ADD node_modules/cookie-signature
544 silly ADD node_modules/cookie
545 silly ADD node_modules/content-type
546 silly ADD node_modules/content-disposition
547 silly ADD node_modules/body-parser
548 silly ADD node_modules/accepts
549 silly ADD node_modules/express
550 verbose cwd /data/data/com.termux/files/home
551 verbose os Linux 5.4.289-qgki-g634a7f715748
552 verbose node v24.9.0
553 verbose npm  v11.6.0
554 verbose exit 0
555 info ok
