0 verbose cli /data/data/com.termux/files/usr/bin/node /data/data/com.termux/files/usr/bin/npm
1 info using npm@11.6.0
2 info using node@v24.9.0
3 silly config load:file:/data/data/com.termux/files/usr/lib/node_modules/npm/npmrc
4 silly config load:file:/data/data/com.termux/files/home/.npmrc
5 silly config load:file:/data/data/com.termux/files/usr/etc/npmrc
6 verbose title npm install pm2
7 verbose argv "install" "--global" "pm2"
8 verbose logfile logs-max:10 dir:/data/data/com.termux/files/home/.npm/_logs/2025-10-17T18_39_23_139Z-
9 verbose logfile /data/data/com.termux/files/home/.npm/_logs/2025-10-17T18_39_23_139Z-debug-0.log
10 silly packumentCache heap:1174405120 maxSize:293601280 maxEntrySize:146800640
11 silly logfile start cleaning logs, removing 1 files
12 silly logfile done cleaning log files
13 silly idealTree buildDeps
14 silly fetch manifest pm2@*
15 silly packumentCache full:https://registry.npmjs.org/pm2 cache-miss
16 http fetch GET 200 https://registry.npmjs.org/pm2 597ms (cache revalidated)
17 silly packumentCache full:https://registry.npmjs.org/pm2 set size:1047752 disposed:false
18 silly placeDep ROOT pm2@6.0.13 OK for:  want: *
19 silly fetch manifest @pm2/agent@~2.1.1
20 silly packumentCache full:https://registry.npmjs.org/@pm2%2fagent cache-miss
21 silly fetch manifest @pm2/js-api@~0.8.0
22 silly packumentCache full:https://registry.npmjs.org/@pm2%2fjs-api cache-miss
23 silly fetch manifest @pm2/io@~6.1.0
24 silly packumentCache full:https://registry.npmjs.org/@pm2%2fio cache-miss
25 silly fetch manifest @pm2/pm2-version-check@latest
26 silly packumentCache full:https://registry.npmjs.org/@pm2%2fpm2-version-check cache-miss
27 silly fetch manifest ansis@4.0.0-node10
28 silly packumentCache full:https://registry.npmjs.org/ansis cache-miss
29 silly fetch manifest async@3.2.6
30 silly packumentCache full:https://registry.npmjs.org/async cache-miss
31 http fetch GET 200 https://registry.npmjs.org/@pm2%2fpm2-version-check 144ms (cache revalidated)
32 silly packumentCache full:https://registry.npmjs.org/@pm2%2fpm2-version-check set size:11335 disposed:false
33 silly fetch manifest @pm2/blessed@0.1.81
34 silly packumentCache full:https://registry.npmjs.org/@pm2%2fblessed cache-miss
35 http fetch GET 200 https://registry.npmjs.org/@pm2%2fagent 266ms (cache revalidated)
36 silly packumentCache full:https://registry.npmjs.org/@pm2%2fagent set size:110996 disposed:false
37 silly fetch manifest chokidar@3.6.0
38 silly packumentCache full:https://registry.npmjs.org/chokidar cache-miss
39 http fetch GET 200 https://registry.npmjs.org/@pm2%2fblessed 122ms (cache revalidated)
40 silly packumentCache full:https://registry.npmjs.org/@pm2%2fblessed set size:70238 disposed:false
41 silly fetch manifest cli-tableau@2.0.1
42 silly packumentCache full:https://registry.npmjs.org/cli-tableau cache-miss
43 http fetch GET 200 https://registry.npmjs.org/async 286ms (cache revalidated)
44 silly packumentCache full:https://registry.npmjs.org/async set size:230496 disposed:false
45 silly fetch manifest commander@2.15.1
46 silly packumentCache full:https://registry.npmjs.org/commander cache-miss
47 http fetch GET 200 https://registry.npmjs.org/ansis 301ms (cache revalidated)
48 silly packumentCache full:https://registry.npmjs.org/ansis set size:213062 disposed:false
49 silly fetch manifest croner@4.1.97
50 silly packumentCache full:https://registry.npmjs.org/croner cache-miss
51 http fetch GET 200 https://registry.npmjs.org/@pm2%2fjs-api 315ms (cache revalidated)
52 silly packumentCache full:https://registry.npmjs.org/@pm2%2fjs-api set size:219753 disposed:false
53 silly fetch manifest dayjs@1.11.15
54 silly packumentCache full:https://registry.npmjs.org/dayjs cache-miss
55 http fetch GET 200 https://registry.npmjs.org/@pm2%2fio 348ms (cache revalidated)
56 silly packumentCache full:https://registry.npmjs.org/@pm2%2fio set size:523015 disposed:false
57 silly fetch manifest debug@4.4.3
58 silly packumentCache full:https://registry.npmjs.org/debug cache-miss
59 http fetch GET 200 https://registry.npmjs.org/cli-tableau 99ms (cache revalidated)
60 silly packumentCache full:https://registry.npmjs.org/cli-tableau set size:9593 disposed:false
61 silly fetch manifest enquirer@2.3.6
62 silly packumentCache full:https://registry.npmjs.org/enquirer cache-miss
63 http fetch GET 200 https://registry.npmjs.org/chokidar 109ms (cache revalidated)
64 silly packumentCache full:https://registry.npmjs.org/chokidar set size:253451 disposed:false
65 silly fetch manifest eventemitter2@5.0.1
66 silly packumentCache full:https://registry.npmjs.org/eventemitter2 cache-miss
67 http fetch GET 200 https://registry.npmjs.org/commander 108ms (cache revalidated)
68 silly packumentCache full:https://registry.npmjs.org/commander set size:342763 disposed:false
69 silly fetch manifest fclone@1.0.11
70 silly packumentCache full:https://registry.npmjs.org/fclone cache-miss
71 http fetch GET 200 https://registry.npmjs.org/dayjs 100ms (cache revalidated)
72 silly packumentCache full:https://registry.npmjs.org/dayjs set size:479589 disposed:false
73 silly fetch manifest mkdirp@1.0.4
74 silly packumentCache full:https://registry.npmjs.org/mkdirp cache-miss
75 http fetch GET 200 https://registry.npmjs.org/croner 128ms (cache revalidated)
76 silly packumentCache full:https://registry.npmjs.org/croner set size:716821 disposed:false
77 silly fetch manifest needle@2.4.0
78 silly packumentCache full:https://registry.npmjs.org/needle cache-miss
79 http fetch GET 200 https://registry.npmjs.org/debug 97ms (cache revalidated)
80 silly packumentCache full:https://registry.npmjs.org/debug set size:195840 disposed:false
81 silly fetch manifest pidusage@3.0.2
82 silly packumentCache full:https://registry.npmjs.org/pidusage cache-miss
83 http fetch GET 200 https://registry.npmjs.org/enquirer 108ms (cache revalidated)
84 silly packumentCache full:https://registry.npmjs.org/enquirer set size:203040 disposed:false
85 silly fetch manifest pm2-axon@~4.0.1
86 silly packumentCache full:https://registry.npmjs.org/pm2-axon cache-miss
87 http fetch GET 200 https://registry.npmjs.org/eventemitter2 107ms (cache revalidated)
88 silly packumentCache full:https://registry.npmjs.org/eventemitter2 set size:172525 disposed:false
89 silly fetch manifest pm2-axon-rpc@~0.7.1
90 silly packumentCache full:https://registry.npmjs.org/pm2-axon-rpc cache-miss
91 http fetch GET 200 https://registry.npmjs.org/mkdirp 89ms (cache revalidated)
92 silly packumentCache full:https://registry.npmjs.org/mkdirp set size:116455 disposed:false
93 silly fetch manifest pm2-deploy@~1.0.2
94 silly packumentCache full:https://registry.npmjs.org/pm2-deploy cache-miss
95 http fetch GET 200 https://registry.npmjs.org/fclone 111ms (cache revalidated)
96 silly packumentCache full:https://registry.npmjs.org/fclone set size:19653 disposed:false
97 silly fetch manifest pm2-multimeter@^0.1.2
98 silly packumentCache full:https://registry.npmjs.org/pm2-multimeter cache-miss
99 http fetch GET 200 https://registry.npmjs.org/pidusage 75ms (cache revalidated)
100 silly packumentCache full:https://registry.npmjs.org/pidusage set size:111034 disposed:false
101 silly fetch manifest promptly@2.2.0
102 silly packumentCache full:https://registry.npmjs.org/promptly cache-miss
103 http fetch GET 200 https://registry.npmjs.org/needle 107ms (cache revalidated)
104 silly packumentCache full:https://registry.npmjs.org/needle set size:227370 disposed:false
105 silly fetch manifest semver@7.7.2
106 silly packumentCache full:https://registry.npmjs.org/semver cache-miss
107 http fetch GET 200 https://registry.npmjs.org/pm2-axon-rpc 81ms (cache revalidated)
108 silly packumentCache full:https://registry.npmjs.org/pm2-axon-rpc set size:41743 disposed:false
109 silly fetch manifest source-map-support@0.5.21
110 silly packumentCache full:https://registry.npmjs.org/source-map-support cache-miss
111 http fetch GET 200 https://registry.npmjs.org/pm2-axon 94ms (cache revalidated)
112 silly packumentCache full:https://registry.npmjs.org/pm2-axon set size:44221 disposed:false
113 silly fetch manifest sprintf-js@1.1.2
114 silly packumentCache full:https://registry.npmjs.org/sprintf-js cache-miss
115 http fetch GET 200 https://registry.npmjs.org/pm2-deploy 80ms (cache revalidated)
116 silly packumentCache full:https://registry.npmjs.org/pm2-deploy set size:43526 disposed:false
117 silly fetch manifest vizion@~2.2.1
118 silly packumentCache full:https://registry.npmjs.org/vizion cache-miss
119 http fetch GET 200 https://registry.npmjs.org/pm2-multimeter 79ms (cache revalidated)
120 silly packumentCache full:https://registry.npmjs.org/pm2-multimeter set size:7686 disposed:false
121 silly fetch manifest js-yaml@4.1.0
122 silly packumentCache full:https://registry.npmjs.org/js-yaml cache-miss
123 http fetch GET 200 https://registry.npmjs.org/promptly 68ms (cache revalidated)
124 silly packumentCache full:https://registry.npmjs.org/promptly set size:37330 disposed:false
125 silly fetch manifest pm2-sysmonit@^1.2.8
126 silly packumentCache full:https://registry.npmjs.org/pm2-sysmonit cache-miss
127 http fetch GET 200 https://registry.npmjs.org/sprintf-js 70ms (cache revalidated)
128 silly packumentCache full:https://registry.npmjs.org/sprintf-js set size:20495 disposed:false
129 http fetch GET 200 https://registry.npmjs.org/source-map-support 78ms (cache revalidated)
130 silly packumentCache full:https://registry.npmjs.org/source-map-support set size:125488 disposed:false
131 http fetch GET 200 https://registry.npmjs.org/semver 111ms (cache revalidated)
132 silly packumentCache full:https://registry.npmjs.org/semver set size:226907 disposed:false
133 http fetch GET 200 https://registry.npmjs.org/pm2-sysmonit 78ms (cache revalidated)
134 silly packumentCache full:https://registry.npmjs.org/pm2-sysmonit set size:42261 disposed:false
135 http fetch GET 200 https://registry.npmjs.org/js-yaml 90ms (cache revalidated)
136 silly packumentCache full:https://registry.npmjs.org/js-yaml set size:145960 disposed:false
137 http fetch GET 200 https://registry.npmjs.org/vizion 102ms (cache revalidated)
138 silly packumentCache full:https://registry.npmjs.org/vizion set size:64651 disposed:false
139 silly placeDep node_modules/pm2 @pm2/agent@2.1.1 OK for: pm2@6.0.13 want: ~2.1.1
140 silly placeDep node_modules/pm2 @pm2/blessed@0.1.81 OK for: pm2@6.0.13 want: 0.1.81
141 silly placeDep node_modules/pm2 @pm2/io@6.1.0 OK for: pm2@6.0.13 want: ~6.1.0
142 silly placeDep node_modules/pm2 @pm2/js-api@0.8.0 OK for: pm2@6.0.13 want: ~0.8.0
143 silly placeDep node_modules/pm2 @pm2/pm2-version-check@1.0.4 OK for: pm2@6.0.13 want: latest
144 silly placeDep node_modules/pm2 ansis@4.0.0-node10 OK for: pm2@6.0.13 want: 4.0.0-node10
145 silly placeDep node_modules/pm2 async@3.2.6 OK for: pm2@6.0.13 want: 3.2.6
146 silly placeDep node_modules/pm2 chokidar@3.6.0 OK for: pm2@6.0.13 want: 3.6.0
147 silly placeDep node_modules/pm2 cli-tableau@2.0.1 OK for: pm2@6.0.13 want: 2.0.1
148 silly placeDep node_modules/pm2 commander@2.15.1 OK for: pm2@6.0.13 want: 2.15.1
149 silly placeDep node_modules/pm2 croner@4.1.97 OK for: pm2@6.0.13 want: 4.1.97
150 silly placeDep node_modules/pm2 dayjs@1.11.15 OK for: pm2@6.0.13 want: 1.11.15
151 silly placeDep node_modules/pm2 debug@4.4.3 OK for: pm2@6.0.13 want: 4.4.3
152 silly placeDep node_modules/pm2 enquirer@2.3.6 OK for: pm2@6.0.13 want: 2.3.6
153 silly placeDep node_modules/pm2 eventemitter2@5.0.1 OK for: pm2@6.0.13 want: 5.0.1
154 silly placeDep node_modules/pm2 fclone@1.0.11 OK for: pm2@6.0.13 want: 1.0.11
155 silly placeDep node_modules/pm2 js-yaml@4.1.0 OK for: pm2@6.0.13 want: 4.1.0
156 silly placeDep node_modules/pm2 mkdirp@1.0.4 OK for: pm2@6.0.13 want: 1.0.4
157 silly placeDep node_modules/pm2 needle@2.4.0 OK for: pm2@6.0.13 want: 2.4.0
158 silly placeDep node_modules/pm2 pidusage@3.0.2 OK for: pm2@6.0.13 want: 3.0.2
159 silly placeDep node_modules/pm2 pm2-axon@4.0.1 OK for: pm2@6.0.13 want: ~4.0.1
160 silly placeDep node_modules/pm2 pm2-axon-rpc@0.7.1 OK for: pm2@6.0.13 want: ~0.7.1
161 silly placeDep node_modules/pm2 pm2-deploy@1.0.2 OK for: pm2@6.0.13 want: ~1.0.2
162 silly placeDep node_modules/pm2 pm2-multimeter@0.1.2 OK for: pm2@6.0.13 want: ^0.1.2
163 silly placeDep node_modules/pm2 pm2-sysmonit@1.2.8 OK for: pm2@6.0.13 want: ^1.2.8
164 silly placeDep node_modules/pm2 promptly@2.2.0 OK for: pm2@6.0.13 want: 2.2.0
165 silly placeDep node_modules/pm2 semver@7.7.2 OK for: pm2@6.0.13 want: 7.7.2
166 silly placeDep node_modules/pm2 source-map-support@0.5.21 OK for: pm2@6.0.13 want: 0.5.21
167 silly placeDep node_modules/pm2 sprintf-js@1.1.2 OK for: pm2@6.0.13 want: 1.1.2
168 silly placeDep node_modules/pm2 vizion@2.2.1 OK for: pm2@6.0.13 want: ~2.2.1
169 silly fetch manifest async@~3.2.0
170 silly packumentCache full:https://registry.npmjs.org/async cache-hit
171 silly fetch manifest chalk@~3.0.0
172 silly packumentCache full:https://registry.npmjs.org/chalk cache-miss
173 silly fetch manifest dayjs@~1.8.24
174 silly packumentCache full:https://registry.npmjs.org/dayjs cache-hit
175 silly fetch manifest debug@~4.3.1
176 silly packumentCache full:https://registry.npmjs.org/debug cache-hit
177 silly fetch manifest eventemitter2@~5.0.1
178 silly packumentCache full:https://registry.npmjs.org/eventemitter2 cache-hit
179 silly fetch manifest fast-json-patch@^3.1.0
180 silly packumentCache full:https://registry.npmjs.org/fast-json-patch cache-miss
181 silly fetch manifest fclone@~1.0.11
182 silly packumentCache full:https://registry.npmjs.org/fclone cache-hit
183 silly fetch manifest pm2-axon-rpc@~0.7.0
184 silly packumentCache full:https://registry.npmjs.org/pm2-axon-rpc cache-hit
185 silly fetch manifest proxy-agent@~6.4.0
186 silly packumentCache full:https://registry.npmjs.org/proxy-agent cache-miss
187 silly fetch manifest semver@~7.5.0
188 silly packumentCache full:https://registry.npmjs.org/semver cache-hit
189 silly fetch manifest ws@~7.5.10
190 silly packumentCache full:https://registry.npmjs.org/ws cache-miss
191 silly fetch manifest async@~2.6.1
192 silly packumentCache full:https://registry.npmjs.org/async cache-hit
193 silly fetch manifest eventemitter2@^6.3.1
194 silly packumentCache full:https://registry.npmjs.org/eventemitter2 cache-hit
195 silly fetch manifest require-in-the-middle@^5.0.0
196 silly packumentCache full:https://registry.npmjs.org/require-in-the-middle cache-miss
197 silly fetch manifest semver@~7.5.4
198 silly packumentCache full:https://registry.npmjs.org/semver cache-hit
199 silly fetch manifest shimmer@^1.2.0
200 silly packumentCache full:https://registry.npmjs.org/shimmer cache-miss
201 http fetch GET 200 https://registry.npmjs.org/shimmer 113ms (cache revalidated)
202 silly packumentCache full:https://registry.npmjs.org/shimmer set size:22336 disposed:false
203 silly fetch manifest signal-exit@^3.0.3
204 silly packumentCache full:https://registry.npmjs.org/signal-exit cache-miss
205 http fetch GET 200 https://registry.npmjs.org/fast-json-patch 137ms (cache revalidated)
206 silly packumentCache full:https://registry.npmjs.org/fast-json-patch set size:129532 disposed:false
207 silly fetch manifest tslib@1.9.3
208 silly packumentCache full:https://registry.npmjs.org/tslib cache-miss
209 http fetch GET 200 https://registry.npmjs.org/require-in-the-middle 126ms (cache revalidated)
210 silly packumentCache full:https://registry.npmjs.org/require-in-the-middle set size:85180 disposed:false
211 silly fetch manifest async@^2.6.3
212 silly packumentCache full:https://registry.npmjs.org/async cache-hit
213 silly fetch manifest extrareqp2@^1.0.0
214 silly packumentCache full:https://registry.npmjs.org/extrareqp2 cache-miss
215 http fetch GET 200 https://registry.npmjs.org/chalk 151ms (cache revalidated)
216 silly packumentCache full:https://registry.npmjs.org/chalk set size:117844 disposed:false
217 silly fetch manifest ws@^7.0.0
218 silly packumentCache full:https://registry.npmjs.org/ws cache-miss
219 http fetch GET 200 https://registry.npmjs.org/ws 143ms (cache revalidated)
220 silly packumentCache full:https://registry.npmjs.org/ws set size:410885 disposed:false
221 silly fetch manifest debug@^4.3.1
222 silly packumentCache full:https://registry.npmjs.org/debug cache-hit
223 silly fetch manifest braces@~3.0.2
224 silly packumentCache full:https://registry.npmjs.org/braces cache-miss
225 http fetch GET 200 https://registry.npmjs.org/proxy-agent 158ms (cache revalidated)
226 silly packumentCache full:https://registry.npmjs.org/proxy-agent set size:70579 disposed:false
227 silly fetch manifest is-glob@~4.0.1
228 silly packumentCache full:https://registry.npmjs.org/is-glob cache-miss
229 http cache https://registry.npmjs.org/ws 36ms (cache hit)
230 silly packumentCache full:https://registry.npmjs.org/ws set size:410885 disposed:false
231 silly packumentCache full:https://registry.npmjs.org/ws dispose
232 silly fetch manifest anymatch@~3.1.2
233 silly packumentCache full:https://registry.npmjs.org/anymatch cache-miss
234 http fetch GET 200 https://registry.npmjs.org/braces 84ms (cache revalidated)
235 silly packumentCache full:https://registry.npmjs.org/braces set size:114529 disposed:false
236 silly fetch manifest readdirp@~3.6.0
237 silly packumentCache full:https://registry.npmjs.org/readdirp cache-miss
238 http fetch GET 200 https://registry.npmjs.org/extrareqp2 109ms (cache revalidated)
239 silly packumentCache full:https://registry.npmjs.org/extrareqp2 set size:33058 disposed:false
240 silly fetch manifest glob-parent@~5.1.2
241 silly packumentCache full:https://registry.npmjs.org/glob-parent cache-miss
242 http fetch GET 200 https://registry.npmjs.org/tslib 118ms (cache revalidated)
243 silly packumentCache full:https://registry.npmjs.org/tslib set size:108706 disposed:false
244 silly fetch manifest is-binary-path@~2.1.0
245 silly packumentCache full:https://registry.npmjs.org/is-binary-path cache-miss
246 http fetch GET 200 https://registry.npmjs.org/signal-exit 129ms (cache revalidated)
247 silly packumentCache full:https://registry.npmjs.org/signal-exit set size:53489 disposed:false
248 silly fetch manifest normalize-path@~3.0.0
249 silly packumentCache full:https://registry.npmjs.org/normalize-path cache-miss
250 http fetch GET 200 https://registry.npmjs.org/is-glob 102ms (cache revalidated)
251 silly packumentCache full:https://registry.npmjs.org/is-glob set size:40530 disposed:false
252 silly fetch manifest fsevents@~2.3.2
253 silly packumentCache full:https://registry.npmjs.org/fsevents cache-miss
254 http fetch GET 200 https://registry.npmjs.org/anymatch 91ms (cache revalidated)
255 silly packumentCache full:https://registry.npmjs.org/anymatch set size:42974 disposed:false
256 silly fetch manifest chalk@3.0.0
257 silly packumentCache full:https://registry.npmjs.org/chalk cache-hit
258 silly fetch manifest ms@^2.1.3
259 silly packumentCache full:https://registry.npmjs.org/ms cache-miss
260 http fetch GET 200 https://registry.npmjs.org/readdirp 83ms (cache revalidated)
261 silly packumentCache full:https://registry.npmjs.org/readdirp set size:105089 disposed:false
262 silly fetch manifest ansi-colors@^4.1.1
263 silly packumentCache full:https://registry.npmjs.org/ansi-colors cache-miss
264 http fetch GET 200 https://registry.npmjs.org/glob-parent 90ms (cache revalidated)
265 silly packumentCache full:https://registry.npmjs.org/glob-parent set size:42445 disposed:false
266 silly fetch manifest argparse@^2.0.1
267 silly packumentCache full:https://registry.npmjs.org/argparse cache-miss
268 http fetch GET 200 https://registry.npmjs.org/ms 80ms (cache revalidated)
269 silly packumentCache full:https://registry.npmjs.org/ms set size:92208 disposed:false
270 silly fetch manifest debug@^3.2.6
271 silly packumentCache full:https://registry.npmjs.org/debug cache-hit
272 silly fetch manifest iconv-lite@^0.4.4
273 silly packumentCache full:https://registry.npmjs.org/iconv-lite cache-miss
274 http fetch GET 200 https://registry.npmjs.org/is-binary-path 118ms (cache revalidated)
275 silly packumentCache full:https://registry.npmjs.org/is-binary-path set size:13475 disposed:false
276 silly fetch manifest sax@^1.2.4
277 silly packumentCache full:https://registry.npmjs.org/sax cache-miss
278 http fetch GET 200 https://registry.npmjs.org/normalize-path 118ms (cache revalidated)
279 silly packumentCache full:https://registry.npmjs.org/normalize-path set size:28713 disposed:false
280 silly fetch manifest safe-buffer@^5.2.1
281 silly packumentCache full:https://registry.npmjs.org/safe-buffer cache-miss
282 http fetch GET 200 https://registry.npmjs.org/fsevents 114ms (cache revalidated)
283 silly packumentCache full:https://registry.npmjs.org/fsevents set size:182472 disposed:false
284 silly fetch manifest amp@~0.3.1
285 silly packumentCache full:https://registry.npmjs.org/amp cache-miss
286 http fetch GET 200 https://registry.npmjs.org/ansi-colors 80ms (cache revalidated)
287 silly packumentCache full:https://registry.npmjs.org/ansi-colors set size:110876 disposed:false
288 silly fetch manifest amp-message@~0.1.1
289 silly packumentCache full:https://registry.npmjs.org/amp-message cache-miss
290 http fetch GET 200 https://registry.npmjs.org/argparse 80ms (cache revalidated)
291 silly packumentCache full:https://registry.npmjs.org/argparse set size:49266 disposed:false
292 silly fetch manifest escape-string-regexp@^4.0.0
293 silly packumentCache full:https://registry.npmjs.org/escape-string-regexp cache-miss
294 http fetch GET 200 https://registry.npmjs.org/safe-buffer 79ms (cache revalidated)
295 silly packumentCache full:https://registry.npmjs.org/safe-buffer set size:41183 disposed:false
296 silly fetch manifest run-series@^1.1.8
297 silly packumentCache full:https://registry.npmjs.org/run-series cache-miss
298 http fetch GET 200 https://registry.npmjs.org/sax 89ms (cache revalidated)
299 silly packumentCache full:https://registry.npmjs.org/sax set size:82736 disposed:false
300 silly fetch manifest tv4@^1.3.0
301 silly packumentCache full:https://registry.npmjs.org/tv4 cache-miss
302 http fetch GET 200 https://registry.npmjs.org/amp 88ms (cache revalidated)
303 silly packumentCache full:https://registry.npmjs.org/amp set size:6794 disposed:false
304 silly fetch manifest charm@~0.1.1
305 silly packumentCache full:https://registry.npmjs.org/charm cache-miss
306 http fetch GET 200 https://registry.npmjs.org/iconv-lite 105ms (cache revalidated)
307 silly packumentCache full:https://registry.npmjs.org/iconv-lite set size:118890 disposed:false
308 silly fetch manifest pidusage@^2.0.21
309 silly packumentCache full:https://registry.npmjs.org/pidusage cache-hit
310 silly fetch manifest systeminformation@^5.7
311 silly packumentCache full:https://registry.npmjs.org/systeminformation cache-miss
312 http fetch GET 200 https://registry.npmjs.org/amp-message 101ms (cache revalidated)
313 silly packumentCache full:https://registry.npmjs.org/amp-message set size:6704 disposed:false
314 silly fetch manifest tx2@~1.0.4
315 silly packumentCache full:https://registry.npmjs.org/tx2 cache-miss
316 http fetch GET 200 https://registry.npmjs.org/escape-string-regexp 101ms (cache revalidated)
317 silly packumentCache full:https://registry.npmjs.org/escape-string-regexp set size:22244 disposed:false
318 silly fetch manifest read@^1.0.4
319 silly packumentCache full:https://registry.npmjs.org/read cache-miss
320 http fetch GET 200 https://registry.npmjs.org/tv4 94ms (cache revalidated)
321 silly packumentCache full:https://registry.npmjs.org/tv4 set size:84466 disposed:false
322 silly fetch manifest buffer-from@^1.0.0
323 silly packumentCache full:https://registry.npmjs.org/buffer-from cache-miss
324 http fetch GET 200 https://registry.npmjs.org/run-series 107ms (cache revalidated)
325 silly packumentCache full:https://registry.npmjs.org/run-series set size:35375 disposed:false
326 silly fetch manifest source-map@^0.6.0
327 silly packumentCache full:https://registry.npmjs.org/source-map cache-miss
328 http fetch GET 200 https://registry.npmjs.org/charm 96ms (cache revalidated)
329 silly packumentCache full:https://registry.npmjs.org/charm set size:27884 disposed:false
330 silly fetch manifest git-node-fs@^1.0.0
331 silly packumentCache full:https://registry.npmjs.org/git-node-fs cache-miss
332 http fetch GET 200 https://registry.npmjs.org/systeminformation 97ms (cache revalidated)
333 silly packumentCache full:https://registry.npmjs.org/systeminformation set size:2226169 disposed:false
334 silly fetch manifest ini@^1.3.5
335 silly packumentCache full:https://registry.npmjs.org/ini cache-miss
336 http fetch GET 200 https://registry.npmjs.org/tx2 95ms (cache revalidated)
337 silly packumentCache full:https://registry.npmjs.org/tx2 set size:7551 disposed:false
338 silly fetch manifest js-git@^0.7.8
339 silly packumentCache full:https://registry.npmjs.org/js-git cache-miss
340 http fetch GET 200 https://registry.npmjs.org/read 93ms (cache revalidated)
341 silly packumentCache full:https://registry.npmjs.org/read set size:35014 disposed:false
342 http fetch GET 200 https://registry.npmjs.org/git-node-fs 141ms (cache revalidated)
343 silly packumentCache full:https://registry.npmjs.org/git-node-fs set size:5780 disposed:false
344 http fetch GET 200 https://registry.npmjs.org/ini 106ms (cache revalidated)
345 silly packumentCache full:https://registry.npmjs.org/ini set size:54653 disposed:false
346 http fetch GET 200 https://registry.npmjs.org/source-map 151ms (cache revalidated)
347 silly packumentCache full:https://registry.npmjs.org/source-map set size:226090 disposed:false
348 http fetch GET 200 https://registry.npmjs.org/js-git 105ms (cache revalidated)
349 silly packumentCache full:https://registry.npmjs.org/js-git set size:47312 disposed:false
350 http fetch GET 200 https://registry.npmjs.org/buffer-from 176ms (cache revalidated)
351 silly packumentCache full:https://registry.npmjs.org/buffer-from set size:15463 disposed:false
352 silly fetch manifest bufferutil@^4.0.1
353 silly packumentCache full:https://registry.npmjs.org/bufferutil cache-miss
354 http fetch GET 200 https://registry.npmjs.org/bufferutil 138ms (cache revalidated)
355 silly packumentCache full:https://registry.npmjs.org/bufferutil set size:51033 disposed:false
356 silly fetch manifest utf-8-validate@^5.0.2
357 silly packumentCache full:https://registry.npmjs.org/utf-8-validate cache-miss
358 http fetch GET 200 https://registry.npmjs.org/utf-8-validate 144ms (cache revalidated)
359 silly packumentCache full:https://registry.npmjs.org/utf-8-validate set size:75205 disposed:false
360 silly placeDep node_modules/pm2 chalk@3.0.0 OK for: @pm2/agent@2.1.1 want: ~3.0.0
361 silly placeDep node_modules/pm2/node_modules/@pm2/agent dayjs@1.8.36 OK for: @pm2/agent@2.1.1 want: ~1.8.24
362 silly placeDep node_modules/pm2/node_modules/@pm2/agent debug@4.3.7 OK for: @pm2/agent@2.1.1 want: ~4.3.1
363 silly placeDep node_modules/pm2 fast-json-patch@3.1.1 OK for: @pm2/agent@2.1.1 want: ^3.1.0
364 silly placeDep node_modules/pm2 proxy-agent@6.4.0 OK for: @pm2/agent@2.1.1 want: ~6.4.0
365 silly placeDep node_modules/pm2/node_modules/@pm2/agent semver@7.5.4 OK for: @pm2/agent@2.1.1 want: ~7.5.0
366 silly placeDep node_modules/pm2 ws@7.5.10 OK for: @pm2/agent@2.1.1 want: ~7.5.10
367 silly fetch manifest ansi-styles@^4.1.0
368 silly packumentCache full:https://registry.npmjs.org/ansi-styles cache-miss
369 silly fetch manifest supports-color@^7.1.0
370 silly packumentCache full:https://registry.npmjs.org/supports-color cache-miss
371 silly fetch manifest lru-cache@^7.14.1
372 silly packumentCache full:https://registry.npmjs.org/lru-cache cache-miss
373 silly fetch manifest agent-base@^7.0.2
374 silly packumentCache full:https://registry.npmjs.org/agent-base cache-miss
375 silly fetch manifest proxy-from-env@^1.1.0
376 silly packumentCache full:https://registry.npmjs.org/proxy-from-env cache-miss
377 silly fetch manifest pac-proxy-agent@^7.0.1
378 silly packumentCache full:https://registry.npmjs.org/pac-proxy-agent cache-miss
379 http fetch GET 200 https://registry.npmjs.org/lru-cache 133ms (cache revalidated)
380 silly packumentCache full:https://registry.npmjs.org/lru-cache set size:400387 disposed:false
381 silly fetch manifest http-proxy-agent@^7.0.1
382 silly packumentCache full:https://registry.npmjs.org/http-proxy-agent cache-miss
383 http fetch GET 200 https://registry.npmjs.org/agent-base 143ms (cache revalidated)
384 silly packumentCache full:https://registry.npmjs.org/agent-base set size:67460 disposed:false
385 silly fetch manifest https-proxy-agent@^7.0.3
386 silly packumentCache full:https://registry.npmjs.org/https-proxy-agent cache-miss
387 http fetch GET 200 https://registry.npmjs.org/supports-color 150ms (cache revalidated)
388 silly packumentCache full:https://registry.npmjs.org/supports-color set size:118680 disposed:false
389 silly fetch manifest socks-proxy-agent@^8.0.2
390 silly packumentCache full:https://registry.npmjs.org/socks-proxy-agent cache-miss
391 http fetch GET 200 https://registry.npmjs.org/ansi-styles 156ms (cache revalidated)
392 silly packumentCache full:https://registry.npmjs.org/ansi-styles set size:63233 disposed:false
393 silly fetch manifest lru-cache@^6.0.0
394 silly packumentCache full:https://registry.npmjs.org/lru-cache cache-hit
395 http fetch GET 200 https://registry.npmjs.org/proxy-from-env 157ms (cache revalidated)
396 silly packumentCache full:https://registry.npmjs.org/proxy-from-env set size:15831 disposed:false
397 http fetch GET 200 https://registry.npmjs.org/pac-proxy-agent 158ms (cache revalidated)
398 silly packumentCache full:https://registry.npmjs.org/pac-proxy-agent set size:59229 disposed:false
399 http fetch GET 200 https://registry.npmjs.org/socks-proxy-agent 348ms (cache revalidated)
400 silly packumentCache full:https://registry.npmjs.org/socks-proxy-agent set size:96838 disposed:false
401 http fetch GET 200 https://registry.npmjs.org/https-proxy-agent 359ms (cache revalidated)
402 silly packumentCache full:https://registry.npmjs.org/https-proxy-agent set size:76241 disposed:false
403 http fetch GET 200 https://registry.npmjs.org/http-proxy-agent 366ms (cache revalidated)
404 silly packumentCache full:https://registry.npmjs.org/http-proxy-agent set size:50096 disposed:false
405 silly placeDep node_modules/pm2/node_modules/@pm2/io async@2.6.4 OK for: @pm2/io@6.1.0 want: ~2.6.1
406 silly placeDep node_modules/pm2/node_modules/@pm2/io debug@4.3.7 OK for: @pm2/io@6.1.0 want: ~4.3.1
407 silly placeDep node_modules/pm2/node_modules/@pm2/io eventemitter2@6.4.9 OK for: @pm2/io@6.1.0 want: ^6.3.1
408 silly placeDep node_modules/pm2 require-in-the-middle@5.2.0 OK for: @pm2/io@6.1.0 want: ^5.0.0
409 silly placeDep node_modules/pm2/node_modules/@pm2/io semver@7.5.4 OK for: @pm2/io@6.1.0 want: ~7.5.4
410 silly placeDep node_modules/pm2 shimmer@1.2.1 OK for: @pm2/io@6.1.0 want: ^1.2.0
411 silly placeDep node_modules/pm2 signal-exit@3.0.7 OK for: @pm2/io@6.1.0 want: ^3.0.3
412 silly placeDep node_modules/pm2 tslib@1.9.3 OK for: @pm2/io@6.1.0 want: 1.9.3
413 silly fetch manifest lodash@^4.17.14
414 silly packumentCache full:https://registry.npmjs.org/lodash cache-miss
415 silly fetch manifest resolve@^1.22.1
416 silly packumentCache full:https://registry.npmjs.org/resolve cache-miss
417 silly fetch manifest module-details-from-path@^1.0.3
418 silly packumentCache full:https://registry.npmjs.org/module-details-from-path cache-miss
419 http fetch GET 200 https://registry.npmjs.org/module-details-from-path 161ms (cache revalidated)
420 silly packumentCache full:https://registry.npmjs.org/module-details-from-path set size:10793 disposed:false
421 http fetch GET 200 https://registry.npmjs.org/resolve 165ms (cache revalidated)
422 silly packumentCache full:https://registry.npmjs.org/resolve set size:243806 disposed:false
423 http fetch GET 200 https://registry.npmjs.org/lodash 176ms (cache revalidated)
424 silly packumentCache full:https://registry.npmjs.org/lodash set size:242454 disposed:false
425 silly placeDep node_modules/pm2/node_modules/@pm2/js-api async@2.6.4 OK for: @pm2/js-api@0.8.0 want: ^2.6.3
426 silly placeDep node_modules/pm2/node_modules/@pm2/js-api debug@4.3.7 OK for: @pm2/js-api@0.8.0 want: ~4.3.1
427 silly placeDep node_modules/pm2/node_modules/@pm2/js-api eventemitter2@6.4.9 OK for: @pm2/js-api@0.8.0 want: ^6.3.1
428 silly placeDep node_modules/pm2 extrareqp2@1.0.0 OK for: @pm2/js-api@0.8.0 want: ^1.0.0
429 silly fetch manifest follow-redirects@^1.14.0
430 silly packumentCache full:https://registry.npmjs.org/follow-redirects cache-miss
431 http fetch GET 200 https://registry.npmjs.org/follow-redirects 173ms (cache revalidated)
432 silly packumentCache full:https://registry.npmjs.org/follow-redirects set size:186700 disposed:false
433 silly placeDep node_modules/pm2 ansi-styles@4.3.0 OK for: chalk@3.0.0 want: ^4.1.0
434 silly placeDep node_modules/pm2 supports-color@7.2.0 OK for: chalk@3.0.0 want: ^7.1.0
435 silly fetch manifest color-convert@^2.0.1
436 silly packumentCache full:https://registry.npmjs.org/color-convert cache-miss
437 silly fetch manifest has-flag@^4.0.0
438 silly packumentCache full:https://registry.npmjs.org/has-flag cache-miss
439 http fetch GET 200 https://registry.npmjs.org/has-flag 96ms (cache revalidated)
440 silly packumentCache full:https://registry.npmjs.org/has-flag set size:15180 disposed:false
441 http fetch GET 200 https://registry.npmjs.org/color-convert 100ms (cache revalidated)
442 silly packumentCache full:https://registry.npmjs.org/color-convert set size:70744 disposed:false
443 silly placeDep node_modules/pm2 color-convert@2.0.1 OK for: ansi-styles@4.3.0 want: ^2.0.1
444 silly fetch manifest color-name@~1.1.4
445 silly packumentCache full:https://registry.npmjs.org/color-name cache-miss
446 http fetch GET 200 https://registry.npmjs.org/color-name 180ms (cache revalidated)
447 silly packumentCache full:https://registry.npmjs.org/color-name set size:17921 disposed:false
448 silly placeDep node_modules/pm2 anymatch@3.1.3 OK for: chokidar@3.6.0 want: ~3.1.2
449 silly placeDep node_modules/pm2 braces@3.0.3 OK for: chokidar@3.6.0 want: ~3.0.2
450 silly placeDep node_modules/pm2 fsevents@2.3.3 OK for: chokidar@3.6.0 want: ~2.3.2
451 silly placeDep node_modules/pm2 glob-parent@5.1.2 OK for: chokidar@3.6.0 want: ~5.1.2
452 silly placeDep node_modules/pm2 is-binary-path@2.1.0 OK for: chokidar@3.6.0 want: ~2.1.0
453 silly placeDep node_modules/pm2 is-glob@4.0.3 OK for: chokidar@3.6.0 want: ~4.0.1
454 silly placeDep node_modules/pm2 normalize-path@3.0.0 OK for: chokidar@3.6.0 want: ~3.0.0
455 silly placeDep node_modules/pm2 readdirp@3.6.0 OK for: chokidar@3.6.0 want: ~3.6.0
456 silly fetch manifest picomatch@^2.0.4
457 silly packumentCache full:https://registry.npmjs.org/picomatch cache-miss
458 silly fetch manifest normalize-path@^3.0.0
459 silly packumentCache full:https://registry.npmjs.org/normalize-path cache-hit
460 silly fetch manifest fill-range@^7.1.1
461 silly packumentCache full:https://registry.npmjs.org/fill-range cache-miss
462 silly fetch manifest is-glob@^4.0.1
463 silly packumentCache full:https://registry.npmjs.org/is-glob cache-hit
464 silly fetch manifest binary-extensions@^2.0.0
465 silly packumentCache full:https://registry.npmjs.org/binary-extensions cache-miss
466 silly fetch manifest is-extglob@^2.1.1
467 silly packumentCache full:https://registry.npmjs.org/is-extglob cache-miss
468 silly fetch manifest picomatch@^2.2.1
469 silly packumentCache full:https://registry.npmjs.org/picomatch cache-miss
470 http fetch GET 200 https://registry.npmjs.org/is-extglob 176ms (cache revalidated)
471 silly packumentCache full:https://registry.npmjs.org/is-extglob set size:11766 disposed:false
472 http fetch GET 200 https://registry.npmjs.org/picomatch 175ms (cache revalidated)
473 silly packumentCache full:https://registry.npmjs.org/picomatch set size:118818 disposed:false
474 http fetch GET 200 https://registry.npmjs.org/picomatch 186ms (cache revalidated)
475 silly packumentCache full:https://registry.npmjs.org/picomatch set size:118818 disposed:false
476 silly packumentCache full:https://registry.npmjs.org/picomatch dispose
477 http fetch GET 200 https://registry.npmjs.org/fill-range 187ms (cache revalidated)
478 silly packumentCache full:https://registry.npmjs.org/fill-range set size:90212 disposed:false
479 http fetch GET 200 https://registry.npmjs.org/binary-extensions 190ms (cache revalidated)
480 silly packumentCache full:https://registry.npmjs.org/binary-extensions set size:51551 disposed:false
481 silly placeDep node_modules/pm2 picomatch@2.3.1 OK for: anymatch@3.1.3 want: ^2.0.4
482 silly placeDep node_modules/pm2 fill-range@7.1.1 OK for: braces@3.0.3 want: ^7.1.1
483 silly fetch manifest to-regex-range@^5.0.1
484 silly packumentCache full:https://registry.npmjs.org/to-regex-range cache-miss
485 http fetch GET 200 https://registry.npmjs.org/to-regex-range 177ms (cache revalidated)
486 silly packumentCache full:https://registry.npmjs.org/to-regex-range set size:61569 disposed:false
487 silly placeDep node_modules/pm2 color-name@1.1.4 OK for: color-convert@2.0.1 want: ~1.1.4
488 silly placeDep node_modules/pm2 ms@2.1.3 OK for: debug@4.4.3 want: ^2.1.3
489 silly placeDep node_modules/pm2 ansi-colors@4.1.3 OK for: enquirer@2.3.6 want: ^4.1.1
490 silly placeDep node_modules/pm2 follow-redirects@1.15.11 OK for: extrareqp2@1.0.0 want: ^1.14.0
491 silly placeDep node_modules/pm2 to-regex-range@5.0.1 OK for: fill-range@7.1.1 want: ^5.0.1
492 silly fetch manifest is-number@^7.0.0
493 silly packumentCache full:https://registry.npmjs.org/is-number cache-miss
494 http fetch GET 200 https://registry.npmjs.org/is-number 138ms (cache revalidated)
495 silly packumentCache full:https://registry.npmjs.org/is-number set size:36183 disposed:false
496 silly placeDep node_modules/pm2 binary-extensions@2.3.0 OK for: is-binary-path@2.1.0 want: ^2.0.0
497 silly placeDep node_modules/pm2 is-extglob@2.1.1 OK for: is-glob@4.0.3 want: ^2.1.1
498 silly placeDep node_modules/pm2 argparse@2.0.1 OK for: js-yaml@4.1.0 want: ^2.0.1
499 silly placeDep node_modules/pm2/node_modules/needle debug@3.2.7 OK for: needle@2.4.0 want: ^3.2.6
500 silly placeDep node_modules/pm2 iconv-lite@0.4.24 OK for: needle@2.4.0 want: ^0.4.4
501 silly placeDep node_modules/pm2 sax@1.4.1 OK for: needle@2.4.0 want: ^1.2.4
502 silly fetch manifest safer-buffer@>= 2.1.2 < 3
503 silly packumentCache full:https://registry.npmjs.org/safer-buffer cache-miss
504 http fetch GET 200 https://registry.npmjs.org/safer-buffer 139ms (cache revalidated)
505 silly packumentCache full:https://registry.npmjs.org/safer-buffer set size:18521 disposed:false
506 silly placeDep node_modules/pm2 safer-buffer@2.1.2 OK for: iconv-lite@0.4.24 want: >= 2.1.2 < 3
507 silly placeDep node_modules/pm2 safe-buffer@5.2.1 OK for: pidusage@3.0.2 want: ^5.2.1
508 silly placeDep node_modules/pm2 amp@0.3.1 OK for: pm2-axon@4.0.1 want: ~0.3.1
509 silly placeDep node_modules/pm2 amp-message@0.1.2 OK for: pm2-axon@4.0.1 want: ~0.1.1
510 silly placeDep node_modules/pm2 escape-string-regexp@4.0.0 OK for: pm2-axon@4.0.1 want: ^4.0.0
511 silly placeDep node_modules/pm2 run-series@1.1.9 OK for: pm2-deploy@1.0.2 want: ^1.1.8
512 silly placeDep node_modules/pm2 tv4@1.3.0 OK for: pm2-deploy@1.0.2 want: ^1.3.0
513 silly placeDep node_modules/pm2 charm@0.1.2 OK for: pm2-multimeter@0.1.2 want: ~0.1.1
514 silly placeDep node_modules/pm2/node_modules/pm2-sysmonit pidusage@2.0.21 OK for: pm2-sysmonit@1.2.8 want: ^2.0.21
515 silly placeDep node_modules/pm2 systeminformation@5.27.11 OK for: pm2-sysmonit@1.2.8 want: ^5.7
516 silly placeDep node_modules/pm2 tx2@1.0.5 OK for: pm2-sysmonit@1.2.8 want: ~1.0.4
517 silly fetch manifest json-stringify-safe@^5.0.1
518 silly packumentCache full:https://registry.npmjs.org/json-stringify-safe cache-miss
519 http fetch GET 200 https://registry.npmjs.org/json-stringify-safe 157ms (cache revalidated)
520 silly packumentCache full:https://registry.npmjs.org/json-stringify-safe set size:8806 disposed:false
521 silly placeDep node_modules/pm2 read@1.0.7 OK for: promptly@2.2.0 want: ^1.0.4
522 silly fetch manifest mute-stream@~0.0.4
523 silly packumentCache full:https://registry.npmjs.org/mute-stream cache-miss
524 http fetch GET 200 https://registry.npmjs.org/mute-stream 190ms (cache revalidated)
525 silly packumentCache full:https://registry.npmjs.org/mute-stream set size:19371 disposed:false
526 silly placeDep node_modules/pm2 agent-base@7.1.4 OK for: proxy-agent@6.4.0 want: ^7.0.2
527 silly placeDep node_modules/pm2 http-proxy-agent@7.0.2 OK for: proxy-agent@6.4.0 want: ^7.0.1
528 silly placeDep node_modules/pm2 https-proxy-agent@7.0.6 OK for: proxy-agent@6.4.0 want: ^7.0.3
529 silly placeDep node_modules/pm2 lru-cache@7.18.3 OK for: proxy-agent@6.4.0 want: ^7.14.1
530 silly placeDep node_modules/pm2 pac-proxy-agent@7.2.0 OK for: proxy-agent@6.4.0 want: ^7.0.1
531 silly placeDep node_modules/pm2 proxy-from-env@1.1.0 OK for: proxy-agent@6.4.0 want: ^1.1.0
532 silly placeDep node_modules/pm2 socks-proxy-agent@8.0.5 OK for: proxy-agent@6.4.0 want: ^8.0.2
533 silly fetch manifest @tootallnate/quickjs-emscripten@^0.23.0
534 silly packumentCache full:https://registry.npmjs.org/@tootallnate%2fquickjs-emscripten cache-miss
535 silly fetch manifest get-uri@^6.0.1
536 silly packumentCache full:https://registry.npmjs.org/get-uri cache-miss
537 silly fetch manifest pac-resolver@^7.0.1
538 silly packumentCache full:https://registry.npmjs.org/pac-resolver cache-miss
539 silly fetch manifest socks-proxy-agent@^8.0.5
540 silly packumentCache full:https://registry.npmjs.org/socks-proxy-agent cache-hit
541 silly fetch manifest socks@^2.8.3
542 silly packumentCache full:https://registry.npmjs.org/socks cache-miss
543 http fetch GET 200 https://registry.npmjs.org/get-uri 99ms (cache revalidated)
544 silly packumentCache full:https://registry.npmjs.org/get-uri set size:57591 disposed:false
545 http fetch GET 200 https://registry.npmjs.org/socks 105ms (cache revalidated)
546 silly packumentCache full:https://registry.npmjs.org/socks set size:168523 disposed:false
547 http fetch GET 200 https://registry.npmjs.org/pac-resolver 117ms (cache revalidated)
548 silly packumentCache full:https://registry.npmjs.org/pac-resolver set size:54112 disposed:false
549 http fetch GET 200 https://registry.npmjs.org/@tootallnate%2fquickjs-emscripten 163ms (cache revalidated)
550 silly packumentCache full:https://registry.npmjs.org/@tootallnate%2fquickjs-emscripten set size:27622 disposed:false
551 silly placeDep node_modules/pm2 @tootallnate/quickjs-emscripten@0.23.0 OK for: pac-proxy-agent@7.2.0 want: ^0.23.0
552 silly placeDep node_modules/pm2 get-uri@6.0.5 OK for: pac-proxy-agent@7.2.0 want: ^6.0.1
553 silly placeDep node_modules/pm2 pac-resolver@7.0.1 OK for: pac-proxy-agent@7.2.0 want: ^7.0.1
554 silly fetch manifest basic-ftp@^5.0.2
555 silly packumentCache full:https://registry.npmjs.org/basic-ftp cache-miss
556 silly fetch manifest data-uri-to-buffer@^6.0.2
557 silly packumentCache full:https://registry.npmjs.org/data-uri-to-buffer cache-miss
558 silly fetch manifest degenerator@^5.0.0
559 silly packumentCache full:https://registry.npmjs.org/degenerator cache-miss
560 silly fetch manifest netmask@^2.0.2
561 silly packumentCache full:https://registry.npmjs.org/netmask cache-miss
562 http fetch GET 200 https://registry.npmjs.org/basic-ftp 191ms (cache revalidated)
563 silly packumentCache full:https://registry.npmjs.org/basic-ftp set size:272247 disposed:false
564 http fetch GET 200 https://registry.npmjs.org/netmask 195ms (cache revalidated)
565 silly packumentCache full:https://registry.npmjs.org/netmask set size:21537 disposed:false
566 http fetch GET 200 https://registry.npmjs.org/degenerator 198ms (cache revalidated)
567 silly packumentCache full:https://registry.npmjs.org/degenerator set size:71179 disposed:false
568 http fetch GET 200 https://registry.npmjs.org/data-uri-to-buffer 202ms (cache revalidated)
569 silly packumentCache full:https://registry.npmjs.org/data-uri-to-buffer set size:43253 disposed:false
570 silly placeDep node_modules/pm2 basic-ftp@5.0.5 OK for: get-uri@6.0.5 want: ^5.0.2
571 silly placeDep node_modules/pm2 data-uri-to-buffer@6.0.2 OK for: get-uri@6.0.5 want: ^6.0.2
572 silly placeDep node_modules/pm2 degenerator@5.0.1 OK for: pac-resolver@7.0.1 want: ^5.0.0
573 silly placeDep node_modules/pm2 netmask@2.0.2 OK for: pac-resolver@7.0.1 want: ^2.0.2
574 silly fetch manifest ast-types@^0.13.4
575 silly packumentCache full:https://registry.npmjs.org/ast-types cache-miss
576 silly fetch manifest escodegen@^2.1.0
577 silly packumentCache full:https://registry.npmjs.org/escodegen cache-miss
578 silly fetch manifest esprima@^4.0.1
579 silly packumentCache full:https://registry.npmjs.org/esprima cache-miss
580 http fetch GET 200 https://registry.npmjs.org/escodegen 178ms (cache revalidated)
581 silly packumentCache full:https://registry.npmjs.org/escodegen set size:119723 disposed:false
582 http fetch GET 200 https://registry.npmjs.org/esprima 182ms (cache revalidated)
583 silly packumentCache full:https://registry.npmjs.org/esprima set size:118410 disposed:false
584 http fetch GET 200 https://registry.npmjs.org/ast-types 193ms (cache revalidated)
585 silly packumentCache full:https://registry.npmjs.org/ast-types set size:443020 disposed:false
586 silly placeDep node_modules/pm2 ast-types@0.13.4 OK for: degenerator@5.0.1 want: ^0.13.4
587 silly placeDep node_modules/pm2 escodegen@2.1.0 OK for: degenerator@5.0.1 want: ^2.1.0
588 silly placeDep node_modules/pm2 esprima@4.0.1 OK for: degenerator@5.0.1 want: ^4.0.1
589 silly fetch manifest tslib@^2.0.1
590 silly packumentCache full:https://registry.npmjs.org/tslib cache-hit
591 silly fetch manifest estraverse@^5.2.0
592 silly packumentCache full:https://registry.npmjs.org/estraverse cache-miss
593 silly fetch manifest esutils@^2.0.2
594 silly packumentCache full:https://registry.npmjs.org/esutils cache-miss
595 silly fetch manifest source-map@~0.6.1
596 silly packumentCache full:https://registry.npmjs.org/source-map cache-hit
597 http fetch GET 200 https://registry.npmjs.org/esutils 169ms (cache revalidated)
598 silly packumentCache full:https://registry.npmjs.org/esutils set size:29522 disposed:false
599 http fetch GET 200 https://registry.npmjs.org/estraverse 173ms (cache revalidated)
600 silly packumentCache full:https://registry.npmjs.org/estraverse set size:62412 disposed:false
601 silly placeDep node_modules/pm2/node_modules/ast-types tslib@2.8.1 OK for: ast-types@0.13.4 want: ^2.0.1
602 silly placeDep node_modules/pm2 estraverse@5.3.0 OK for: escodegen@2.1.0 want: ^5.2.0
603 silly placeDep node_modules/pm2 esutils@2.0.3 OK for: escodegen@2.1.0 want: ^2.0.2
604 silly placeDep node_modules/pm2 source-map@0.6.1 OK for: escodegen@2.1.0 want: ~0.6.1
605 silly placeDep node_modules/pm2 mute-stream@0.0.8 OK for: read@1.0.7 want: ~0.0.4
606 silly placeDep node_modules/pm2 module-details-from-path@1.0.4 OK for: require-in-the-middle@5.2.0 want: ^1.0.3
607 silly placeDep node_modules/pm2 resolve@1.22.10 OK for: require-in-the-middle@5.2.0 want: ^1.22.1
608 silly fetch manifest is-core-module@^2.16.0
609 silly packumentCache full:https://registry.npmjs.org/is-core-module cache-miss
610 silly fetch manifest path-parse@^1.0.7
611 silly packumentCache full:https://registry.npmjs.org/path-parse cache-miss
612 silly fetch manifest supports-preserve-symlinks-flag@^1.0.0
613 silly packumentCache full:https://registry.npmjs.org/supports-preserve-symlinks-flag cache-miss
614 http fetch GET 200 https://registry.npmjs.org/supports-preserve-symlinks-flag 180ms (cache revalidated)
615 silly packumentCache full:https://registry.npmjs.org/supports-preserve-symlinks-flag set size:6802 disposed:false
616 http fetch GET 200 https://registry.npmjs.org/path-parse 183ms (cache revalidated)
617 silly packumentCache full:https://registry.npmjs.org/path-parse set size:14523 disposed:false
618 http fetch GET 200 https://registry.npmjs.org/is-core-module 185ms (cache revalidated)
619 silly packumentCache full:https://registry.npmjs.org/is-core-module set size:71788 disposed:false
620 silly placeDep node_modules/pm2 is-core-module@2.16.1 OK for: resolve@1.22.10 want: ^2.16.0
621 silly placeDep node_modules/pm2 path-parse@1.0.7 OK for: resolve@1.22.10 want: ^1.0.7
622 silly placeDep node_modules/pm2 supports-preserve-symlinks-flag@1.0.0 OK for: resolve@1.22.10 want: ^1.0.0
623 silly fetch manifest hasown@^2.0.2
624 silly packumentCache full:https://registry.npmjs.org/hasown cache-miss
625 http fetch GET 200 https://registry.npmjs.org/hasown 74ms (cache revalidated)
626 silly packumentCache full:https://registry.npmjs.org/hasown set size:12476 disposed:false
627 silly placeDep node_modules/pm2 hasown@2.0.2 OK for: is-core-module@2.16.1 want: ^2.0.2
628 silly fetch manifest function-bind@^1.1.2
629 silly packumentCache full:https://registry.npmjs.org/function-bind cache-miss
630 http fetch GET 200 https://registry.npmjs.org/function-bind 134ms (cache revalidated)
631 silly packumentCache full:https://registry.npmjs.org/function-bind set size:15733 disposed:false
632 silly placeDep node_modules/pm2 function-bind@1.1.2 OK for: hasown@2.0.2 want: ^1.1.2
633 silly placeDep node_modules/pm2 socks@2.8.7 OK for: socks-proxy-agent@8.0.5 want: ^2.8.3
634 silly fetch manifest ip-address@^10.0.1
635 silly packumentCache full:https://registry.npmjs.org/ip-address cache-miss
636 silly fetch manifest smart-buffer@^4.2.0
637 silly packumentCache full:https://registry.npmjs.org/smart-buffer cache-miss
638 http fetch GET 200 https://registry.npmjs.org/ip-address 171ms (cache revalidated)
639 silly packumentCache full:https://registry.npmjs.org/ip-address set size:132466 disposed:false
640 http fetch GET 200 https://registry.npmjs.org/smart-buffer 179ms (cache revalidated)
641 silly packumentCache full:https://registry.npmjs.org/smart-buffer set size:87065 disposed:false
642 silly placeDep node_modules/pm2 ip-address@10.0.1 OK for: socks@2.8.7 want: ^10.0.1
643 silly placeDep node_modules/pm2 smart-buffer@4.2.0 OK for: socks@2.8.7 want: ^4.2.0
644 silly placeDep node_modules/pm2 buffer-from@1.1.2 OK for: source-map-support@0.5.21 want: ^1.0.0
645 silly placeDep node_modules/pm2 has-flag@4.0.0 OK for: supports-color@7.2.0 want: ^4.0.0
646 silly placeDep node_modules/pm2 is-number@7.0.0 OK for: to-regex-range@5.0.1 want: ^7.0.0
647 silly placeDep node_modules/pm2 json-stringify-safe@5.0.1 OK for: tx2@1.0.5 want: ^5.0.1
648 silly placeDep node_modules/pm2/node_modules/vizion async@2.6.4 OK for: vizion@2.2.1 want: ^2.6.3
649 silly placeDep node_modules/pm2 git-node-fs@1.0.0 OK for: vizion@2.2.1 want: ^1.0.0
650 silly placeDep node_modules/pm2 ini@1.3.8 OK for: vizion@2.2.1 want: ^1.3.5
651 silly placeDep node_modules/pm2 js-git@0.7.8 OK for: vizion@2.2.1 want: ^0.7.8
652 silly fetch manifest bodec@^0.1.0
653 silly packumentCache full:https://registry.npmjs.org/bodec cache-miss
654 silly fetch manifest culvert@^0.1.2
655 silly packumentCache full:https://registry.npmjs.org/culvert cache-miss
656 silly fetch manifest git-sha1@^0.1.2
657 silly packumentCache full:https://registry.npmjs.org/git-sha1 cache-miss
658 silly fetch manifest pako@^0.2.5
659 silly packumentCache full:https://registry.npmjs.org/pako cache-miss
660 http fetch GET 200 https://registry.npmjs.org/culvert 168ms (cache revalidated)
661 silly packumentCache full:https://registry.npmjs.org/culvert set size:6953 disposed:false
662 http fetch GET 200 https://registry.npmjs.org/git-sha1 169ms (cache revalidated)
663 silly packumentCache full:https://registry.npmjs.org/git-sha1 set size:4199 disposed:false
664 http fetch GET 200 https://registry.npmjs.org/pako 171ms (cache revalidated)
665 silly packumentCache full:https://registry.npmjs.org/pako set size:74234 disposed:false
666 http fetch GET 200 https://registry.npmjs.org/bodec 176ms (cache revalidated)
667 silly packumentCache full:https://registry.npmjs.org/bodec set size:5489 disposed:false
668 silly placeDep node_modules/pm2 bodec@0.1.0 OK for: js-git@0.7.8 want: ^0.1.0
669 silly placeDep node_modules/pm2 culvert@0.1.2 OK for: js-git@0.7.8 want: ^0.1.2
670 silly placeDep node_modules/pm2 git-sha1@0.1.2 OK for: js-git@0.7.8 want: ^0.1.2
671 silly placeDep node_modules/pm2 pako@0.2.9 OK for: js-git@0.7.8 want: ^0.2.5
672 silly placeDep node_modules/pm2/node_modules/@pm2/agent lru-cache@6.0.0 OK for: semver@7.5.4 want: ^6.0.0
673 silly fetch manifest yallist@^4.0.0
674 silly packumentCache full:https://registry.npmjs.org/yallist cache-miss
675 http fetch GET 200 https://registry.npmjs.org/yallist 178ms (cache revalidated)
676 silly packumentCache full:https://registry.npmjs.org/yallist set size:34610 disposed:false
677 silly placeDep node_modules/pm2 yallist@4.0.0 OK for: lru-cache@6.0.0 want: ^4.0.0
678 silly placeDep node_modules/pm2 lodash@4.17.21 OK for: async@2.6.4 want: ^4.17.14
679 silly placeDep node_modules/pm2/node_modules/@pm2/io lru-cache@6.0.0 OK for: semver@7.5.4 want: ^6.0.0
680 silly reify mark retired [
680 silly reify   '/data/data/com.termux/files/usr/lib/node_modules/pm2',
680 silly reify   '/data/data/com.termux/files/usr/bin/pm2',
680 silly reify   '/data/data/com.termux/files/usr/bin/pm2-dev',
680 silly reify   '/data/data/com.termux/files/usr/bin/pm2-docker',
680 silly reify   '/data/data/com.termux/files/usr/bin/pm2-runtime'
680 silly reify ]
681 silly reify moves {
681 silly reify   '/data/data/com.termux/files/usr/lib/node_modules/pm2': '/data/data/com.termux/files/usr/lib/node_modules/.pm2-FlVkszcj',
681 silly reify   '/data/data/com.termux/files/usr/bin/pm2': '/data/data/com.termux/files/usr/bin/.pm2-FRQaDvuS',
681 silly reify   '/data/data/com.termux/files/usr/bin/pm2-dev': '/data/data/com.termux/files/usr/bin/.pm2-dev-s4GlCs4K',
681 silly reify   '/data/data/com.termux/files/usr/bin/pm2-docker': '/data/data/com.termux/files/usr/bin/.pm2-docker-W0zuDwcB',
681 silly reify   '/data/data/com.termux/files/usr/bin/pm2-runtime': '/data/data/com.termux/files/usr/bin/.pm2-runtime-fy9YiYfS'
681 silly reify }
682 verbose reify failed optional dependency /data/data/com.termux/files/usr/lib/node_modules/pm2/node_modules/fsevents
683 silly reify mark deleted [
683 silly reify   '/data/data/com.termux/files/usr/lib/node_modules/pm2/node_modules/fsevents'
683 silly reify ]
684 http cache pm2@https://registry.npmjs.org/pm2/-/pm2-6.0.13.tgz 0ms (cache hit)
685 http cache @tootallnate/quickjs-emscripten@https://registry.npmjs.org/@tootallnate/quickjs-emscripten/-/quickjs-emscripten-0.23.0.tgz 0ms (cache hit)
686 http cache @pm2/pm2-version-check@https://registry.npmjs.org/@pm2/pm2-version-check/-/pm2-version-check-1.0.4.tgz 0ms (cache hit)
687 http cache @pm2/js-api@https://registry.npmjs.org/@pm2/js-api/-/js-api-0.8.0.tgz 0ms (cache hit)
688 http cache eventemitter2@https://registry.npmjs.org/eventemitter2/-/eventemitter2-6.4.9.tgz 0ms (cache hit)
689 http cache debug@https://registry.npmjs.org/debug/-/debug-4.3.7.tgz 0ms (cache hit)
690 http cache async@https://registry.npmjs.org/async/-/async-2.6.4.tgz 0ms (cache hit)
691 http cache @pm2/blessed@https://registry.npmjs.org/@pm2/blessed/-/blessed-0.1.81.tgz 0ms (cache hit)
692 http cache @pm2/io@https://registry.npmjs.org/@pm2/io/-/io-6.1.0.tgz 0ms (cache hit)
693 http cache async@https://registry.npmjs.org/async/-/async-2.6.4.tgz 0ms (cache hit)
694 http cache lru-cache@https://registry.npmjs.org/lru-cache/-/lru-cache-6.0.0.tgz 0ms (cache hit)
695 http cache semver@https://registry.npmjs.org/semver/-/semver-7.5.4.tgz 0ms (cache hit)
696 http cache debug@https://registry.npmjs.org/debug/-/debug-4.3.7.tgz 0ms (cache hit)
697 http cache eventemitter2@https://registry.npmjs.org/eventemitter2/-/eventemitter2-6.4.9.tgz 0ms (cache hit)
698 http cache @pm2/agent@https://registry.npmjs.org/@pm2/agent/-/agent-2.1.1.tgz 0ms (cache hit)
699 http cache dayjs@https://registry.npmjs.org/dayjs/-/dayjs-1.8.36.tgz 0ms (cache hit)
700 http cache semver@https://registry.npmjs.org/semver/-/semver-7.5.4.tgz 0ms (cache hit)
701 http cache lru-cache@https://registry.npmjs.org/lru-cache/-/lru-cache-6.0.0.tgz 0ms (cache hit)
702 http cache debug@https://registry.npmjs.org/debug/-/debug-4.3.7.tgz 0ms (cache hit)
703 http cache vizion@https://registry.npmjs.org/vizion/-/vizion-2.2.1.tgz 0ms (cache hit)
704 http cache async@https://registry.npmjs.org/async/-/async-2.6.4.tgz 0ms (cache hit)
705 http cache yallist@https://registry.npmjs.org/yallist/-/yallist-4.0.0.tgz 0ms (cache hit)
706 http cache to-regex-range@https://registry.npmjs.org/to-regex-range/-/to-regex-range-5.0.1.tgz 0ms (cache hit)
707 http cache ws@https://registry.npmjs.org/ws/-/ws-7.5.10.tgz 0ms (cache hit)
708 http cache tx2@https://registry.npmjs.org/tx2/-/tx2-1.0.5.tgz 0ms (cache hit)
709 http cache tslib@https://registry.npmjs.org/tslib/-/tslib-1.9.3.tgz 0ms (cache hit)
710 http cache tv4@https://registry.npmjs.org/tv4/-/tv4-1.3.0.tgz 0ms (cache hit)
711 http cache supports-color@https://registry.npmjs.org/supports-color/-/supports-color-7.2.0.tgz 0ms (cache hit)
712 http cache systeminformation@https://registry.npmjs.org/systeminformation/-/systeminformation-5.27.11.tgz 0ms (cache hit)
713 http cache supports-preserve-symlinks-flag@https://registry.npmjs.org/supports-preserve-symlinks-flag/-/supports-preserve-symlinks-flag-1.0.0.tgz 0ms (cache hit)
714 http cache sprintf-js@https://registry.npmjs.org/sprintf-js/-/sprintf-js-1.1.2.tgz 0ms (cache hit)
715 http cache source-map-support@https://registry.npmjs.org/source-map-support/-/source-map-support-0.5.21.tgz 0ms (cache hit)
716 http cache socks-proxy-agent@https://registry.npmjs.org/socks-proxy-agent/-/socks-proxy-agent-8.0.5.tgz 0ms (cache hit)
717 http cache source-map@https://registry.npmjs.org/source-map/-/source-map-0.6.1.tgz 0ms (cache hit)
718 http cache safer-buffer@https://registry.npmjs.org/safer-buffer/-/safer-buffer-2.1.2.tgz 0ms (cache hit)
719 http cache safe-buffer@https://registry.npmjs.org/safe-buffer/-/safe-buffer-5.2.1.tgz 0ms (cache hit)
720 http cache socks@https://registry.npmjs.org/socks/-/socks-2.8.7.tgz 0ms (cache hit)
721 http cache signal-exit@https://registry.npmjs.org/signal-exit/-/signal-exit-3.0.7.tgz 0ms (cache hit)
722 http cache smart-buffer@https://registry.npmjs.org/smart-buffer/-/smart-buffer-4.2.0.tgz 0ms (cache hit)
723 http cache shimmer@https://registry.npmjs.org/shimmer/-/shimmer-1.2.1.tgz 0ms (cache hit)
724 http cache semver@https://registry.npmjs.org/semver/-/semver-7.7.2.tgz 0ms (cache hit)
725 http cache sax@https://registry.npmjs.org/sax/-/sax-1.4.1.tgz 0ms (cache hit)
726 http cache run-series@https://registry.npmjs.org/run-series/-/run-series-1.1.9.tgz 0ms (cache hit)
727 http cache readdirp@https://registry.npmjs.org/readdirp/-/readdirp-3.6.0.tgz 0ms (cache hit)
728 http cache resolve@https://registry.npmjs.org/resolve/-/resolve-1.22.10.tgz 0ms (cache hit)
729 http cache require-in-the-middle@https://registry.npmjs.org/require-in-the-middle/-/require-in-the-middle-5.2.0.tgz 0ms (cache hit)
730 http cache proxy-from-env@https://registry.npmjs.org/proxy-from-env/-/proxy-from-env-1.1.0.tgz 0ms (cache hit)
731 http cache read@https://registry.npmjs.org/read/-/read-1.0.7.tgz 0ms (cache hit)
732 http cache proxy-agent@https://registry.npmjs.org/proxy-agent/-/proxy-agent-6.4.0.tgz 0ms (cache hit)
733 http cache pm2-sysmonit@https://registry.npmjs.org/pm2-sysmonit/-/pm2-sysmonit-1.2.8.tgz 0ms (cache hit)
734 http cache pidusage@https://registry.npmjs.org/pidusage/-/pidusage-2.0.21.tgz 0ms (cache hit)
735 http cache promptly@https://registry.npmjs.org/promptly/-/promptly-2.2.0.tgz 0ms (cache hit)
736 http cache pm2-deploy@https://registry.npmjs.org/pm2-deploy/-/pm2-deploy-1.0.2.tgz 0ms (cache hit)
737 http cache pm2-axon-rpc@https://registry.npmjs.org/pm2-axon-rpc/-/pm2-axon-rpc-0.7.1.tgz 0ms (cache hit)
738 http cache pm2-multimeter@https://registry.npmjs.org/pm2-multimeter/-/pm2-multimeter-0.1.2.tgz 0ms (cache hit)
739 http cache pidusage@https://registry.npmjs.org/pidusage/-/pidusage-3.0.2.tgz 0ms (cache hit)
740 http cache pm2-axon@https://registry.npmjs.org/pm2-axon/-/pm2-axon-4.0.1.tgz 0ms (cache hit)
741 http cache lodash@https://registry.npmjs.org/lodash/-/lodash-4.17.21.tgz 0ms (cache hit)
742 http cache path-parse@https://registry.npmjs.org/path-parse/-/path-parse-1.0.7.tgz 0ms (cache hit)
743 http cache picomatch@https://registry.npmjs.org/picomatch/-/picomatch-2.3.1.tgz 0ms (cache hit)
744 http cache pako@https://registry.npmjs.org/pako/-/pako-0.2.9.tgz 0ms (cache hit)
745 http cache pac-resolver@https://registry.npmjs.org/pac-resolver/-/pac-resolver-7.0.1.tgz 0ms (cache hit)
746 http cache pac-proxy-agent@https://registry.npmjs.org/pac-proxy-agent/-/pac-proxy-agent-7.2.0.tgz 0ms (cache hit)
747 http cache needle@https://registry.npmjs.org/needle/-/needle-2.4.0.tgz 0ms (cache hit)
748 http cache netmask@https://registry.npmjs.org/netmask/-/netmask-2.0.2.tgz 0ms (cache hit)
749 http cache normalize-path@https://registry.npmjs.org/normalize-path/-/normalize-path-3.0.0.tgz 0ms (cache hit)
750 http cache debug@https://registry.npmjs.org/debug/-/debug-3.2.7.tgz 0ms (cache hit)
751 http cache ms@https://registry.npmjs.org/ms/-/ms-2.1.3.tgz 0ms (cache hit)
752 http cache mute-stream@https://registry.npmjs.org/mute-stream/-/mute-stream-0.0.8.tgz 0ms (cache hit)
753 http cache mkdirp@https://registry.npmjs.org/mkdirp/-/mkdirp-1.0.4.tgz 0ms (cache hit)
754 http cache module-details-from-path@https://registry.npmjs.org/module-details-from-path/-/module-details-from-path-1.0.4.tgz 0ms (cache hit)
755 http cache lru-cache@https://registry.npmjs.org/lru-cache/-/lru-cache-7.18.3.tgz 0ms (cache hit)
756 http cache js-git@https://registry.npmjs.org/js-git/-/js-git-0.7.8.tgz 0ms (cache hit)
757 http cache json-stringify-safe@https://registry.npmjs.org/json-stringify-safe/-/json-stringify-safe-5.0.1.tgz 0ms (cache hit)
758 http cache js-yaml@https://registry.npmjs.org/js-yaml/-/js-yaml-4.1.0.tgz 0ms (cache hit)
759 http cache is-number@https://registry.npmjs.org/is-number/-/is-number-7.0.0.tgz 0ms (cache hit)
760 http cache is-glob@https://registry.npmjs.org/is-glob/-/is-glob-4.0.3.tgz 0ms (cache hit)
761 http cache is-extglob@https://registry.npmjs.org/is-extglob/-/is-extglob-2.1.1.tgz 0ms (cache hit)
762 http cache is-binary-path@https://registry.npmjs.org/is-binary-path/-/is-binary-path-2.1.0.tgz 1ms (cache hit)
763 http cache is-core-module@https://registry.npmjs.org/is-core-module/-/is-core-module-2.16.1.tgz 0ms (cache hit)
764 http cache ip-address@https://registry.npmjs.org/ip-address/-/ip-address-10.0.1.tgz 0ms (cache hit)
765 http cache iconv-lite@https://registry.npmjs.org/iconv-lite/-/iconv-lite-0.4.24.tgz 0ms (cache hit)
766 http cache ini@https://registry.npmjs.org/ini/-/ini-1.3.8.tgz 0ms (cache hit)
767 http cache hasown@https://registry.npmjs.org/hasown/-/hasown-2.0.2.tgz 0ms (cache hit)
768 http cache https-proxy-agent@https://registry.npmjs.org/https-proxy-agent/-/https-proxy-agent-7.0.6.tgz 0ms (cache hit)
769 http cache http-proxy-agent@https://registry.npmjs.org/http-proxy-agent/-/http-proxy-agent-7.0.2.tgz 0ms (cache hit)
770 http cache git-node-fs@https://registry.npmjs.org/git-node-fs/-/git-node-fs-1.0.0.tgz 0ms (cache hit)
771 http cache glob-parent@https://registry.npmjs.org/glob-parent/-/glob-parent-5.1.2.tgz 0ms (cache hit)
772 http cache git-sha1@https://registry.npmjs.org/git-sha1/-/git-sha1-0.1.2.tgz 0ms (cache hit)
773 http cache has-flag@https://registry.npmjs.org/has-flag/-/has-flag-4.0.0.tgz 0ms (cache hit)
774 http cache get-uri@https://registry.npmjs.org/get-uri/-/get-uri-6.0.5.tgz 0ms (cache hit)
775 http cache follow-redirects@https://registry.npmjs.org/follow-redirects/-/follow-redirects-1.15.11.tgz 0ms (cache hit)
776 http cache function-bind@https://registry.npmjs.org/function-bind/-/function-bind-1.1.2.tgz 0ms (cache hit)
777 http cache fill-range@https://registry.npmjs.org/fill-range/-/fill-range-7.1.1.tgz 0ms (cache hit)
778 http cache fclone@https://registry.npmjs.org/fclone/-/fclone-1.0.11.tgz 0ms (cache hit)
779 http cache extrareqp2@https://registry.npmjs.org/extrareqp2/-/extrareqp2-1.0.0.tgz 0ms (cache hit)
780 http cache esutils@https://registry.npmjs.org/esutils/-/esutils-2.0.3.tgz 0ms (cache hit)
781 http cache fast-json-patch@https://registry.npmjs.org/fast-json-patch/-/fast-json-patch-3.1.1.tgz 0ms (cache hit)
782 http cache escodegen@https://registry.npmjs.org/escodegen/-/escodegen-2.1.0.tgz 0ms (cache hit)
783 http cache eventemitter2@https://registry.npmjs.org/eventemitter2/-/eventemitter2-5.0.1.tgz 0ms (cache hit)
784 http cache estraverse@https://registry.npmjs.org/estraverse/-/estraverse-5.3.0.tgz 0ms (cache hit)
785 http cache escape-string-regexp@https://registry.npmjs.org/escape-string-regexp/-/escape-string-regexp-4.0.0.tgz 0ms (cache hit)
786 http cache esprima@https://registry.npmjs.org/esprima/-/esprima-4.0.1.tgz 0ms (cache hit)
787 http cache degenerator@https://registry.npmjs.org/degenerator/-/degenerator-5.0.1.tgz 0ms (cache hit)
788 http cache debug@https://registry.npmjs.org/debug/-/debug-4.4.3.tgz 0ms (cache hit)
789 http cache enquirer@https://registry.npmjs.org/enquirer/-/enquirer-2.3.6.tgz 0ms (cache hit)
790 http cache dayjs@https://registry.npmjs.org/dayjs/-/dayjs-1.11.15.tgz 0ms (cache hit)
791 http cache culvert@https://registry.npmjs.org/culvert/-/culvert-0.1.2.tgz 0ms (cache hit)
792 http cache commander@https://registry.npmjs.org/commander/-/commander-2.15.1.tgz 0ms (cache hit)
793 http cache data-uri-to-buffer@https://registry.npmjs.org/data-uri-to-buffer/-/data-uri-to-buffer-6.0.2.tgz 0ms (cache hit)
794 http cache color-convert@https://registry.npmjs.org/color-convert/-/color-convert-2.0.1.tgz 0ms (cache hit)
795 http cache croner@https://registry.npmjs.org/croner/-/croner-4.1.97.tgz 0ms (cache hit)
796 http cache cli-tableau@https://registry.npmjs.org/cli-tableau/-/cli-tableau-2.0.1.tgz 0ms (cache hit)
797 http cache color-name@https://registry.npmjs.org/color-name/-/color-name-1.1.4.tgz 0ms (cache hit)
798 http cache buffer-from@https://registry.npmjs.org/buffer-from/-/buffer-from-1.1.2.tgz 0ms (cache hit)
799 http cache charm@https://registry.npmjs.org/charm/-/charm-0.1.2.tgz 0ms (cache hit)
800 http cache chokidar@https://registry.npmjs.org/chokidar/-/chokidar-3.6.0.tgz 0ms (cache hit)
801 http cache chalk@https://registry.npmjs.org/chalk/-/chalk-3.0.0.tgz 0ms (cache hit)
802 http cache async@https://registry.npmjs.org/async/-/async-3.2.6.tgz 0ms (cache hit)
803 http cache basic-ftp@https://registry.npmjs.org/basic-ftp/-/basic-ftp-5.0.5.tgz 0ms (cache hit)
804 http cache braces@https://registry.npmjs.org/braces/-/braces-3.0.3.tgz 0ms (cache hit)
805 http cache binary-extensions@https://registry.npmjs.org/binary-extensions/-/binary-extensions-2.3.0.tgz 0ms (cache hit)
806 http cache bodec@https://registry.npmjs.org/bodec/-/bodec-0.1.0.tgz 0ms (cache hit)
807 http cache ansis@https://registry.npmjs.org/ansis/-/ansis-4.0.0-node10.tgz 0ms (cache hit)
808 http cache ast-types@https://registry.npmjs.org/ast-types/-/ast-types-0.13.4.tgz 0ms (cache hit)
809 http cache tslib@https://registry.npmjs.org/tslib/-/tslib-2.8.1.tgz 0ms (cache hit)
810 http cache ansi-styles@https://registry.npmjs.org/ansi-styles/-/ansi-styles-4.3.0.tgz 0ms (cache hit)
811 http cache anymatch@https://registry.npmjs.org/anymatch/-/anymatch-3.1.3.tgz 0ms (cache hit)
812 http cache argparse@https://registry.npmjs.org/argparse/-/argparse-2.0.1.tgz 0ms (cache hit)
813 http cache ansi-colors@https://registry.npmjs.org/ansi-colors/-/ansi-colors-4.1.3.tgz 0ms (cache hit)
814 http cache agent-base@https://registry.npmjs.org/agent-base/-/agent-base-7.1.4.tgz 0ms (cache hit)
815 http cache amp@https://registry.npmjs.org/amp/-/amp-0.3.1.tgz 0ms (cache hit)
816 http cache amp-message@https://registry.npmjs.org/amp-message/-/amp-message-0.1.2.tgz 0ms (cache hit)
817 silly CHANGE node_modules/pm2
818 silly ADD node_modules/pm2/node_modules/fsevents
819 silly CHANGE node_modules/pm2/node_modules/@tootallnate/quickjs-emscripten
820 silly CHANGE node_modules/pm2/node_modules/@pm2/pm2-version-check
821 silly CHANGE node_modules/pm2/node_modules/@pm2/js-api
822 silly CHANGE node_modules/pm2/node_modules/@pm2/js-api/node_modules/async
823 silly CHANGE node_modules/pm2/node_modules/@pm2/js-api/node_modules/eventemitter2
824 silly CHANGE node_modules/pm2/node_modules/@pm2/js-api/node_modules/debug
825 silly CHANGE node_modules/pm2/node_modules/@pm2/blessed
826 silly CHANGE node_modules/pm2/node_modules/@pm2/io
827 silly CHANGE node_modules/pm2/node_modules/@pm2/io/node_modules/async
828 silly CHANGE node_modules/pm2/node_modules/@pm2/io/node_modules/lru-cache
829 silly CHANGE node_modules/pm2/node_modules/@pm2/io/node_modules/semver
830 silly CHANGE node_modules/pm2/node_modules/@pm2/io/node_modules/debug
831 silly CHANGE node_modules/pm2/node_modules/@pm2/io/node_modules/eventemitter2
832 silly CHANGE node_modules/pm2/node_modules/@pm2/agent
833 silly CHANGE node_modules/pm2/node_modules/@pm2/agent/node_modules/dayjs
834 silly CHANGE node_modules/pm2/node_modules/@pm2/agent/node_modules/semver
835 silly CHANGE node_modules/pm2/node_modules/@pm2/agent/node_modules/debug
836 silly CHANGE node_modules/pm2/node_modules/@pm2/agent/node_modules/lru-cache
837 silly CHANGE node_modules/pm2/node_modules/vizion
838 silly CHANGE node_modules/pm2/node_modules/vizion/node_modules/async
839 silly CHANGE node_modules/pm2/node_modules/yallist
840 silly CHANGE node_modules/pm2/node_modules/ws
841 silly CHANGE node_modules/pm2/node_modules/to-regex-range
842 silly CHANGE node_modules/pm2/node_modules/tx2
843 silly CHANGE node_modules/pm2/node_modules/tslib
844 silly CHANGE node_modules/pm2/node_modules/tv4
845 silly CHANGE node_modules/pm2/node_modules/supports-color
846 silly CHANGE node_modules/pm2/node_modules/systeminformation
847 silly CHANGE node_modules/pm2/node_modules/supports-preserve-symlinks-flag
848 silly CHANGE node_modules/pm2/node_modules/sprintf-js
849 silly CHANGE node_modules/pm2/node_modules/source-map-support
850 silly CHANGE node_modules/pm2/node_modules/socks-proxy-agent
851 silly CHANGE node_modules/pm2/node_modules/source-map
852 silly CHANGE node_modules/pm2/node_modules/safer-buffer
853 silly CHANGE node_modules/pm2/node_modules/safe-buffer
854 silly CHANGE node_modules/pm2/node_modules/socks
855 silly CHANGE node_modules/pm2/node_modules/signal-exit
856 silly CHANGE node_modules/pm2/node_modules/smart-buffer
857 silly CHANGE node_modules/pm2/node_modules/shimmer
858 silly CHANGE node_modules/pm2/node_modules/semver
859 silly CHANGE node_modules/pm2/node_modules/sax
860 silly CHANGE node_modules/pm2/node_modules/run-series
861 silly CHANGE node_modules/pm2/node_modules/readdirp
862 silly CHANGE node_modules/pm2/node_modules/resolve
863 silly CHANGE node_modules/pm2/node_modules/require-in-the-middle
864 silly CHANGE node_modules/pm2/node_modules/proxy-from-env
865 silly CHANGE node_modules/pm2/node_modules/read
866 silly CHANGE node_modules/pm2/node_modules/proxy-agent
867 silly CHANGE node_modules/pm2/node_modules/pm2-sysmonit
868 silly CHANGE node_modules/pm2/node_modules/pm2-sysmonit/node_modules/pidusage
869 silly CHANGE node_modules/pm2/node_modules/promptly
870 silly CHANGE node_modules/pm2/node_modules/pm2-deploy
871 silly CHANGE node_modules/pm2/node_modules/pm2-axon-rpc
872 silly CHANGE node_modules/pm2/node_modules/pm2-multimeter
873 silly CHANGE node_modules/pm2/node_modules/pidusage
874 silly CHANGE node_modules/pm2/node_modules/pm2-axon
875 silly CHANGE node_modules/pm2/node_modules/lodash
876 silly CHANGE node_modules/pm2/node_modules/path-parse
877 silly CHANGE node_modules/pm2/node_modules/picomatch
878 silly CHANGE node_modules/pm2/node_modules/pako
879 silly CHANGE node_modules/pm2/node_modules/pac-resolver
880 silly CHANGE node_modules/pm2/node_modules/pac-proxy-agent
881 silly CHANGE node_modules/pm2/node_modules/netmask
882 silly CHANGE node_modules/pm2/node_modules/needle
883 silly CHANGE node_modules/pm2/node_modules/needle/node_modules/debug
884 silly CHANGE node_modules/pm2/node_modules/normalize-path
885 silly CHANGE node_modules/pm2/node_modules/mute-stream
886 silly CHANGE node_modules/pm2/node_modules/mkdirp
887 silly CHANGE node_modules/pm2/node_modules/ms
888 silly CHANGE node_modules/pm2/node_modules/module-details-from-path
889 silly CHANGE node_modules/pm2/node_modules/lru-cache
890 silly CHANGE node_modules/pm2/node_modules/js-git
891 silly CHANGE node_modules/pm2/node_modules/json-stringify-safe
892 silly CHANGE node_modules/pm2/node_modules/js-yaml
893 silly CHANGE node_modules/pm2/node_modules/is-number
894 silly CHANGE node_modules/pm2/node_modules/is-glob
895 silly CHANGE node_modules/pm2/node_modules/is-extglob
896 silly CHANGE node_modules/pm2/node_modules/is-binary-path
897 silly CHANGE node_modules/pm2/node_modules/is-core-module
898 silly CHANGE node_modules/pm2/node_modules/ip-address
899 silly CHANGE node_modules/pm2/node_modules/iconv-lite
900 silly CHANGE node_modules/pm2/node_modules/ini
901 silly CHANGE node_modules/pm2/node_modules/hasown
902 silly CHANGE node_modules/pm2/node_modules/https-proxy-agent
903 silly CHANGE node_modules/pm2/node_modules/http-proxy-agent
904 silly CHANGE node_modules/pm2/node_modules/git-node-fs
905 silly CHANGE node_modules/pm2/node_modules/glob-parent
906 silly CHANGE node_modules/pm2/node_modules/git-sha1
907 silly CHANGE node_modules/pm2/node_modules/has-flag
908 silly CHANGE node_modules/pm2/node_modules/get-uri
909 silly CHANGE node_modules/pm2/node_modules/follow-redirects
910 silly CHANGE node_modules/pm2/node_modules/function-bind
911 silly CHANGE node_modules/pm2/node_modules/fill-range
912 silly CHANGE node_modules/pm2/node_modules/extrareqp2
913 silly CHANGE node_modules/pm2/node_modules/fclone
914 silly CHANGE node_modules/pm2/node_modules/esutils
915 silly CHANGE node_modules/pm2/node_modules/fast-json-patch
916 silly CHANGE node_modules/pm2/node_modules/escodegen
917 silly CHANGE node_modules/pm2/node_modules/eventemitter2
918 silly CHANGE node_modules/pm2/node_modules/estraverse
919 silly CHANGE node_modules/pm2/node_modules/escape-string-regexp
920 silly CHANGE node_modules/pm2/node_modules/esprima
921 silly CHANGE node_modules/pm2/node_modules/degenerator
922 silly CHANGE node_modules/pm2/node_modules/debug
923 silly CHANGE node_modules/pm2/node_modules/enquirer
924 silly CHANGE node_modules/pm2/node_modules/dayjs
925 silly CHANGE node_modules/pm2/node_modules/culvert
926 silly CHANGE node_modules/pm2/node_modules/commander
927 silly CHANGE node_modules/pm2/node_modules/data-uri-to-buffer
928 silly CHANGE node_modules/pm2/node_modules/color-convert
929 silly CHANGE node_modules/pm2/node_modules/croner
930 silly CHANGE node_modules/pm2/node_modules/cli-tableau
931 silly CHANGE node_modules/pm2/node_modules/color-name
932 silly CHANGE node_modules/pm2/node_modules/buffer-from
933 silly CHANGE node_modules/pm2/node_modules/charm
934 silly CHANGE node_modules/pm2/node_modules/chokidar
935 silly CHANGE node_modules/pm2/node_modules/async
936 silly CHANGE node_modules/pm2/node_modules/chalk
937 silly CHANGE node_modules/pm2/node_modules/basic-ftp
938 silly CHANGE node_modules/pm2/node_modules/braces
939 silly CHANGE node_modules/pm2/node_modules/binary-extensions
940 silly CHANGE node_modules/pm2/node_modules/bodec
941 silly CHANGE node_modules/pm2/node_modules/ansis
942 silly CHANGE node_modules/pm2/node_modules/ast-types
943 silly CHANGE node_modules/pm2/node_modules/ast-types/node_modules/tslib
944 silly CHANGE node_modules/pm2/node_modules/ansi-styles
945 silly CHANGE node_modules/pm2/node_modules/anymatch
946 silly CHANGE node_modules/pm2/node_modules/argparse
947 silly CHANGE node_modules/pm2/node_modules/ansi-colors
948 silly CHANGE node_modules/pm2/node_modules/agent-base
949 silly CHANGE node_modules/pm2/node_modules/amp
950 silly CHANGE node_modules/pm2/node_modules/amp-message
951 verbose cwd /data/data/com.termux/files/home
952 verbose os Linux 5.4.289-qgki-g634a7f715748
953 verbose node v24.9.0
954 verbose npm  v11.6.0
955 verbose exit 0
956 info ok
