0 verbose cli /data/data/com.termux/files/usr/bin/node /data/data/com.termux/files/usr/bin/npm
1 info using npm@11.6.0
2 info using node@v24.9.0
3 silly config load:file:/data/data/com.termux/files/usr/lib/node_modules/npm/npmrc
4 silly config load:file:/data/data/com.termux/files/home/.npmrc
5 silly config load:file:/data/data/com.termux/files/usr/etc/npmrc
6 verbose title npm install sequelize@latest
7 verbose argv "install" "sequelize@latest"
8 verbose logfile logs-max:10 dir:/data/data/com.termux/files/home/.npm/_logs/2025-10-18T06_43_18_722Z-
9 verbose logfile /data/data/com.termux/files/home/.npm/_logs/2025-10-18T06_43_18_722Z-debug-0.log
10 silly logfile start cleaning logs, removing 1 files
11 silly packumentCache heap:1174405120 maxSize:293601280 maxEntrySize:146800640
12 silly logfile done cleaning log files
13 silly packumentCache corgi:https://registry.npmjs.org/sequelize cache-miss
14 http cache https://registry.npmjs.org/sequelize 91ms (cache hit)
15 silly packumentCache corgi:https://registry.npmjs.org/sequelize set size:1342524 disposed:false
16 silly idealTree buildDeps
17 silly fetch manifest sequelize@6.37.7
18 silly packumentCache full:https://registry.npmjs.org/sequelize cache-miss
19 http cache https://registry.npmjs.org/sequelize 40ms (cache hit)
20 silly packumentCache full:https://registry.npmjs.org/sequelize set size:4301064 disposed:false
21 silly placeDep ROOT sequelize@6.37.7 REPLACE for: facebook-autopublisher@1.0.0 want: 6.37.7
22 silly reify moves {}
23 silly audit bulk request {
23 silly audit   '@redis/bloom': [ '5.8.3' ],
23 silly audit   '@redis/client': [ '5.8.3' ],
23 silly audit   '@redis/json': [ '5.8.3' ],
23 silly audit   '@redis/search': [ '5.8.3' ],
23 silly audit   '@redis/time-series': [ '5.8.3' ],
23 silly audit   '@types/debug': [ '4.1.12' ],
23 silly audit   '@types/ms': [ '2.1.0' ],
23 silly audit   '@types/node': [ '24.8.1' ],
23 silly audit   '@types/validator': [ '13.15.3' ],
23 silly audit   accepts: [ '2.0.0' ],
23 silly audit   asynckit: [ '0.4.0' ],
23 silly audit   base64url: [ '3.0.1' ],
23 silly audit   'body-parser': [ '2.2.0' ],
23 silly audit   bytes: [ '3.1.2' ],
23 silly audit   'call-bind-apply-helpers': [ '1.0.2' ],
23 silly audit   'call-bound': [ '1.0.4' ],
23 silly audit   'cluster-key-slot': [ '1.1.2' ],
23 silly audit   'combined-stream': [ '1.0.8' ],
23 silly audit   'connect-redis': [ '9.0.0' ],
23 silly audit   'content-disposition': [ '1.0.0' ],
23 silly audit   'content-type': [ '1.0.5' ],
23 silly audit   cookie: [ '0.7.2' ],
23 silly audit   'cookie-signature': [ '1.2.2', '1.0.7' ],
23 silly audit   debug: [ '4.4.3', '2.6.9' ],
23 silly audit   'delayed-stream': [ '1.0.0' ],
23 silly audit   depd: [ '2.0.0' ],
23 silly audit   dotenv: [ '17.2.3' ],
23 silly audit   dottie: [ '2.0.6' ],
23 silly audit   'dunder-proto': [ '1.0.1' ],
23 silly audit   'ee-first': [ '1.1.1' ],
23 silly audit   encodeurl: [ '2.0.0' ],
23 silly audit   'es-define-property': [ '1.0.1' ],
23 silly audit   'es-errors': [ '1.3.0' ],
23 silly audit   'es-object-atoms': [ '1.1.1' ],
23 silly audit   'es-set-tostringtag': [ '2.1.0' ],
23 silly audit   'escape-html': [ '1.0.3' ],
23 silly audit   etag: [ '1.8.1' ],
23 silly audit   express: [ '5.1.0' ],
23 silly audit   'express-session': [ '1.18.2' ],
23 silly audit   ms: [ '2.0.0', '2.1.3' ],
23 silly audit   finalhandler: [ '2.1.0' ],
23 silly audit   'form-data': [ '4.0.4' ],
23 silly audit   'mime-db': [ '1.52.0', '1.54.0' ],
23 silly audit   'mime-types': [ '2.1.35', '3.0.1' ],
23 silly audit   forwarded: [ '0.2.0' ],
23 silly audit   fresh: [ '2.0.0' ],
23 silly audit   'function-bind': [ '1.1.2' ],
23 silly audit   'get-intrinsic': [ '1.3.0' ],
23 silly audit   'get-proto': [ '1.0.1' ],
23 silly audit   gopd: [ '1.2.0' ],
23 silly audit   'has-symbols': [ '1.1.0' ],
23 silly audit   'has-tostringtag': [ '1.0.2' ],
23 silly audit   hasown: [ '2.0.2' ],
23 silly audit   'http-errors': [ '2.0.0' ],
23 silly audit   statuses: [ '2.0.1', '2.0.2' ],
23 silly audit   'iconv-lite': [ '0.6.3', '0.7.0' ],
23 silly audit   inflection: [ '1.13.4' ],
23 silly audit   inherits: [ '2.0.4' ],
23 silly audit   'ipaddr.js': [ '1.9.1' ],
23 silly audit   'is-promise': [ '4.0.0' ],
23 silly audit   lodash: [ '4.17.21' ],
23 silly audit   'math-intrinsics': [ '1.1.0' ],
23 silly audit   'media-typer': [ '1.1.0' ],
23 silly audit   'merge-descriptors': [ '2.0.0' ],
23 silly audit   moment: [ '2.30.1' ],
23 silly audit   'moment-timezone': [ '0.5.48' ],
23 silly audit   negotiator: [ '1.0.0' ],
23 silly audit   'node-fetch': [ '2.7.0' ],
23 silly audit   oauth: [ '0.10.2' ],
23 silly audit   'object-inspect': [ '1.13.4' ],
23 silly audit   'on-finished': [ '2.4.1' ],
23 silly audit   'on-headers': [ '1.1.0' ],
23 silly audit   once: [ '1.4.0' ],
23 silly audit   parseurl: [ '1.3.3' ],
23 silly audit   passport: [ '0.7.0' ],
23 silly audit   'passport-facebook': [ '3.0.0' ],
23 silly audit   'passport-oauth2': [ '1.8.0' ],
23 silly audit   'passport-strategy': [ '1.0.0' ],
23 silly audit   'path-to-regexp': [ '8.3.0' ],
23 silly audit   pause: [ '0.0.1' ],
23 silly audit   pg: [ '8.16.3' ],
23 silly audit   'pg-cloudflare': [ '1.2.7' ],
23 silly audit   'pg-connection-string': [ '2.9.1' ],
23 silly audit   'pg-int8': [ '1.0.1' ],
23 silly audit   'pg-pool': [ '3.10.1' ],
23 silly audit   'pg-protocol': [ '1.10.3' ],
23 silly audit   'pg-types': [ '2.2.0' ],
23 silly audit   pgpass: [ '1.0.5' ],
23 silly audit   'postgres-array': [ '2.0.0' ],
23 silly audit   'postgres-bytea': [ '1.0.0' ],
23 silly audit   'postgres-date': [ '1.0.7' ],
23 silly audit   'postgres-interval': [ '1.2.0' ],
23 silly audit   'proxy-addr': [ '2.0.7' ],
23 silly audit   qs: [ '6.14.0' ],
23 silly audit   'random-bytes': [ '1.0.0' ],
23 silly audit   'range-parser': [ '1.2.1' ],
23 silly audit   'raw-body': [ '3.0.1' ],
23 silly audit   redis: [ '5.8.3' ],
23 silly audit   'retry-as-promised': [ '7.1.1' ],
23 silly audit   router: [ '2.2.0' ],
23 silly audit   'safe-buffer': [ '5.2.1' ],
23 silly audit   'safer-buffer': [ '2.1.2' ],
23 silly audit   semver: [ '7.7.3' ],
23 silly audit   send: [ '1.2.0' ],
23 silly audit   'sequelize-pool': [ '7.1.0' ],
23 silly audit   'serve-static': [ '2.2.0' ],
23 silly audit   setprototypeof: [ '1.2.0' ],
23 silly audit   'side-channel': [ '1.1.0' ],
23 silly audit   'side-channel-list': [ '1.0.0' ],
23 silly audit   'side-channel-map': [ '1.0.1' ],
23 silly audit   'side-channel-weakmap': [ '1.0.2' ],
23 silly audit   split2: [ '4.2.0' ],
23 silly audit   toidentifier: [ '1.0.1' ],
23 silly audit   'toposort-class': [ '1.0.1' ],
23 silly audit   tr46: [ '0.0.3' ],
23 silly audit   'type-is': [ '2.0.1' ],
23 silly audit   'uid-safe': [ '2.1.5' ],
23 silly audit   uid2: [ '0.0.4' ],
23 silly audit   'undici-types': [ '7.14.0' ],
23 silly audit   unpipe: [ '1.0.0' ],
23 silly audit   'utils-merge': [ '1.0.1' ],
23 silly audit   uuid: [ '8.3.2' ],
23 silly audit   validator: [ '13.15.15' ],
23 silly audit   vary: [ '1.1.2' ],
23 silly audit   'webidl-conversions': [ '3.0.1' ],
23 silly audit   'whatwg-url': [ '5.0.0' ],
23 silly audit   wkx: [ '0.5.0' ],
23 silly audit   wrappy: [ '1.0.2' ],
23 silly audit   xtend: [ '4.0.2' ],
23 silly audit   sequelize: [ '6.37.7' ]
23 silly audit }
24 http fetch POST 200 https://registry.npmjs.org/-/npm/v1/security/advisories/bulk 554ms
25 silly audit report {
25 silly audit report   validator: [
25 silly audit report     {
25 silly audit report       id: 1108959,
25 silly audit report       url: 'https://github.com/advisories/GHSA-9965-vmph-33xx',
25 silly audit report       title: 'validator.js has a URL validation bypass vulnerability in its isURL function',
25 silly audit report       severity: 'moderate',
25 silly audit report       vulnerable_versions: '<=13.15.15',
25 silly audit report       cwe: [Array],
25 silly audit report       cvss: [Object]
25 silly audit report     }
25 silly audit report   ]
25 silly audit report }
26 silly packumentCache corgi:https://registry.npmjs.org/validator cache-miss
27 http cache https://registry.npmjs.org/validator 14ms (cache hit)
28 silly packumentCache corgi:https://registry.npmjs.org/validator set size:167952 disposed:false
29 silly packumentCache corgi:https://registry.npmjs.org/sequelize cache-miss
30 http cache https://registry.npmjs.org/sequelize 17ms (cache hit)
31 silly packumentCache corgi:https://registry.npmjs.org/sequelize set size:1342524 disposed:false
32 verbose cwd /data/data/com.termux/files/home
33 verbose os Linux 5.4.289-qgki-g634a7f715748
34 verbose node v24.9.0
35 verbose npm  v11.6.0
36 verbose exit 0
37 info ok
