0 verbose cli /data/data/com.termux/files/usr/bin/node /data/data/com.termux/files/usr/bin/npm
1 info using npm@11.6.0
2 info using node@v24.9.0
3 silly config load:file:/data/data/com.termux/files/usr/lib/node_modules/npm/npmrc
4 silly config load:file:/data/data/com.termux/files/home/.npmrc
5 silly config load:file:/data/data/com.termux/files/usr/etc/npmrc
6 verbose title npm install redis@latest connect-redis@latest
7 verbose argv "install" "redis@latest" "connect-redis@latest"
8 verbose logfile logs-max:10 dir:/data/data/com.termux/files/home/.npm/_logs/2025-10-18T06_02_23_463Z-
9 verbose logfile /data/data/com.termux/files/home/.npm/_logs/2025-10-18T06_02_23_463Z-debug-0.log
10 silly logfile start cleaning logs, removing 1 files
11 silly packumentCache heap:1174405120 maxSize:293601280 maxEntrySize:146800640
12 silly logfile done cleaning log files
13 silly packumentCache corgi:https://registry.npmjs.org/redis cache-miss
14 silly packumentCache corgi:https://registry.npmjs.org/connect-redis cache-miss
15 http fetch GET 200 https://registry.npmjs.org/connect-redis 390ms (cache revalidated)
16 silly packumentCache corgi:https://registry.npmjs.org/connect-redis set size:76846 disposed:false
17 http fetch GET 200 https://registry.npmjs.org/redis 399ms (cache revalidated)
18 silly packumentCache corgi:https://registry.npmjs.org/redis set size:158974 disposed:false
19 silly idealTree buildDeps
20 silly fetch manifest connect-redis@9.0.0
21 silly packumentCache full:https://registry.npmjs.org/connect-redis cache-miss
22 http cache https://registry.npmjs.org/connect-redis 8ms (cache hit)
23 silly packumentCache full:https://registry.npmjs.org/connect-redis set size:154918 disposed:false
24 silly fetch manifest express-session@^1.18.2
25 silly packumentCache full:https://registry.npmjs.org/express-session cache-miss
26 http cache https://registry.npmjs.org/express-session 8ms (cache hit)
27 silly packumentCache full:https://registry.npmjs.org/express-session set size:194964 disposed:false
28 silly fetch manifest redis@5.8.3
29 silly packumentCache full:https://registry.npmjs.org/redis cache-miss
30 http cache https://registry.npmjs.org/redis 8ms (cache hit)
31 silly packumentCache full:https://registry.npmjs.org/redis set size:365562 disposed:false
32 silly placeDep ROOT connect-redis@9.0.0 REPLACE for: facebook-autopublisher@1.0.0 want: 9.0.0
33 silly placeDep ROOT redis@5.8.3 OK for: connect-redis@9.0.0 want: >=5
34 silly placeDep ROOT redis@5.8.3 REPLACE for: facebook-autopublisher@1.0.0 want: 5.8.3
35 silly fetch manifest @redis/bloom@5.8.3
36 silly packumentCache full:https://registry.npmjs.org/@redis%2fbloom cache-miss
37 silly fetch manifest @redis/client@5.8.3
38 silly packumentCache full:https://registry.npmjs.org/@redis%2fclient cache-miss
39 silly fetch manifest @redis/json@5.8.3
40 silly packumentCache full:https://registry.npmjs.org/@redis%2fjson cache-miss
41 silly fetch manifest @redis/search@5.8.3
42 silly packumentCache full:https://registry.npmjs.org/@redis%2fsearch cache-miss
43 silly fetch manifest @redis/time-series@5.8.3
44 silly packumentCache full:https://registry.npmjs.org/@redis%2ftime-series cache-miss
45 silly fetch manifest @redis/bloom@5.8.3
46 silly packumentCache full:https://registry.npmjs.org/@redis%2fbloom cache-miss
47 silly fetch manifest @redis/client@5.8.3
48 silly packumentCache full:https://registry.npmjs.org/@redis%2fclient cache-miss
49 http fetch GET 200 https://registry.npmjs.org/@redis%2fsearch 252ms (cache revalidated)
50 silly packumentCache full:https://registry.npmjs.org/@redis%2fsearch set size:68275 disposed:false
51 silly fetch manifest @redis/json@5.8.3
52 silly packumentCache full:https://registry.npmjs.org/@redis%2fjson cache-miss
53 http fetch GET 200 https://registry.npmjs.org/@redis%2fbloom 364ms (cache revalidated)
54 silly packumentCache full:https://registry.npmjs.org/@redis%2fbloom set size:50586 disposed:false
55 silly fetch manifest @redis/time-series@5.8.3
56 silly packumentCache full:https://registry.npmjs.org/@redis%2ftime-series cache-miss
57 http fetch GET 200 https://registry.npmjs.org/@redis%2fbloom 389ms (cache revalidated)
58 silly packumentCache full:https://registry.npmjs.org/@redis%2fbloom set size:50586 disposed:false
59 silly packumentCache full:https://registry.npmjs.org/@redis%2fbloom dispose
60 http fetch GET 200 https://registry.npmjs.org/@redis%2ftime-series 390ms (cache revalidated)
61 silly packumentCache full:https://registry.npmjs.org/@redis%2ftime-series set size:54867 disposed:false
62 http fetch GET 200 https://registry.npmjs.org/@redis%2fclient 395ms (cache revalidated)
63 silly packumentCache full:https://registry.npmjs.org/@redis%2fclient set size:125211 disposed:false
64 http fetch GET 200 https://registry.npmjs.org/@redis%2fclient 395ms (cache revalidated)
65 silly packumentCache full:https://registry.npmjs.org/@redis%2fclient set size:125211 disposed:false
66 silly packumentCache full:https://registry.npmjs.org/@redis%2fclient dispose
67 http fetch GET 200 https://registry.npmjs.org/@redis%2ftime-series 110ms (cache revalidated)
68 silly packumentCache full:https://registry.npmjs.org/@redis%2ftime-series set size:54867 disposed:false
69 silly packumentCache full:https://registry.npmjs.org/@redis%2ftime-series dispose
70 http fetch GET 200 https://registry.npmjs.org/@redis%2fjson 1217ms (cache revalidated)
71 silly packumentCache full:https://registry.npmjs.org/@redis%2fjson set size:52710 disposed:false
72 http fetch GET 200 https://registry.npmjs.org/@redis%2fjson 1478ms (cache revalidated)
73 silly packumentCache full:https://registry.npmjs.org/@redis%2fjson set size:52710 disposed:false
74 silly packumentCache full:https://registry.npmjs.org/@redis%2fjson dispose
75 silly placeDep ROOT @redis/bloom@5.8.3 OK for: redis@5.8.3 want: 5.8.3
76 silly placeDep ROOT @redis/client@5.8.3 OK for: @redis/bloom@5.8.3 want: ^5.8.3
77 silly placeDep ROOT @redis/json@5.8.3 OK for: redis@5.8.3 want: 5.8.3
78 silly placeDep ROOT @redis/search@5.8.3 OK for: redis@5.8.3 want: 5.8.3
79 silly placeDep ROOT @redis/time-series@5.8.3 OK for: redis@5.8.3 want: 5.8.3
80 silly fetch manifest cluster-key-slot@1.1.2
81 silly packumentCache full:https://registry.npmjs.org/cluster-key-slot cache-miss
82 http fetch GET 200 https://registry.npmjs.org/cluster-key-slot 68ms (cache revalidated)
83 silly packumentCache full:https://registry.npmjs.org/cluster-key-slot set size:44701 disposed:false
84 silly placeDep ROOT cluster-key-slot@1.1.2 OK for: @redis/client@5.8.3 want: 1.1.2
85 silly reify mark retired [ '/data/data/com.termux/files/home/node_modules/@redis/bloom' ]
86 silly reify mark retired [ '/data/data/com.termux/files/home/node_modules/@redis/client' ]
87 silly reify mark retired [ '/data/data/com.termux/files/home/node_modules/@redis/graph' ]
88 silly reify mark retired [ '/data/data/com.termux/files/home/node_modules/@redis/json' ]
89 silly reify mark retired [ '/data/data/com.termux/files/home/node_modules/@redis/search' ]
90 silly reify mark retired [ '/data/data/com.termux/files/home/node_modules/@redis/time-series' ]
91 silly reify mark retired [ '/data/data/com.termux/files/home/node_modules/generic-pool' ]
92 silly reify mark retired [ '/data/data/com.termux/files/home/node_modules/redis' ]
93 silly reify mark retired [ '/data/data/com.termux/files/home/node_modules/yallist' ]
94 silly reify moves {
94 silly reify   '/data/data/com.termux/files/home/node_modules/@redis/bloom': '/data/data/com.termux/files/home/node_modules/@redis/.bloom-g5KazP5C',
94 silly reify   '/data/data/com.termux/files/home/node_modules/@redis/client': '/data/data/com.termux/files/home/node_modules/@redis/.client-ypL1TubR',
94 silly reify   '/data/data/com.termux/files/home/node_modules/@redis/graph': '/data/data/com.termux/files/home/node_modules/@redis/.graph-LygNcPez',
94 silly reify   '/data/data/com.termux/files/home/node_modules/@redis/json': '/data/data/com.termux/files/home/node_modules/@redis/.json-ws1zvVq7',
94 silly reify   '/data/data/com.termux/files/home/node_modules/@redis/search': '/data/data/com.termux/files/home/node_modules/@redis/.search-itnMb0ls',
94 silly reify   '/data/data/com.termux/files/home/node_modules/@redis/time-series': '/data/data/com.termux/files/home/node_modules/@redis/.time-series-31icv9Zn',
94 silly reify   '/data/data/com.termux/files/home/node_modules/generic-pool': '/data/data/com.termux/files/home/node_modules/.generic-pool-mHJEdCqX',
94 silly reify   '/data/data/com.termux/files/home/node_modules/redis': '/data/data/com.termux/files/home/node_modules/.redis-PyiKRe04',
94 silly reify   '/data/data/com.termux/files/home/node_modules/yallist': '/data/data/com.termux/files/home/node_modules/.yallist-w2K1fIIk'
94 silly reify }
95 silly audit bulk request {
95 silly audit   accepts: [ '2.0.0' ],
95 silly audit   asynckit: [ '0.4.0' ],
95 silly audit   base64url: [ '3.0.1' ],
95 silly audit   'body-parser': [ '2.2.0' ],
95 silly audit   bytes: [ '3.1.2' ],
95 silly audit   'call-bind-apply-helpers': [ '1.0.2' ],
95 silly audit   'call-bound': [ '1.0.4' ],
95 silly audit   'combined-stream': [ '1.0.8' ],
95 silly audit   'content-disposition': [ '1.0.0' ],
95 silly audit   'content-type': [ '1.0.5' ],
95 silly audit   cookie: [ '0.7.2' ],
95 silly audit   'cookie-signature': [ '1.2.2', '1.0.7' ],
95 silly audit   debug: [ '4.4.3', '2.6.9' ],
95 silly audit   'delayed-stream': [ '1.0.0' ],
95 silly audit   depd: [ '2.0.0' ],
95 silly audit   dotenv: [ '17.2.3' ],
95 silly audit   'dunder-proto': [ '1.0.1' ],
95 silly audit   'ee-first': [ '1.1.1' ],
95 silly audit   encodeurl: [ '2.0.0' ],
95 silly audit   'es-define-property': [ '1.0.1' ],
95 silly audit   'es-errors': [ '1.3.0' ],
95 silly audit   'es-object-atoms': [ '1.1.1' ],
95 silly audit   'es-set-tostringtag': [ '2.1.0' ],
95 silly audit   'escape-html': [ '1.0.3' ],
95 silly audit   etag: [ '1.8.1' ],
95 silly audit   express: [ '5.1.0' ],
95 silly audit   'express-session': [ '1.18.2' ],
95 silly audit   ms: [ '2.0.0', '2.1.3' ],
95 silly audit   finalhandler: [ '2.1.0' ],
95 silly audit   'form-data': [ '4.0.4' ],
95 silly audit   'mime-db': [ '1.52.0', '1.54.0' ],
95 silly audit   'mime-types': [ '2.1.35', '3.0.1' ],
95 silly audit   forwarded: [ '0.2.0' ],
95 silly audit   fresh: [ '2.0.0' ],
95 silly audit   'function-bind': [ '1.1.2' ],
95 silly audit   'get-intrinsic': [ '1.3.0' ],
95 silly audit   'get-proto': [ '1.0.1' ],
95 silly audit   gopd: [ '1.2.0' ],
95 silly audit   'has-symbols': [ '1.1.0' ],
95 silly audit   'has-tostringtag': [ '1.0.2' ],
95 silly audit   hasown: [ '2.0.2' ],
95 silly audit   'http-errors': [ '2.0.0' ],
95 silly audit   statuses: [ '2.0.1', '2.0.2' ],
95 silly audit   'iconv-lite': [ '0.6.3', '0.7.0' ],
95 silly audit   inherits: [ '2.0.4' ],
95 silly audit   'ipaddr.js': [ '1.9.1' ],
95 silly audit   'is-promise': [ '4.0.0' ],
95 silly audit   'math-intrinsics': [ '1.1.0' ],
95 silly audit   'media-typer': [ '1.1.0' ],
95 silly audit   'merge-descriptors': [ '2.0.0' ],
95 silly audit   negotiator: [ '1.0.0' ],
95 silly audit   'node-fetch': [ '2.7.0' ],
95 silly audit   oauth: [ '0.10.2' ],
95 silly audit   'object-inspect': [ '1.13.4' ],
95 silly audit   'on-finished': [ '2.4.1' ],
95 silly audit   'on-headers': [ '1.1.0' ],
95 silly audit   once: [ '1.4.0' ],
95 silly audit   parseurl: [ '1.3.3' ],
95 silly audit   passport: [ '0.7.0' ],
95 silly audit   'passport-facebook': [ '3.0.0' ],
95 silly audit   'passport-oauth2': [ '1.8.0' ],
95 silly audit   'passport-strategy': [ '1.0.0' ],
95 silly audit   'path-to-regexp': [ '8.3.0' ],
95 silly audit   pause: [ '0.0.1' ],
95 silly audit   'proxy-addr': [ '2.0.7' ],
95 silly audit   qs: [ '6.14.0' ],
95 silly audit   'random-bytes': [ '1.0.0' ],
95 silly audit   'range-parser': [ '1.2.1' ],
95 silly audit   'raw-body': [ '3.0.1' ],
95 silly audit   router: [ '2.2.0' ],
95 silly audit   'safe-buffer': [ '5.2.1' ],
95 silly audit   'safer-buffer': [ '2.1.2' ],
95 silly audit   send: [ '1.2.0' ],
95 silly audit   'serve-static': [ '2.2.0' ],
95 silly audit   setprototypeof: [ '1.2.0' ],
95 silly audit   'side-channel': [ '1.1.0' ],
95 silly audit   'side-channel-list': [ '1.0.0' ],
95 silly audit   'side-channel-map': [ '1.0.1' ],
95 silly audit   'side-channel-weakmap': [ '1.0.2' ],
95 silly audit   toidentifier: [ '1.0.1' ],
95 silly audit   tr46: [ '0.0.3' ],
95 silly audit   'type-is': [ '2.0.1' ],
95 silly audit   'uid-safe': [ '2.1.5' ],
95 silly audit   uid2: [ '0.0.4' ],
95 silly audit   unpipe: [ '1.0.0' ],
95 silly audit   'utils-merge': [ '1.0.1' ],
95 silly audit   vary: [ '1.1.2' ],
95 silly audit   'webidl-conversions': [ '3.0.1' ],
95 silly audit   'whatwg-url': [ '5.0.0' ],
95 silly audit   wrappy: [ '1.0.2' ],
95 silly audit   'connect-redis': [ '9.0.0' ],
95 silly audit   redis: [ '5.8.3' ],
95 silly audit   '@redis/bloom': [ '5.8.3' ],
95 silly audit   '@redis/client': [ '5.8.3' ],
95 silly audit   '@redis/json': [ '5.8.3' ],
95 silly audit   '@redis/search': [ '5.8.3' ],
95 silly audit   '@redis/time-series': [ '5.8.3' ],
95 silly audit   'cluster-key-slot': [ '1.1.2' ]
95 silly audit }
96 http cache redis@https://registry.npmjs.org/redis/-/redis-5.8.3.tgz 0ms (cache hit)
97 http cache @redis/time-series@https://registry.npmjs.org/@redis/time-series/-/time-series-5.8.3.tgz 0ms (cache hit)
98 http cache @redis/search@https://registry.npmjs.org/@redis/search/-/search-5.8.3.tgz 0ms (cache hit)
99 http cache @redis/json@https://registry.npmjs.org/@redis/json/-/json-5.8.3.tgz 0ms (cache hit)
100 http cache @redis/client@https://registry.npmjs.org/@redis/client/-/client-5.8.3.tgz 0ms (cache hit)
101 http cache @redis/bloom@https://registry.npmjs.org/@redis/bloom/-/bloom-5.8.3.tgz 0ms (cache hit)
102 http fetch POST 200 https://registry.npmjs.org/-/npm/v1/security/advisories/bulk 347ms
103 silly audit report {}
104 silly REMOVE node_modules/yallist
105 silly CHANGE node_modules/redis
106 silly REMOVE node_modules/generic-pool
107 silly CHANGE node_modules/@redis/time-series
108 silly CHANGE node_modules/@redis/search
109 silly CHANGE node_modules/@redis/json
110 silly REMOVE node_modules/@redis/graph
111 silly CHANGE node_modules/@redis/client
112 silly CHANGE node_modules/@redis/bloom
113 verbose cwd /data/data/com.termux/files/home
114 verbose os Linux 5.4.289-qgki-g634a7f715748
115 verbose node v24.9.0
116 verbose npm  v11.6.0
117 verbose exit 0
118 info ok
