0 verbose cli /data/data/com.termux/files/usr/bin/node /data/data/com.termux/files/usr/bin/npm
1 info using npm@11.6.0
2 info using node@v24.9.0
3 silly config load:file:/data/data/com.termux/files/usr/lib/node_modules/npm/npmrc
4 silly config load:file:/data/data/com.termux/files/home/facebook-autopublisher/.npmrc
5 silly config load:file:/data/data/com.termux/files/home/.npmrc
6 silly config load:file:/data/data/com.termux/files/usr/etc/npmrc
7 verbose title npm install axios fs path
8 verbose argv "install" "axios" "fs" "path"
9 verbose logfile logs-max:10 dir:/data/data/com.termux/files/home/.npm/_logs/2025-10-17T02_44_52_513Z-
10 verbose logfile /data/data/com.termux/files/home/.npm/_logs/2025-10-17T02_44_52_513Z-debug-0.log
11 silly logfile start cleaning logs, removing 1 files
12 silly packumentCache heap:1174405120 maxSize:293601280 maxEntrySize:146800640
13 silly logfile done cleaning log files
14 silly idealTree buildDeps
15 silly fetch manifest axios@^1.12.2
16 silly packumentCache full:https://registry.npmjs.org/axios cache-miss
17 http cache https://registry.npmjs.org/axios 52ms (cache hit)
18 silly packumentCache full:https://registry.npmjs.org/axios set size:641343 disposed:false
19 silly fetch manifest fs@*
20 silly packumentCache full:https://registry.npmjs.org/fs cache-miss
21 http fetch GET 200 https://registry.npmjs.org/fs 334ms (cache miss)
22 silly packumentCache full:https://registry.npmjs.org/fs set size:undefined disposed:false
23 silly fetch manifest path@*
24 silly packumentCache full:https://registry.npmjs.org/path cache-miss
25 http fetch GET 200 https://registry.npmjs.org/path 83ms (cache miss)
26 silly packumentCache full:https://registry.npmjs.org/path set size:undefined disposed:false
27 silly placeDep ROOT axios@1.12.2 REPLACE for: facebook-autopublisher@1.0.0 want: ^1.12.2
28 silly placeDep ROOT fs@0.0.1-security OK for: facebook-autopublisher@1.0.0 want: *
29 silly placeDep ROOT path@0.12.7 OK for: facebook-autopublisher@1.0.0 want: *
30 silly fetch manifest process@^0.11.1
31 silly packumentCache full:https://registry.npmjs.org/process cache-miss
32 silly fetch manifest util@^0.10.3
33 silly packumentCache full:https://registry.npmjs.org/util cache-miss
34 http fetch GET 200 https://registry.npmjs.org/process 83ms (cache miss)
35 silly packumentCache full:https://registry.npmjs.org/process set size:undefined disposed:false
36 http fetch GET 200 https://registry.npmjs.org/util 238ms (cache miss)
37 silly packumentCache full:https://registry.npmjs.org/util set size:undefined disposed:false
38 silly placeDep ROOT process@0.11.10 OK for: path@0.12.7 want: ^0.11.1
39 silly placeDep ROOT util@0.10.4 OK for: path@0.12.7 want: ^0.10.3
40 silly fetch manifest inherits@2.0.3
41 silly packumentCache full:https://registry.npmjs.org/inherits cache-miss
42 http fetch GET 200 https://registry.npmjs.org/inherits 86ms (cache revalidated)
43 silly packumentCache full:https://registry.npmjs.org/inherits set size:12925 disposed:false
44 silly placeDep ROOT inherits@2.0.3 OK for: util@0.10.4 want: 2.0.3
45 silly reify moves {}
46 silly audit bulk request {
46 silly audit   asynckit: [ '0.4.0' ],
46 silly audit   'call-bind-apply-helpers': [ '1.0.2' ],
46 silly audit   'combined-stream': [ '1.0.8' ],
46 silly audit   'delayed-stream': [ '1.0.0' ],
46 silly audit   'dunder-proto': [ '1.0.1' ],
46 silly audit   'es-define-property': [ '1.0.1' ],
46 silly audit   'es-errors': [ '1.3.0' ],
46 silly audit   'es-object-atoms': [ '1.1.1' ],
46 silly audit   'es-set-tostringtag': [ '2.1.0' ],
46 silly audit   'follow-redirects': [ '1.15.11' ],
46 silly audit   'form-data': [ '4.0.4' ],
46 silly audit   'function-bind': [ '1.1.2' ],
46 silly audit   'get-intrinsic': [ '1.3.0' ],
46 silly audit   'get-proto': [ '1.0.1' ],
46 silly audit   gopd: [ '1.2.0' ],
46 silly audit   'has-symbols': [ '1.1.0' ],
46 silly audit   'has-tostringtag': [ '1.0.2' ],
46 silly audit   hasown: [ '2.0.2' ],
46 silly audit   'math-intrinsics': [ '1.1.0' ],
46 silly audit   'mime-db': [ '1.52.0' ],
46 silly audit   'mime-types': [ '2.1.35' ],
46 silly audit   'node-fetch': [ '2.7.0' ],
46 silly audit   'proxy-from-env': [ '1.1.0' ],
46 silly audit   tr46: [ '0.0.3' ],
46 silly audit   'webidl-conversions': [ '3.0.1' ],
46 silly audit   'whatwg-url': [ '5.0.0' ],
46 silly audit   axios: [ '1.12.2' ],
46 silly audit   fs: [ '0.0.1-security' ],
46 silly audit   path: [ '0.12.7' ],
46 silly audit   process: [ '0.11.10' ],
46 silly audit   util: [ '0.10.4' ],
46 silly audit   inherits: [ '2.0.3' ]
46 silly audit }
47 http cache util@https://registry.npmjs.org/util/-/util-0.10.4.tgz 0ms (cache hit)
48 http cache inherits@https://registry.npmjs.org/inherits/-/inherits-2.0.3.tgz 0ms (cache hit)
49 http cache fs@https://registry.npmjs.org/fs/-/fs-0.0.1-security.tgz 0ms (cache hit)
50 http cache path@https://registry.npmjs.org/path/-/path-0.12.7.tgz 0ms (cache hit)
51 http cache process@https://registry.npmjs.org/process/-/process-0.11.10.tgz 0ms (cache hit)
52 silly tarball no local data for fs@https://registry.npmjs.org/fs/-/fs-0.0.1-security.tgz. Extracting by manifest.
53 silly tarball no local data for util@https://registry.npmjs.org/util/-/util-0.10.4.tgz. Extracting by manifest.
54 silly tarball no local data for path@https://registry.npmjs.org/path/-/path-0.12.7.tgz. Extracting by manifest.
55 silly tarball no local data for process@https://registry.npmjs.org/process/-/process-0.11.10.tgz. Extracting by manifest.
56 http fetch GET 200 https://registry.npmjs.org/fs/-/fs-0.0.1-security.tgz 89ms (cache miss)
57 http fetch POST 200 https://registry.npmjs.org/-/npm/v1/security/advisories/bulk 351ms
58 silly audit report {}
59 http fetch GET 200 https://registry.npmjs.org/process/-/process-0.11.10.tgz 341ms (cache miss)
60 http fetch GET 200 https://registry.npmjs.org/util/-/util-0.10.4.tgz 345ms (cache miss)
61 http fetch GET 200 https://registry.npmjs.org/path/-/path-0.12.7.tgz 401ms (cache miss)
62 silly ADD node_modules/inherits
63 silly ADD node_modules/util
64 silly ADD node_modules/process
65 silly ADD node_modules/path
66 silly ADD node_modules/fs
67 verbose cwd /data/data/com.termux/files/home/facebook-autopublisher
68 verbose os Linux 5.4.289-qgki-g634a7f715748
69 verbose node v24.9.0
70 verbose npm  v11.6.0
71 verbose exit 0
72 info ok
