0 verbose cli /data/data/com.termux/files/usr/bin/node /data/data/com.termux/files/usr/bin/npm
1 info using npm@11.6.0
2 info using node@v24.9.0
3 silly config load:file:/data/data/com.termux/files/usr/lib/node_modules/npm/npmrc
4 silly config load:file:/data/data/com.termux/files/home/.npmrc
5 silly config load:file:/data/data/com.termux/files/usr/etc/npmrc
6 verbose title npm audit fix
7 verbose argv "audit" "fix"
8 verbose logfile logs-max:10 dir:/data/data/com.termux/files/home/.npm/_logs/2025-10-18T06_41_56_953Z-
9 verbose logfile /data/data/com.termux/files/home/.npm/_logs/2025-10-18T06_41_56_953Z-debug-0.log
10 silly logfile start cleaning logs, removing 1 files
11 silly packumentCache heap:1174405120 maxSize:293601280 maxEntrySize:146800640
12 silly logfile done cleaning log files
13 silly audit bulk request {
13 silly audit   '@redis/bloom': [ '5.8.3' ],
13 silly audit   '@redis/client': [ '5.8.3' ],
13 silly audit   '@redis/json': [ '5.8.3' ],
13 silly audit   '@redis/search': [ '5.8.3' ],
13 silly audit   '@redis/time-series': [ '5.8.3' ],
13 silly audit   '@types/debug': [ '4.1.12' ],
13 silly audit   '@types/ms': [ '2.1.0' ],
13 silly audit   '@types/node': [ '24.8.1' ],
13 silly audit   '@types/validator': [ '13.15.3' ],
13 silly audit   accepts: [ '2.0.0' ],
13 silly audit   asynckit: [ '0.4.0' ],
13 silly audit   base64url: [ '3.0.1' ],
13 silly audit   'body-parser': [ '2.2.0' ],
13 silly audit   bytes: [ '3.1.2' ],
13 silly audit   'call-bind-apply-helpers': [ '1.0.2' ],
13 silly audit   'call-bound': [ '1.0.4' ],
13 silly audit   'cluster-key-slot': [ '1.1.2' ],
13 silly audit   'combined-stream': [ '1.0.8' ],
13 silly audit   'connect-redis': [ '9.0.0' ],
13 silly audit   'content-disposition': [ '1.0.0' ],
13 silly audit   'content-type': [ '1.0.5' ],
13 silly audit   cookie: [ '0.7.2' ],
13 silly audit   'cookie-signature': [ '1.2.2', '1.0.7' ],
13 silly audit   debug: [ '4.4.3', '2.6.9' ],
13 silly audit   'delayed-stream': [ '1.0.0' ],
13 silly audit   depd: [ '2.0.0' ],
13 silly audit   dotenv: [ '17.2.3' ],
13 silly audit   dottie: [ '2.0.6' ],
13 silly audit   'dunder-proto': [ '1.0.1' ],
13 silly audit   'ee-first': [ '1.1.1' ],
13 silly audit   encodeurl: [ '2.0.0' ],
13 silly audit   'es-define-property': [ '1.0.1' ],
13 silly audit   'es-errors': [ '1.3.0' ],
13 silly audit   'es-object-atoms': [ '1.1.1' ],
13 silly audit   'es-set-tostringtag': [ '2.1.0' ],
13 silly audit   'escape-html': [ '1.0.3' ],
13 silly audit   etag: [ '1.8.1' ],
13 silly audit   express: [ '5.1.0' ],
13 silly audit   'express-session': [ '1.18.2' ],
13 silly audit   ms: [ '2.0.0', '2.1.3' ],
13 silly audit   finalhandler: [ '2.1.0' ],
13 silly audit   'form-data': [ '4.0.4' ],
13 silly audit   'mime-db': [ '1.52.0', '1.54.0' ],
13 silly audit   'mime-types': [ '2.1.35', '3.0.1' ],
13 silly audit   forwarded: [ '0.2.0' ],
13 silly audit   fresh: [ '2.0.0' ],
13 silly audit   'function-bind': [ '1.1.2' ],
13 silly audit   'get-intrinsic': [ '1.3.0' ],
13 silly audit   'get-proto': [ '1.0.1' ],
13 silly audit   gopd: [ '1.2.0' ],
13 silly audit   'has-symbols': [ '1.1.0' ],
13 silly audit   'has-tostringtag': [ '1.0.2' ],
13 silly audit   hasown: [ '2.0.2' ],
13 silly audit   'http-errors': [ '2.0.0' ],
13 silly audit   statuses: [ '2.0.1', '2.0.2' ],
13 silly audit   'iconv-lite': [ '0.6.3', '0.7.0' ],
13 silly audit   inflection: [ '1.13.4' ],
13 silly audit   inherits: [ '2.0.4' ],
13 silly audit   'ipaddr.js': [ '1.9.1' ],
13 silly audit   'is-promise': [ '4.0.0' ],
13 silly audit   lodash: [ '4.17.21' ],
13 silly audit   'math-intrinsics': [ '1.1.0' ],
13 silly audit   'media-typer': [ '1.1.0' ],
13 silly audit   'merge-descriptors': [ '2.0.0' ],
13 silly audit   moment: [ '2.30.1' ],
13 silly audit   'moment-timezone': [ '0.5.48' ],
13 silly audit   negotiator: [ '1.0.0' ],
13 silly audit   'node-fetch': [ '2.7.0' ],
13 silly audit   oauth: [ '0.10.2' ],
13 silly audit   'object-inspect': [ '1.13.4' ],
13 silly audit   'on-finished': [ '2.4.1' ],
13 silly audit   'on-headers': [ '1.1.0' ],
13 silly audit   once: [ '1.4.0' ],
13 silly audit   parseurl: [ '1.3.3' ],
13 silly audit   passport: [ '0.7.0' ],
13 silly audit   'passport-facebook': [ '3.0.0' ],
13 silly audit   'passport-oauth2': [ '1.8.0' ],
13 silly audit   'passport-strategy': [ '1.0.0' ],
13 silly audit   'path-to-regexp': [ '8.3.0' ],
13 silly audit   pause: [ '0.0.1' ],
13 silly audit   pg: [ '8.16.3' ],
13 silly audit   'pg-cloudflare': [ '1.2.7' ],
13 silly audit   'pg-connection-string': [ '2.9.1' ],
13 silly audit   'pg-int8': [ '1.0.1' ],
13 silly audit   'pg-pool': [ '3.10.1' ],
13 silly audit   'pg-protocol': [ '1.10.3' ],
13 silly audit   'pg-types': [ '2.2.0' ],
13 silly audit   pgpass: [ '1.0.5' ],
13 silly audit   'postgres-array': [ '2.0.0' ],
13 silly audit   'postgres-bytea': [ '1.0.0' ],
13 silly audit   'postgres-date': [ '1.0.7' ],
13 silly audit   'postgres-interval': [ '1.2.0' ],
13 silly audit   'proxy-addr': [ '2.0.7' ],
13 silly audit   qs: [ '6.14.0' ],
13 silly audit   'random-bytes': [ '1.0.0' ],
13 silly audit   'range-parser': [ '1.2.1' ],
13 silly audit   'raw-body': [ '3.0.1' ],
13 silly audit   redis: [ '5.8.3' ],
13 silly audit   'retry-as-promised': [ '7.1.1' ],
13 silly audit   router: [ '2.2.0' ],
13 silly audit   'safe-buffer': [ '5.2.1' ],
13 silly audit   'safer-buffer': [ '2.1.2' ],
13 silly audit   semver: [ '7.7.3' ],
13 silly audit   send: [ '1.2.0' ],
13 silly audit   sequelize: [ '6.37.7' ],
13 silly audit   'sequelize-pool': [ '7.1.0' ],
13 silly audit   'serve-static': [ '2.2.0' ],
13 silly audit   setprototypeof: [ '1.2.0' ],
13 silly audit   'side-channel': [ '1.1.0' ],
13 silly audit   'side-channel-list': [ '1.0.0' ],
13 silly audit   'side-channel-map': [ '1.0.1' ],
13 silly audit   'side-channel-weakmap': [ '1.0.2' ],
13 silly audit   split2: [ '4.2.0' ],
13 silly audit   toidentifier: [ '1.0.1' ],
13 silly audit   'toposort-class': [ '1.0.1' ],
13 silly audit   tr46: [ '0.0.3' ],
13 silly audit   'type-is': [ '2.0.1' ],
13 silly audit   'uid-safe': [ '2.1.5' ],
13 silly audit   uid2: [ '0.0.4' ],
13 silly audit   'undici-types': [ '7.14.0' ],
13 silly audit   unpipe: [ '1.0.0' ],
13 silly audit   'utils-merge': [ '1.0.1' ],
13 silly audit   uuid: [ '8.3.2' ],
13 silly audit   validator: [ '13.15.15' ],
13 silly audit   vary: [ '1.1.2' ],
13 silly audit   'webidl-conversions': [ '3.0.1' ],
13 silly audit   'whatwg-url': [ '5.0.0' ],
13 silly audit   wkx: [ '0.5.0' ],
13 silly audit   wrappy: [ '1.0.2' ],
13 silly audit   xtend: [ '4.0.2' ]
13 silly audit }
14 http fetch POST 200 https://registry.npmjs.org/-/npm/v1/security/advisories/bulk 500ms
15 silly audit report {
15 silly audit report   validator: [
15 silly audit report     {
15 silly audit report       id: 1108959,
15 silly audit report       url: 'https://github.com/advisories/GHSA-9965-vmph-33xx',
15 silly audit report       title: 'validator.js has a URL validation bypass vulnerability in its isURL function',
15 silly audit report       severity: 'moderate',
15 silly audit report       vulnerable_versions: '<=13.15.15',
15 silly audit report       cwe: [Array],
15 silly audit report       cvss: [Object]
15 silly audit report     }
15 silly audit report   ]
15 silly audit report }
16 silly packumentCache corgi:https://registry.npmjs.org/validator cache-miss
17 http cache https://registry.npmjs.org/validator 30ms (cache hit)
18 silly packumentCache corgi:https://registry.npmjs.org/validator set size:167952 disposed:false
19 silly packumentCache corgi:https://registry.npmjs.org/sequelize cache-miss
20 http cache https://registry.npmjs.org/sequelize 14ms (cache hit)
21 silly packumentCache corgi:https://registry.npmjs.org/sequelize set size:1342524 disposed:false
22 silly idealTree buildDeps
23 silly fetch manifest sequelize@^6.37.7
24 silly packumentCache full:https://registry.npmjs.org/sequelize cache-miss
25 http cache https://registry.npmjs.org/sequelize 42ms (cache hit)
26 silly packumentCache full:https://registry.npmjs.org/sequelize set size:4301064 disposed:false
27 silly placeDep ROOT sequelize@6.37.7 KEEP for: facebook-autopublisher@1.0.0 want: ^6.37.7
28 silly fetch manifest validator@^13.9.0
29 silly packumentCache full:https://registry.npmjs.org/validator cache-miss
30 http cache https://registry.npmjs.org/validator 48ms (cache hit)
31 silly packumentCache full:https://registry.npmjs.org/validator set size:462844 disposed:false
32 silly placeDep ROOT validator@13.15.15 KEEP for: sequelize@6.37.7 want: ^13.9.0
33 silly reify moves {}
34 silly audit bulk request {
34 silly audit   '@redis/bloom': [ '5.8.3' ],
34 silly audit   '@redis/client': [ '5.8.3' ],
34 silly audit   '@redis/json': [ '5.8.3' ],
34 silly audit   '@redis/search': [ '5.8.3' ],
34 silly audit   '@redis/time-series': [ '5.8.3' ],
34 silly audit   '@types/debug': [ '4.1.12' ],
34 silly audit   '@types/ms': [ '2.1.0' ],
34 silly audit   '@types/node': [ '24.8.1' ],
34 silly audit   '@types/validator': [ '13.15.3' ],
34 silly audit   accepts: [ '2.0.0' ],
34 silly audit   asynckit: [ '0.4.0' ],
34 silly audit   base64url: [ '3.0.1' ],
34 silly audit   'body-parser': [ '2.2.0' ],
34 silly audit   bytes: [ '3.1.2' ],
34 silly audit   'call-bind-apply-helpers': [ '1.0.2' ],
34 silly audit   'call-bound': [ '1.0.4' ],
34 silly audit   'cluster-key-slot': [ '1.1.2' ],
34 silly audit   'combined-stream': [ '1.0.8' ],
34 silly audit   'connect-redis': [ '9.0.0' ],
34 silly audit   'content-disposition': [ '1.0.0' ],
34 silly audit   'content-type': [ '1.0.5' ],
34 silly audit   cookie: [ '0.7.2' ],
34 silly audit   'cookie-signature': [ '1.2.2', '1.0.7' ],
34 silly audit   debug: [ '4.4.3', '2.6.9' ],
34 silly audit   'delayed-stream': [ '1.0.0' ],
34 silly audit   depd: [ '2.0.0' ],
34 silly audit   dotenv: [ '17.2.3' ],
34 silly audit   dottie: [ '2.0.6' ],
34 silly audit   'dunder-proto': [ '1.0.1' ],
34 silly audit   'ee-first': [ '1.1.1' ],
34 silly audit   encodeurl: [ '2.0.0' ],
34 silly audit   'es-define-property': [ '1.0.1' ],
34 silly audit   'es-errors': [ '1.3.0' ],
34 silly audit   'es-object-atoms': [ '1.1.1' ],
34 silly audit   'es-set-tostringtag': [ '2.1.0' ],
34 silly audit   'escape-html': [ '1.0.3' ],
34 silly audit   etag: [ '1.8.1' ],
34 silly audit   express: [ '5.1.0' ],
34 silly audit   'express-session': [ '1.18.2' ],
34 silly audit   ms: [ '2.0.0', '2.1.3' ],
34 silly audit   finalhandler: [ '2.1.0' ],
34 silly audit   'form-data': [ '4.0.4' ],
34 silly audit   'mime-db': [ '1.52.0', '1.54.0' ],
34 silly audit   'mime-types': [ '2.1.35', '3.0.1' ],
34 silly audit   forwarded: [ '0.2.0' ],
34 silly audit   fresh: [ '2.0.0' ],
34 silly audit   'function-bind': [ '1.1.2' ],
34 silly audit   'get-intrinsic': [ '1.3.0' ],
34 silly audit   'get-proto': [ '1.0.1' ],
34 silly audit   gopd: [ '1.2.0' ],
34 silly audit   'has-symbols': [ '1.1.0' ],
34 silly audit   'has-tostringtag': [ '1.0.2' ],
34 silly audit   hasown: [ '2.0.2' ],
34 silly audit   'http-errors': [ '2.0.0' ],
34 silly audit   statuses: [ '2.0.1', '2.0.2' ],
34 silly audit   'iconv-lite': [ '0.6.3', '0.7.0' ],
34 silly audit   inflection: [ '1.13.4' ],
34 silly audit   inherits: [ '2.0.4' ],
34 silly audit   'ipaddr.js': [ '1.9.1' ],
34 silly audit   'is-promise': [ '4.0.0' ],
34 silly audit   lodash: [ '4.17.21' ],
34 silly audit   'math-intrinsics': [ '1.1.0' ],
34 silly audit   'media-typer': [ '1.1.0' ],
34 silly audit   'merge-descriptors': [ '2.0.0' ],
34 silly audit   moment: [ '2.30.1' ],
34 silly audit   'moment-timezone': [ '0.5.48' ],
34 silly audit   negotiator: [ '1.0.0' ],
34 silly audit   'node-fetch': [ '2.7.0' ],
34 silly audit   oauth: [ '0.10.2' ],
34 silly audit   'object-inspect': [ '1.13.4' ],
34 silly audit   'on-finished': [ '2.4.1' ],
34 silly audit   'on-headers': [ '1.1.0' ],
34 silly audit   once: [ '1.4.0' ],
34 silly audit   parseurl: [ '1.3.3' ],
34 silly audit   passport: [ '0.7.0' ],
34 silly audit   'passport-facebook': [ '3.0.0' ],
34 silly audit   'passport-oauth2': [ '1.8.0' ],
34 silly audit   'passport-strategy': [ '1.0.0' ],
34 silly audit   'path-to-regexp': [ '8.3.0' ],
34 silly audit   pause: [ '0.0.1' ],
34 silly audit   pg: [ '8.16.3' ],
34 silly audit   'pg-cloudflare': [ '1.2.7' ],
34 silly audit   'pg-connection-string': [ '2.9.1' ],
34 silly audit   'pg-int8': [ '1.0.1' ],
34 silly audit   'pg-pool': [ '3.10.1' ],
34 silly audit   'pg-protocol': [ '1.10.3' ],
34 silly audit   'pg-types': [ '2.2.0' ],
34 silly audit   pgpass: [ '1.0.5' ],
34 silly audit   'postgres-array': [ '2.0.0' ],
34 silly audit   'postgres-bytea': [ '1.0.0' ],
34 silly audit   'postgres-date': [ '1.0.7' ],
34 silly audit   'postgres-interval': [ '1.2.0' ],
34 silly audit   'proxy-addr': [ '2.0.7' ],
34 silly audit   qs: [ '6.14.0' ],
34 silly audit   'random-bytes': [ '1.0.0' ],
34 silly audit   'range-parser': [ '1.2.1' ],
34 silly audit   'raw-body': [ '3.0.1' ],
34 silly audit   redis: [ '5.8.3' ],
34 silly audit   'retry-as-promised': [ '7.1.1' ],
34 silly audit   router: [ '2.2.0' ],
34 silly audit   'safe-buffer': [ '5.2.1' ],
34 silly audit   'safer-buffer': [ '2.1.2' ],
34 silly audit   semver: [ '7.7.3' ],
34 silly audit   send: [ '1.2.0' ],
34 silly audit   sequelize: [ '6.37.7' ],
34 silly audit   'sequelize-pool': [ '7.1.0' ],
34 silly audit   'serve-static': [ '2.2.0' ],
34 silly audit   setprototypeof: [ '1.2.0' ],
34 silly audit   'side-channel': [ '1.1.0' ],
34 silly audit   'side-channel-list': [ '1.0.0' ],
34 silly audit   'side-channel-map': [ '1.0.1' ],
34 silly audit   'side-channel-weakmap': [ '1.0.2' ],
34 silly audit   split2: [ '4.2.0' ],
34 silly audit   toidentifier: [ '1.0.1' ],
34 silly audit   'toposort-class': [ '1.0.1' ],
34 silly audit   tr46: [ '0.0.3' ],
34 silly audit   'type-is': [ '2.0.1' ],
34 silly audit   'uid-safe': [ '2.1.5' ],
34 silly audit   uid2: [ '0.0.4' ],
34 silly audit   'undici-types': [ '7.14.0' ],
34 silly audit   unpipe: [ '1.0.0' ],
34 silly audit   'utils-merge': [ '1.0.1' ],
34 silly audit   uuid: [ '8.3.2' ],
34 silly audit   validator: [ '13.15.15' ],
34 silly audit   vary: [ '1.1.2' ],
34 silly audit   'webidl-conversions': [ '3.0.1' ],
34 silly audit   'whatwg-url': [ '5.0.0' ],
34 silly audit   wkx: [ '0.5.0' ],
34 silly audit   wrappy: [ '1.0.2' ],
34 silly audit   xtend: [ '4.0.2' ]
34 silly audit }
35 http fetch POST 200 https://registry.npmjs.org/-/npm/v1/security/advisories/bulk 369ms
36 silly audit report {
36 silly audit report   validator: [
36 silly audit report     {
36 silly audit report       id: 1108959,
36 silly audit report       url: 'https://github.com/advisories/GHSA-9965-vmph-33xx',
36 silly audit report       title: 'validator.js has a URL validation bypass vulnerability in its isURL function',
36 silly audit report       severity: 'moderate',
36 silly audit report       vulnerable_versions: '<=13.15.15',
36 silly audit report       cwe: [Array],
36 silly audit report       cvss: [Object]
36 silly audit report     }
36 silly audit report   ]
36 silly audit report }
37 silly packumentCache corgi:https://registry.npmjs.org/validator cache-hit
38 silly packumentCache corgi:https://registry.npmjs.org/sequelize cache-miss
39 http cache https://registry.npmjs.org/sequelize 16ms (cache hit)
40 silly packumentCache corgi:https://registry.npmjs.org/sequelize set size:1342524 disposed:false
41 verbose cwd /data/data/com.termux/files/home
42 verbose os Linux 5.4.289-qgki-g634a7f715748
43 verbose node v24.9.0
44 verbose npm  v11.6.0
45 verbose exit 1
46 verbose code 1
