0 verbose cli /data/data/com.termux/files/usr/bin/node /data/data/com.termux/files/usr/bin/npm
1 info using npm@11.6.0
2 info using node@v24.9.0
3 silly config load:file:/data/data/com.termux/files/usr/lib/node_modules/npm/npmrc
4 silly config load:file:/data/data/com.termux/files/home/facebook-autopublisher/.npmrc
5 silly config load:file:/data/data/com.termux/files/home/.npmrc
6 silly config load:file:/data/data/com.termux/files/usr/etc/npmrc
7 verbose title npm install axios
8 verbose argv "install" "axios"
9 verbose logfile logs-max:10 dir:/data/data/com.termux/files/home/.npm/_logs/2025-10-17T03_02_05_400Z-
10 verbose logfile /data/data/com.termux/files/home/.npm/_logs/2025-10-17T03_02_05_400Z-debug-0.log
11 silly logfile start cleaning logs, removing 1 files
12 silly packumentCache heap:1174405120 maxSize:293601280 maxEntrySize:146800640
13 silly logfile done cleaning log files
14 silly idealTree buildDeps
15 silly fetch manifest axios@^1.12.2
16 silly packumentCache full:https://registry.npmjs.org/axios cache-miss
17 http cache https://registry.npmjs.org/axios 54ms (cache hit)
18 silly packumentCache full:https://registry.npmjs.org/axios set size:641343 disposed:false
19 silly placeDep ROOT axios@1.12.2 REPLACE for: facebook-autopublisher@1.0.0 want: ^1.12.2
20 silly reify moves {}
21 silly audit bulk request {
21 silly audit   asynckit: [ '0.4.0' ],
21 silly audit   'call-bind-apply-helpers': [ '1.0.2' ],
21 silly audit   'combined-stream': [ '1.0.8' ],
21 silly audit   'delayed-stream': [ '1.0.0' ],
21 silly audit   'dunder-proto': [ '1.0.1' ],
21 silly audit   'es-define-property': [ '1.0.1' ],
21 silly audit   'es-errors': [ '1.3.0' ],
21 silly audit   'es-object-atoms': [ '1.1.1' ],
21 silly audit   'es-set-tostringtag': [ '2.1.0' ],
21 silly audit   'follow-redirects': [ '1.15.11' ],
21 silly audit   'form-data': [ '4.0.4' ],
21 silly audit   fs: [ '0.0.1-security' ],
21 silly audit   'function-bind': [ '1.1.2' ],
21 silly audit   'get-intrinsic': [ '1.3.0' ],
21 silly audit   'get-proto': [ '1.0.1' ],
21 silly audit   gopd: [ '1.2.0' ],
21 silly audit   'has-symbols': [ '1.1.0' ],
21 silly audit   'has-tostringtag': [ '1.0.2' ],
21 silly audit   hasown: [ '2.0.2' ],
21 silly audit   https: [ '1.0.0' ],
21 silly audit   inherits: [ '2.0.3' ],
21 silly audit   'math-intrinsics': [ '1.1.0' ],
21 silly audit   'mime-db': [ '1.52.0' ],
21 silly audit   'mime-types': [ '2.1.35' ],
21 silly audit   'node-fetch': [ '2.7.0' ],
21 silly audit   path: [ '0.12.7' ],
21 silly audit   process: [ '0.11.10' ],
21 silly audit   'proxy-from-env': [ '1.1.0' ],
21 silly audit   tr46: [ '0.0.3' ],
21 silly audit   util: [ '0.10.4' ],
21 silly audit   'webidl-conversions': [ '3.0.1' ],
21 silly audit   'whatwg-url': [ '5.0.0' ],
21 silly audit   axios: [ '1.12.2' ]
21 silly audit }
22 http fetch POST 200 https://registry.npmjs.org/-/npm/v1/security/advisories/bulk 600ms
23 silly audit report {}
24 verbose cwd /data/data/com.termux/files/home/facebook-autopublisher
25 verbose os Linux 5.4.289-qgki-g634a7f715748
26 verbose node v24.9.0
27 verbose npm  v11.6.0
28 verbose exit 0
29 info ok
