0 verbose cli /data/data/com.termux/files/usr/bin/node /data/data/com.termux/files/usr/bin/npm
1 info using npm@11.6.0
2 info using node@v24.9.0
3 silly config load:file:/data/data/com.termux/files/usr/lib/node_modules/npm/npmrc
4 silly config load:file:/data/data/com.termux/files/home/facebook-autopublisher/.npmrc
5 silly config load:file:/data/data/com.termux/files/home/.npmrc
6 silly config load:file:/data/data/com.termux/files/usr/etc/npmrc
7 verbose title npm install axios
8 verbose argv "install" "axios"
9 verbose logfile logs-max:10 dir:/data/data/com.termux/files/home/.npm/_logs/2025-10-17T02_44_48_649Z-
10 verbose logfile /data/data/com.termux/files/home/.npm/_logs/2025-10-17T02_44_48_649Z-debug-0.log
11 silly logfile start cleaning logs, removing 1 files
12 silly logfile done cleaning log files
13 silly packumentCache heap:1174405120 maxSize:293601280 maxEntrySize:146800640
14 silly idealTree buildDeps
15 silly fetch manifest axios@*
16 silly packumentCache full:https://registry.npmjs.org/axios cache-miss
17 http fetch GET 200 https://registry.npmjs.org/axios 353ms (cache revalidated)
18 silly packumentCache full:https://registry.npmjs.org/axios set size:641343 disposed:false
19 silly placeDep ROOT axios@1.12.2 OK for: facebook-autopublisher@1.0.0 want: *
20 silly fetch manifest form-data@^4.0.4
21 silly packumentCache full:https://registry.npmjs.org/form-data cache-miss
22 silly fetch manifest proxy-from-env@^1.1.0
23 silly packumentCache full:https://registry.npmjs.org/proxy-from-env cache-miss
24 silly fetch manifest follow-redirects@^1.15.6
25 silly packumentCache full:https://registry.npmjs.org/follow-redirects cache-miss
26 http fetch GET 200 https://registry.npmjs.org/proxy-from-env 110ms (cache miss)
27 silly packumentCache full:https://registry.npmjs.org/proxy-from-env set size:undefined disposed:false
28 http fetch GET 200 https://registry.npmjs.org/follow-redirects 285ms (cache revalidated)
29 silly packumentCache full:https://registry.npmjs.org/follow-redirects set size:186700 disposed:false
30 http fetch GET 200 https://registry.npmjs.org/form-data 300ms (cache revalidated)
31 silly packumentCache full:https://registry.npmjs.org/form-data set size:137336 disposed:false
32 silly placeDep ROOT follow-redirects@1.15.11 OK for: axios@1.12.2 want: ^1.15.6
33 silly placeDep ROOT form-data@4.0.4 OK for: axios@1.12.2 want: ^4.0.4
34 silly placeDep ROOT proxy-from-env@1.1.0 OK for: axios@1.12.2 want: ^1.1.0
35 silly fetch manifest hasown@^2.0.2
36 silly packumentCache full:https://registry.npmjs.org/hasown cache-miss
37 silly fetch manifest asynckit@^0.4.0
38 silly packumentCache full:https://registry.npmjs.org/asynckit cache-miss
39 silly fetch manifest mime-types@^2.1.12
40 silly packumentCache full:https://registry.npmjs.org/mime-types cache-miss
41 silly fetch manifest combined-stream@^1.0.8
42 silly packumentCache full:https://registry.npmjs.org/combined-stream cache-miss
43 silly fetch manifest es-set-tostringtag@^2.1.0
44 silly packumentCache full:https://registry.npmjs.org/es-set-tostringtag cache-miss
45 http fetch GET 200 https://registry.npmjs.org/asynckit 181ms (cache revalidated)
46 silly packumentCache full:https://registry.npmjs.org/asynckit set size:17357 disposed:false
47 http fetch GET 200 https://registry.npmjs.org/hasown 184ms (cache revalidated)
48 silly packumentCache full:https://registry.npmjs.org/hasown set size:12476 disposed:false
49 http fetch GET 200 https://registry.npmjs.org/mime-types 185ms (cache revalidated)
50 silly packumentCache full:https://registry.npmjs.org/mime-types set size:136716 disposed:false
51 http fetch GET 200 https://registry.npmjs.org/combined-stream 288ms (cache revalidated)
52 silly packumentCache full:https://registry.npmjs.org/combined-stream set size:40337 disposed:false
53 http fetch GET 200 https://registry.npmjs.org/es-set-tostringtag 292ms (cache revalidated)
54 silly packumentCache full:https://registry.npmjs.org/es-set-tostringtag set size:22094 disposed:false
55 silly placeDep ROOT asynckit@0.4.0 OK for: form-data@4.0.4 want: ^0.4.0
56 silly placeDep ROOT combined-stream@1.0.8 OK for: form-data@4.0.4 want: ^1.0.8
57 silly placeDep ROOT es-set-tostringtag@2.1.0 OK for: form-data@4.0.4 want: ^2.1.0
58 silly placeDep ROOT hasown@2.0.2 OK for: form-data@4.0.4 want: ^2.0.2
59 silly placeDep ROOT mime-types@2.1.35 OK for: form-data@4.0.4 want: ^2.1.12
60 silly fetch manifest delayed-stream@~1.0.0
61 silly packumentCache full:https://registry.npmjs.org/delayed-stream cache-miss
62 silly fetch manifest es-errors@^1.3.0
63 silly packumentCache full:https://registry.npmjs.org/es-errors cache-miss
64 silly fetch manifest get-intrinsic@^1.2.6
65 silly packumentCache full:https://registry.npmjs.org/get-intrinsic cache-miss
66 silly fetch manifest has-tostringtag@^1.0.2
67 silly packumentCache full:https://registry.npmjs.org/has-tostringtag cache-miss
68 silly fetch manifest function-bind@^1.1.2
69 silly packumentCache full:https://registry.npmjs.org/function-bind cache-miss
70 silly fetch manifest mime-db@1.52.0
71 silly packumentCache full:https://registry.npmjs.org/mime-db cache-miss
72 http fetch GET 200 https://registry.npmjs.org/get-intrinsic 85ms (cache revalidated)
73 silly packumentCache full:https://registry.npmjs.org/get-intrinsic set size:60985 disposed:false
74 http fetch GET 200 https://registry.npmjs.org/es-errors 106ms (cache revalidated)
75 silly packumentCache full:https://registry.npmjs.org/es-errors set size:16918 disposed:false
76 http fetch GET 200 https://registry.npmjs.org/function-bind 106ms (cache revalidated)
77 silly packumentCache full:https://registry.npmjs.org/function-bind set size:15733 disposed:false
78 http fetch GET 200 https://registry.npmjs.org/has-tostringtag 109ms (cache revalidated)
79 silly packumentCache full:https://registry.npmjs.org/has-tostringtag set size:13945 disposed:false
80 http fetch GET 200 https://registry.npmjs.org/delayed-stream 113ms (cache revalidated)
81 silly packumentCache full:https://registry.npmjs.org/delayed-stream set size:15820 disposed:false
82 http fetch GET 200 https://registry.npmjs.org/mime-db 225ms (cache revalidated)
83 silly packumentCache full:https://registry.npmjs.org/mime-db set size:164953 disposed:false
84 silly placeDep ROOT delayed-stream@1.0.0 OK for: combined-stream@1.0.8 want: ~1.0.0
85 silly placeDep ROOT es-errors@1.3.0 OK for: es-set-tostringtag@2.1.0 want: ^1.3.0
86 silly placeDep ROOT get-intrinsic@1.3.0 OK for: es-set-tostringtag@2.1.0 want: ^1.2.6
87 silly placeDep ROOT has-tostringtag@1.0.2 OK for: es-set-tostringtag@2.1.0 want: ^1.0.2
88 silly fetch manifest gopd@^1.2.0
89 silly packumentCache full:https://registry.npmjs.org/gopd cache-miss
90 silly fetch manifest get-proto@^1.0.1
91 silly packumentCache full:https://registry.npmjs.org/get-proto cache-miss
92 silly fetch manifest has-symbols@^1.1.0
93 silly packumentCache full:https://registry.npmjs.org/has-symbols cache-miss
94 silly fetch manifest es-object-atoms@^1.1.1
95 silly packumentCache full:https://registry.npmjs.org/es-object-atoms cache-miss
96 silly fetch manifest math-intrinsics@^1.1.0
97 silly packumentCache full:https://registry.npmjs.org/math-intrinsics cache-miss
98 silly fetch manifest es-define-property@^1.0.1
99 silly packumentCache full:https://registry.npmjs.org/es-define-property cache-miss
100 http fetch GET 200 https://registry.npmjs.org/has-symbols 134ms (cache revalidated)
101 silly packumentCache full:https://registry.npmjs.org/has-symbols set size:21550 disposed:false
102 silly fetch manifest call-bind-apply-helpers@^1.0.2
103 silly packumentCache full:https://registry.npmjs.org/call-bind-apply-helpers cache-miss
104 http fetch GET 200 https://registry.npmjs.org/gopd 139ms (cache revalidated)
105 silly packumentCache full:https://registry.npmjs.org/gopd set size:11458 disposed:false
106 silly fetch manifest has-symbols@^1.0.3
107 silly packumentCache full:https://registry.npmjs.org/has-symbols cache-hit
108 http fetch GET 200 https://registry.npmjs.org/es-object-atoms 142ms (cache revalidated)
109 silly packumentCache full:https://registry.npmjs.org/es-object-atoms set size:15304 disposed:false
110 http fetch GET 200 https://registry.npmjs.org/math-intrinsics 143ms (cache revalidated)
111 silly packumentCache full:https://registry.npmjs.org/math-intrinsics set size:9265 disposed:false
112 http fetch GET 200 https://registry.npmjs.org/get-proto 146ms (cache revalidated)
113 silly packumentCache full:https://registry.npmjs.org/get-proto set size:8300 disposed:false
114 http fetch GET 200 https://registry.npmjs.org/es-define-property 145ms (cache revalidated)
115 silly packumentCache full:https://registry.npmjs.org/es-define-property set size:8542 disposed:false
116 http fetch GET 200 https://registry.npmjs.org/call-bind-apply-helpers 174ms (cache revalidated)
117 silly packumentCache full:https://registry.npmjs.org/call-bind-apply-helpers set size:12744 disposed:false
118 silly placeDep ROOT call-bind-apply-helpers@1.0.2 OK for: get-intrinsic@1.3.0 want: ^1.0.2
119 silly placeDep ROOT es-define-property@1.0.1 OK for: get-intrinsic@1.3.0 want: ^1.0.1
120 silly placeDep ROOT es-object-atoms@1.1.1 OK for: get-intrinsic@1.3.0 want: ^1.1.1
121 silly placeDep ROOT function-bind@1.1.2 OK for: get-intrinsic@1.3.0 want: ^1.1.2
122 silly placeDep ROOT get-proto@1.0.1 OK for: get-intrinsic@1.3.0 want: ^1.0.1
123 silly placeDep ROOT gopd@1.2.0 OK for: get-intrinsic@1.3.0 want: ^1.2.0
124 silly placeDep ROOT has-symbols@1.1.0 OK for: get-intrinsic@1.3.0 want: ^1.1.0
125 silly placeDep ROOT math-intrinsics@1.1.0 OK for: get-intrinsic@1.3.0 want: ^1.1.0
126 silly fetch manifest dunder-proto@^1.0.1
127 silly packumentCache full:https://registry.npmjs.org/dunder-proto cache-miss
128 http fetch GET 200 https://registry.npmjs.org/dunder-proto 84ms (cache revalidated)
129 silly packumentCache full:https://registry.npmjs.org/dunder-proto set size:8256 disposed:false
130 silly placeDep ROOT dunder-proto@1.0.1 OK for: get-proto@1.0.1 want: ^1.0.1
131 silly placeDep ROOT mime-db@1.52.0 OK for: mime-types@2.1.35 want: 1.52.0
132 silly reify moves {}
133 silly audit bulk request {
133 silly audit   'node-fetch': [ '2.7.0' ],
133 silly audit   tr46: [ '0.0.3' ],
133 silly audit   'webidl-conversions': [ '3.0.1' ],
133 silly audit   'whatwg-url': [ '5.0.0' ],
133 silly audit   axios: [ '1.12.2' ],
133 silly audit   'follow-redirects': [ '1.15.11' ],
133 silly audit   'form-data': [ '4.0.4' ],
133 silly audit   'proxy-from-env': [ '1.1.0' ],
133 silly audit   asynckit: [ '0.4.0' ],
133 silly audit   'combined-stream': [ '1.0.8' ],
133 silly audit   'es-set-tostringtag': [ '2.1.0' ],
133 silly audit   hasown: [ '2.0.2' ],
133 silly audit   'mime-types': [ '2.1.35' ],
133 silly audit   'delayed-stream': [ '1.0.0' ],
133 silly audit   'es-errors': [ '1.3.0' ],
133 silly audit   'get-intrinsic': [ '1.3.0' ],
133 silly audit   'has-tostringtag': [ '1.0.2' ],
133 silly audit   'call-bind-apply-helpers': [ '1.0.2' ],
133 silly audit   'es-define-property': [ '1.0.1' ],
133 silly audit   'es-object-atoms': [ '1.1.1' ],
133 silly audit   'function-bind': [ '1.1.2' ],
133 silly audit   'get-proto': [ '1.0.1' ],
133 silly audit   gopd: [ '1.2.0' ],
133 silly audit   'has-symbols': [ '1.1.0' ],
133 silly audit   'math-intrinsics': [ '1.1.0' ],
133 silly audit   'dunder-proto': [ '1.0.1' ],
133 silly audit   'mime-db': [ '1.52.0' ]
133 silly audit }
134 http cache mime-db@https://registry.npmjs.org/mime-db/-/mime-db-1.52.0.tgz 0ms (cache hit)
135 http cache dunder-proto@https://registry.npmjs.org/dunder-proto/-/dunder-proto-1.0.1.tgz 0ms (cache hit)
136 http cache math-intrinsics@https://registry.npmjs.org/math-intrinsics/-/math-intrinsics-1.1.0.tgz 0ms (cache hit)
137 http cache has-symbols@https://registry.npmjs.org/has-symbols/-/has-symbols-1.1.0.tgz 0ms (cache hit)
138 http cache gopd@https://registry.npmjs.org/gopd/-/gopd-1.2.0.tgz 0ms (cache hit)
139 http cache get-proto@https://registry.npmjs.org/get-proto/-/get-proto-1.0.1.tgz 0ms (cache hit)
140 http cache function-bind@https://registry.npmjs.org/function-bind/-/function-bind-1.1.2.tgz 0ms (cache hit)
141 http cache es-object-atoms@https://registry.npmjs.org/es-object-atoms/-/es-object-atoms-1.1.1.tgz 0ms (cache hit)
142 http cache es-define-property@https://registry.npmjs.org/es-define-property/-/es-define-property-1.0.1.tgz 0ms (cache hit)
143 http cache call-bind-apply-helpers@https://registry.npmjs.org/call-bind-apply-helpers/-/call-bind-apply-helpers-1.0.2.tgz 0ms (cache hit)
144 http cache has-tostringtag@https://registry.npmjs.org/has-tostringtag/-/has-tostringtag-1.0.2.tgz 1ms (cache hit)
145 http cache get-intrinsic@https://registry.npmjs.org/get-intrinsic/-/get-intrinsic-1.3.0.tgz 0ms (cache hit)
146 http cache es-errors@https://registry.npmjs.org/es-errors/-/es-errors-1.3.0.tgz 0ms (cache hit)
147 http cache delayed-stream@https://registry.npmjs.org/delayed-stream/-/delayed-stream-1.0.0.tgz 0ms (cache hit)
148 http cache mime-types@https://registry.npmjs.org/mime-types/-/mime-types-2.1.35.tgz 0ms (cache hit)
149 http cache hasown@https://registry.npmjs.org/hasown/-/hasown-2.0.2.tgz 0ms (cache hit)
150 http cache es-set-tostringtag@https://registry.npmjs.org/es-set-tostringtag/-/es-set-tostringtag-2.1.0.tgz 0ms (cache hit)
151 http cache combined-stream@https://registry.npmjs.org/combined-stream/-/combined-stream-1.0.8.tgz 0ms (cache hit)
152 http cache asynckit@https://registry.npmjs.org/asynckit/-/asynckit-0.4.0.tgz 0ms (cache hit)
153 http cache proxy-from-env@https://registry.npmjs.org/proxy-from-env/-/proxy-from-env-1.1.0.tgz 0ms (cache hit)
154 http cache form-data@https://registry.npmjs.org/form-data/-/form-data-4.0.4.tgz 0ms (cache hit)
155 http cache follow-redirects@https://registry.npmjs.org/follow-redirects/-/follow-redirects-1.15.11.tgz 0ms (cache hit)
156 http cache axios@https://registry.npmjs.org/axios/-/axios-1.12.2.tgz 0ms (cache hit)
157 silly tarball no local data for proxy-from-env@https://registry.npmjs.org/proxy-from-env/-/proxy-from-env-1.1.0.tgz. Extracting by manifest.
158 silly tarball no local data for form-data@https://registry.npmjs.org/form-data/-/form-data-4.0.4.tgz. Extracting by manifest.
159 silly tarball no local data for axios@https://registry.npmjs.org/axios/-/axios-1.12.2.tgz. Extracting by manifest.
160 http fetch GET 200 https://registry.npmjs.org/proxy-from-env/-/proxy-from-env-1.1.0.tgz 207ms (cache miss)
161 http fetch GET 200 https://registry.npmjs.org/form-data/-/form-data-4.0.4.tgz 236ms (cache miss)
162 http fetch POST 200 https://registry.npmjs.org/-/npm/v1/security/advisories/bulk 356ms
163 silly audit report {}
164 http fetch GET 200 https://registry.npmjs.org/axios/-/axios-1.12.2.tgz 554ms (cache miss)
165 silly ADD node_modules/mime-db
166 silly ADD node_modules/dunder-proto
167 silly ADD node_modules/math-intrinsics
168 silly ADD node_modules/has-symbols
169 silly ADD node_modules/gopd
170 silly ADD node_modules/get-proto
171 silly ADD node_modules/function-bind
172 silly ADD node_modules/es-object-atoms
173 silly ADD node_modules/es-define-property
174 silly ADD node_modules/call-bind-apply-helpers
175 silly ADD node_modules/has-tostringtag
176 silly ADD node_modules/get-intrinsic
177 silly ADD node_modules/es-errors
178 silly ADD node_modules/delayed-stream
179 silly ADD node_modules/mime-types
180 silly ADD node_modules/hasown
181 silly ADD node_modules/es-set-tostringtag
182 silly ADD node_modules/combined-stream
183 silly ADD node_modules/asynckit
184 silly ADD node_modules/proxy-from-env
185 silly ADD node_modules/form-data
186 silly ADD node_modules/follow-redirects
187 silly ADD node_modules/axios
188 verbose cwd /data/data/com.termux/files/home/facebook-autopublisher
189 verbose os Linux 5.4.289-qgki-g634a7f715748
190 verbose node v24.9.0
191 verbose npm  v11.6.0
192 verbose exit 0
193 info ok
