
Xvnc TigerVNC 1.15.0 - built Sep 22 2025 16:36:41
Copyright (C) 1999-2025 TigerVNC team and many others (see README.rst)
See https://www.tigervnc.org for information on TigerVNC.
Underlying X server release 12101016

Built without GBM support
Failed to initialize DRI3 extension
Sync Extension 3.1

Thu Oct 16 21:36:31 2025
 vncext:      VNC extension running!
 vncext:      Listening for VNC connections on all interface(s), port 5901
 vncext:      Created VNC server for screen 0
[dix] Could not init font path element /data/data/com.termux/files/usr/share/fonts/misc/, removing from list!
[dix] Could not init font path element /data/data/com.termux/files/usr/share/fonts/TTF/, removing from list!
[dix] Could not init font path element /data/data/com.termux/files/usr/share/fonts/OTF/, removing from list!
[dix] Could not init font path element /data/data/com.termux/files/usr/share/fonts/Type1/, removing from list!
[dix] Could not init font path element /data/data/com.termux/files/usr/share/fonts/100dpi/, removing from list!
[dix] Could not init font path element /data/data/com.termux/files/usr/share/fonts/75dpi/, removing from list!
Popen: `"/data/data/com.termux/files/usr/bin/xkbcomp" -w 1 "-R/data/data/com.termux/files/usr/share/X11/xkb" -xkm "-" -em1 "The XKEYBOARD keymap compiler (xkbcomp) reports:" -emp "> " -eml "Errors from xkbcomp are not fatal to the X server" "/data/data/com.termux/files/usr/tmp/server-1.xkm"', fp = 0xb400007b53b5c018
Pclose: fp = 0xb400007b53b5c018
The XKEYBOARD keymap compiler (xkbcomp) reports:
> Warning:          Could not resolve keysym XF86OK
> Warning:          Could not resolve keysym XF86GoTo
> Warning:          Could not resolve keysym XF86VendorLogo
> Warning:          Could not resolve keysym XF86MediaSelectProgramGuide
> Warning:          Could not resolve keysym XF86MediaSelectProgramGuide
> Warning:          Could not resolve keysym XF86MediaSelectHome
> Warning:          Could not resolve keysym XF86MediaLanguageMenu
> Warning:          Could not resolve keysym XF86MediaTitleMenu
> Warning:          Could not resolve keysym XF86AudioChannelMode
> Warning:          Could not resolve keysym XF86MediaSelectPC
> Warning:          Could not resolve keysym XF86MediaSelectTV
> Warning:          Could not resolve keysym XF86MediaSelectCable
> Warning:          Could not resolve keysym XF86MediaSelectVCR
> Warning:          Could not resolve keysym XF86MediaSelectVCRPlus
> Warning:          Could not resolve keysym XF86MediaSelectSatellite
> Warning:          Could not resolve keysym XF86MediaSelectCD
> Warning:          Could not resolve keysym XF86MediaSelectTape
> Warning:          Could not resolve keysym XF86MediaSelectRadio
> Warning:          Could not resolve keysym XF86MediaSelectTuner
> Warning:          Could not resolve keysym XF86MediaPlayer
> Warning:          Could not resolve keysym XF86MediaSelectTeletext
> Warning:          Could not resolve keysym XF86MediaSelectAuxiliary
> Warning:          Could not resolve keysym XF86MediaPlaySlow
> Warning:          Could not resolve keysym XF86NumberEntryMode
> Warning:          Could not resolve keysym XF86RefreshRateToggle
> Warning:          Could not resolve keysym XF86Accessibility
> Warning:          Could not resolve keysym XF86DoNotDisturb
Errors from xkbcomp are not fatal to the X server
Loaded XKB keymap /data/data/com.termux/files/usr/tmp/server-1.xkm, defined=0x7f
client(0): Reserved pid(12246).
client(0): Reserved cmdname(/data/data/com.termux/files/usr/bin/Xvnc) and cmdargs(:1 -auth /data/data/com.termux/files/home/.Xauthority -desktop localhost:1 () -geometry 1024x768 -rfbauth /data/data/com.termux/files/home/.vnc/passwd -rfbport 5901 -localhost no).
[mi] mieq: warning: overriding existing handler 0x0 with 0x5a243d6804 for event 2
[mi] mieq: warning: overriding existing handler 0x0 with 0x5a243d6804 for event 3
client(200000): Reserved pid(12272).
client(200000): Reserved cmdname(xfdesktop) and cmdargs(NULL).
AllocNewConnection: client index = 1, socket fd = 8, local = 1
client(400000): Reserved pid(12271).
client(400000): Reserved cmdname(xfwm4) and cmdargs(NULL).
AllocNewConnection: client index = 2, socket fd = 9, local = 1
client(600000): Reserved pid(12273).
client(600000): Reserved cmdname(xfce4-panel) and cmdargs(NULL).
AllocNewConnection: client index = 3, socket fd = 10, local = 1
client(800000): Reserved pid(12275).
client(800000): Reserved cmdname(/data/data/com.termux/files/usr/bin/dbus-launch) and cmdargs(--sh-syntax --exit-with-session xfce4-session).
AllocNewConnection: client index = 4, socket fd = 11, local = 1
client(a00000): Reserved pid(12277).
client(a00000): Reserved cmdname(xfce4-terminal) and cmdargs(NULL).
AllocNewConnection: client index = 5, socket fd = 12, local = 1
client(c00000): Reserved pid(12285).
client(c00000): Reserved cmdname(dbus-launch) and cmdargs(--autolaunch=e92c2bdbf0ba678ac5be95b768ecf94a --binary-syntax --close-stderr).
AllocNewConnection: client index = 6, socket fd = 13, local = 1
client(e00000): Reserved pid(12288).
client(e00000): Reserved cmdname(/data/data/com.termux/files/usr/bin/dbus-launch) and cmdargs(--sh-syntax --exit-with-session xfce4-session).
AllocNewConnection: client index = 7, socket fd = 14, local = 1
client(1000000): Reserved pid(12299).
client(1000000): Reserved cmdname(dbus-launch) and cmdargs(--autolaunch=e92c2bdbf0ba678ac5be95b768ecf94a --binary-syntax --close-stderr).
AllocNewConnection: client index = 8, socket fd = 15, local = 1
client(1000000): Released pid(12299).
client(1000000): Released cmdline(dbus-launch) and cmdargs(--autolaunch=e92c2bdbf0ba678ac5be95b768ecf94a --binary-syntax --close-stderr).
client(1000000): Reserved pid(12300).
client(1000000): Reserved cmdname(dbus-launch) and cmdargs(--autolaunch=e92c2bdbf0ba678ac5be95b768ecf94a --binary-syntax --close-stderr).
AllocNewConnection: client index = 8, socket fd = 15, local = 1
client(1000000): Released pid(12300).
client(1000000): Released cmdline(dbus-launch) and cmdargs(--autolaunch=e92c2bdbf0ba678ac5be95b768ecf94a --binary-syntax --close-stderr).
client(1000000): Reserved pid(12275).
client(1000000): Reserved cmdname(xfce4-session) and cmdargs(NULL).
AllocNewConnection: client index = 8, socket fd = 15, local = 1
client(1200000): Reserved pid(12304).
client(1200000): Reserved cmdname(dbus-launch) and cmdargs(--autolaunch=e92c2bdbf0ba678ac5be95b768ecf94a --binary-syntax --close-stderr).
AllocNewConnection: client index = 9, socket fd = 16, local = 1
client(1200000): Released pid(12304).
client(1200000): Released cmdline(dbus-launch) and cmdargs(--autolaunch=e92c2bdbf0ba678ac5be95b768ecf94a --binary-syntax --close-stderr).

(xfce4-panel:12273): xfce4-panel-WARNING **: 21:36:34.002: Failed to connect to session manager: Failed to connect to the session manager: SESSION_MANAGER environment variable not defined

(xfce4-session:12275): libxfce4util-WARNING **: 21:36:34.004: Failed to get a ConsoleKit proxy: Could not connect: No such file or directory
client(1200000): Reserved pid(12321).
client(1200000): Reserved cmdname(dbus-launch) and cmdargs(--autolaunch=e92c2bdbf0ba678ac5be95b768ecf94a --binary-syntax --close-stderr).
AllocNewConnection: client index = 9, socket fd = 16, local = 1
client(1200000): Released pid(12321).
client(1200000): Released cmdline(dbus-launch) and cmdargs(--autolaunch=e92c2bdbf0ba678ac5be95b768ecf94a --binary-syntax --close-stderr).
** Message: 21:36:34.022: Failed to fetch _NET_NUMBER_OF_DESKTOPS; assuming 1
** Message: 21:36:34.022: Failed to get _NET_WORKAREA; using full screen dimensions
** Message: 21:36:34.022: Failed to fetch _NET_CURRENT_DESKTOP; assuming 0
** Message: 21:36:34.022: Failed to fetch _NET_CURRENT_DESKTOP; assuming 0
client(1200000): Reserved pid(12273).
client(1200000): Reserved cmdname(xfce4-panel) and cmdargs(NULL).
AllocNewConnection: client index = 9, socket fd = 16, local = 1
client(1400000): Reserved pid(12272).
client(1400000): Reserved cmdname(xfdesktop) and cmdargs(NULL).
AllocNewConnection: client index = 10, socket fd = 17, local = 1
client(1600000): Reserved pid(12325).
client(1600000): Reserved cmdname(dbus-launch) and cmdargs(--autolaunch=e92c2bdbf0ba678ac5be95b768ecf94a --binary-syntax --close-stderr).
AllocNewConnection: client index = 11, socket fd = 18, local = 1
client(1600000): Released pid(12325).
client(1600000): Released cmdline(dbus-launch) and cmdargs(--autolaunch=e92c2bdbf0ba678ac5be95b768ecf94a --binary-syntax --close-stderr).

(xfce4-terminal:12277): xfce4-terminal-WARNING **: 21:36:34.074: Failed to connect to session manager: Failed to connect to the session manager: SESSION_MANAGER environment variable not defined
client(1200000): Released pid(12273).
client(1200000): Released cmdline(xfce4-panel) and cmdargs(NULL).
** Message: 21:36:34.114: Failed to fetch _NET_NUMBER_OF_DESKTOPS; assuming 1
** Message: 21:36:34.115: Failed to get _NET_WORKAREA; using full screen dimensions
** Message: 21:36:34.115: Failed to fetch _NET_CURRENT_DESKTOP; assuming 0
** Message: 21:36:34.115: Failed to fetch _NET_CURRENT_DESKTOP; assuming 0
** Message: 21:36:34.131: Failed to fetch _NET_NUMBER_OF_DESKTOPS; assuming 1
** Message: 21:36:34.131: Failed to get _NET_WORKAREA; using full screen dimensions
** Message: 21:36:34.131: Failed to fetch _NET_CURRENT_DESKTOP; assuming 0
** Message: 21:36:34.131: Failed to fetch _NET_CURRENT_DESKTOP; assuming 0
Failed to connect to session manager: Failed to connect to the session manager: SESSION_MANAGER environment variable not defined
client(1200000): Reserved pid(12338).
client(1200000): Reserved cmdname(xfwm4) and cmdargs(NULL).
AllocNewConnection: client index = 9, socket fd = 18, local = 1
client(1600000): Reserved pid(12347).
client(1600000): Reserved cmdname(/data/data/com.termux/files/usr/bin/Thunar) and cmdargs(--gapplication-service).
AllocNewConnection: client index = 11, socket fd = 21, local = 1
Another Window Manager (unknown) is already running on screen :1.0
To replace the current window manager, try "--replace"

(xfwm4:12338): xfwm4-WARNING **: 21:36:34.346: Could not find a screen to manage, exiting
client(1200000): Released pid(12338).
client(1200000): Released cmdline(xfwm4) and cmdargs(NULL).
** Message: 21:36:34.357: Failed to fetch _NET_CURRENT_DESKTOP; assuming 0
client(1200000): Reserved pid(12373).
client(1200000): Reserved cmdname(xfsettingsd) and cmdargs(NULL).
AllocNewConnection: client index = 9, socket fd = 18, local = 1
client(1800000): Reserved pid(12373).
client(1800000): Reserved cmdname(xfsettingsd) and cmdargs(NULL).
AllocNewConnection: client index = 12, socket fd = 23, local = 1
client(1800000): Released pid(12373).
client(1800000): Released cmdline(xfsettingsd) and cmdargs(NULL).
client(1400000): Released pid(12272).
client(1400000): Released cmdline(xfdesktop) and cmdargs(NULL).
** Message: 21:36:34.422: Failed to fetch _NET_CURRENT_DESKTOP; assuming 0

(xfwm4:12271): xfwm4-WARNING **: 21:36:34.433: Unsupported GL renderer (llvmpipe (LLVM 21.1.3, 128 bits)).

(xfwm4:12271): xfwm4-WARNING **: 21:36:34.465: Failed to connect to session manager: Failed to connect to the session manager: SESSION_MANAGER environment variable not defined
client(1400000): Reserved pid(12373).
client(1400000): Reserved cmdname(xfsettingsd) and cmdargs(NULL).
AllocNewConnection: client index = 10, socket fd = 17, local = 1
client(1800000): Reserved pid(12397).
client(1800000): Reserved cmdname(/data/data/com.termux/files/usr/lib/xfce4/panel/wrapper-2.0) and cmdargs(/data/data/com.termux/files/usr/lib/xfce4/panel/plugins/libsystray.so 6 6291468 systray Status Tray Plugin Provides status notifier items (application indicators) and legacy systray items).
AllocNewConnection: client index = 12, socket fd = 25, local = 1

Thu Oct 16 21:36:34 2025
 ComparingUpdateTracker: 0 pixels in / 0 pixels out
 ComparingUpdateTracker: (1:nan ratio)
client(1a00000): Reserved pid(12407).
client(1a00000): Reserved cmdname(dbus-launch) and cmdargs(--autolaunch=e92c2bdbf0ba678ac5be95b768ecf94a --binary-syntax --close-stderr).
AllocNewConnection: client index = 13, socket fd = 26, local = 1
client(1a00000): Released pid(12407).
client(1a00000): Released cmdline(dbus-launch) and cmdargs(--autolaunch=e92c2bdbf0ba678ac5be95b768ecf94a --binary-syntax --close-stderr).
client(1400000): Released pid(12373).
client(1400000): Released cmdline(xfsettingsd) and cmdargs(NULL).
client(1400000): Reserved pid(12417).
client(1400000): Reserved cmdname(/data/data/com.termux/files/usr/lib/xfce4/panel/wrapper-2.0) and cmdargs(/data/data/com.termux/files/usr/lib/xfce4/panel/plugins/libactions.so 10 6291469 actions Action Buttons Log out, lock or other system actions).
AllocNewConnection: client index = 10, socket fd = 17, local = 1
client(1a00000): Reserved pid(12421).
client(1a00000): Reserved cmdname(dbus-launch) and cmdargs(--autolaunch=e92c2bdbf0ba678ac5be95b768ecf94a --binary-syntax --close-stderr).
AllocNewConnection: client index = 13, socket fd = 26, local = 1
client(1a00000): Released pid(12421).
client(1a00000): Released cmdline(dbus-launch) and cmdargs(--autolaunch=e92c2bdbf0ba678ac5be95b768ecf94a --binary-syntax --close-stderr).

** (xfdesktop:12272): WARNING **: 21:36:34.944: Failed to get system bus: Could not connect: No such file or directory
Xlib:  extension "DPMS" missing on display ":1".
client(c00000): Released pid(12285).
client(c00000): Released cmdline(dbus-launch) and cmdargs(--autolaunch=e92c2bdbf0ba678ac5be95b768ecf94a --binary-syntax --close-stderr).
client(c00000): Reserved pid(12447).
client(c00000): Reserved cmdname(xfce4-panel) and cmdargs(NULL).
AllocNewConnection: client index = 6, socket fd = 13, local = 1
xfce4-panel: There is already a running instance

client(c00000): Released pid(12447).
client(c00000): Released cmdline(xfce4-panel) and cmdargs(NULL).
client(c00000): Reserved pid(12462).
client(c00000): Reserved cmdname(xfdesktop) and cmdargs(NULL).
AllocNewConnection: client index = 6, socket fd = 13, local = 1
xfdesktop is already running
client(c00000): Released pid(12462).
client(c00000): Released cmdline(xfdesktop) and cmdargs(NULL).
client(c00000): Reserved pid(12471).
client(c00000): Reserved cmdname(xfsettingsd) and cmdargs(NULL).
AllocNewConnection: client index = 6, socket fd = 13, local = 1
client(1a00000): Reserved pid(12472).
client(1a00000): Reserved cmdname(/data/data/com.termux/files/usr/lib/xfce4/notifyd/xfce4-notifyd) and cmdargs(NULL).
AllocNewConnection: client index = 13, socket fd = 19, local = 1
client(c00000): Released pid(12471).
client(c00000): Released cmdline(xfsettingsd) and cmdargs(NULL).

Thu Oct 16 21:40:28 2025
 Connections: Accepted: 192.168.88.106::39952
 SConnection: Client needs protocol version 3.8
 SConnection: Client requests security type VeNCrypt(19)
 SVeNCrypt:   Client requests security type TLSVnc (258)
 VNCSConnST:  Server default pixel format depth 24 (32bpp) little-endian rgb888
 VNCSConnST:  Client pixel format depth 24 (32bpp) little-endian rgb888
client(a00000): Released pid(12277).
client(a00000): Released cmdline(xfce4-terminal) and cmdargs(NULL).
client(a00000): Reserved pid(15507).
client(a00000): Reserved cmdname(exo-open) and cmdargs(--launch WebBrowser).
AllocNewConnection: client index = 5, socket fd = 12, local = 1
client(a00000): Released pid(15507).
client(a00000): Released cmdline(exo-open) and cmdargs(--launch WebBrowser).
client(a00000): Reserved pid(15512).
client(a00000): Reserved cmdname(/data/data/com.termux/files/usr/bin/xfce4-mime-helper) and cmdargs(--launch WebBrowser).
AllocNewConnection: client index = 5, socket fd = 12, local = 1
client(c00000): Reserved pid(15514).
client(c00000): Reserved cmdname(/data/data/com.termux/files/usr/bin/firefox) and cmdargs(NULL).
AllocNewConnection: client index = 6, socket fd = 22, local = 1
client(1c00000): Reserved pid(15514).
client(1c00000): Reserved cmdname(/data/data/com.termux/files/usr/bin/firefox) and cmdargs(NULL).
AllocNewConnection: client index = 14, socket fd = 26, local = 1
client(1c00000): Released pid(15514).
client(1c00000): Released cmdline(/data/data/com.termux/files/usr/bin/firefox) and cmdargs(NULL).
client(1c00000): Reserved pid(15514).
client(1c00000): Reserved cmdname(/data/data/com.termux/files/usr/bin/firefox) and cmdargs(NULL).
AllocNewConnection: client index = 14, socket fd = 26, local = 1
client(1c00000): Released pid(15514).
client(1c00000): Released cmdline(/data/data/com.termux/files/usr/bin/firefox) and cmdargs(NULL).
client(1c00000): Reserved pid(15519).
client(1c00000): Reserved cmdname(/data/data/com.termux/files/usr/lib/firefox/glxtest) and cmdargs(-f 13).
AllocNewConnection: client index = 14, socket fd = 26, local = 1
client(1e00000): Reserved pid(15528).
client(1e00000): Reserved cmdname(dbus-launch) and cmdargs(--autolaunch=e92c2bdbf0ba678ac5be95b768ecf94a --binary-syntax --close-stderr).
AllocNewConnection: client index = 15, socket fd = 29, local = 1
client(1e00000): Released pid(15528).
client(1e00000): Released cmdline(dbus-launch) and cmdargs(--autolaunch=e92c2bdbf0ba678ac5be95b768ecf94a --binary-syntax --close-stderr).
client(1c00000): Released pid(15519).
client(1c00000): Released cmdline(/data/data/com.termux/files/usr/lib/firefox/glxtest) and cmdargs(-f 13).
client(1c00000): Reserved pid(15532).
client(1c00000): Reserved cmdname(exo-open) and cmdargs(--launch WebBrowser).
AllocNewConnection: client index = 14, socket fd = 26, local = 1
client(1c00000): Released pid(15532).
client(1c00000): Released cmdline(exo-open) and cmdargs(--launch WebBrowser).
client(1c00000): Reserved pid(15535).
client(1c00000): Reserved cmdname(/data/data/com.termux/files/usr/bin/xfce4-mime-helper) and cmdargs(--launch WebBrowser).
AllocNewConnection: client index = 14, socket fd = 26, local = 1
client(1e00000): Reserved pid(15539).
client(1e00000): Reserved cmdname(exo-open) and cmdargs(--launch WebBrowser).
AllocNewConnection: client index = 15, socket fd = 29, local = 1
client(2000000): Reserved pid(15537).
client(2000000): Reserved cmdname(/data/data/com.termux/files/usr/bin/firefox) and cmdargs(NULL).
AllocNewConnection: client index = 16, socket fd = 30, local = 1
client(1e00000): Released pid(15539).
client(1e00000): Released cmdline(exo-open) and cmdargs(--launch WebBrowser).
client(1e00000): Reserved pid(15551).
client(1e00000): Reserved cmdname(/data/data/com.termux/files/usr/bin/xfce4-mime-helper) and cmdargs(--launch WebBrowser).
AllocNewConnection: client index = 15, socket fd = 29, local = 1
client(2200000): Reserved pid(15555).
client(2200000): Reserved cmdname(/data/data/com.termux/files/usr/bin/firefox) and cmdargs(NULL).
AllocNewConnection: client index = 17, socket fd = 31, local = 1
client(2400000): Reserved pid(15555).
client(2400000): Reserved cmdname(/data/data/com.termux/files/usr/bin/firefox) and cmdargs(NULL).
AllocNewConnection: client index = 18, socket fd = 32, local = 1
client(2400000): Released pid(15555).
client(2400000): Released cmdline(/data/data/com.termux/files/usr/bin/firefox) and cmdargs(NULL).
client(2200000): Released pid(15555).
client(2200000): Released cmdline(/data/data/com.termux/files/usr/bin/firefox) and cmdargs(NULL).
client(1e00000): Released pid(15551).
client(1e00000): Released cmdline(/data/data/com.termux/files/usr/bin/xfce4-mime-helper) and cmdargs(--launch WebBrowser).
client(1e00000): Reserved pid(15537).
client(1e00000): Reserved cmdname(/data/data/com.termux/files/usr/bin/firefox) and cmdargs(NULL).
AllocNewConnection: client index = 15, socket fd = 29, local = 1
client(1e00000): Released pid(15537).
client(1e00000): Released cmdline(/data/data/com.termux/files/usr/bin/firefox) and cmdargs(NULL).
client(2000000): Released pid(15537).
client(2000000): Released cmdline(/data/data/com.termux/files/usr/bin/firefox) and cmdargs(NULL).
client(1c00000): Released pid(15535).
client(1c00000): Released cmdline(/data/data/com.termux/files/usr/bin/xfce4-mime-helper) and cmdargs(--launch WebBrowser).
JavaScript error: resource://gre/modules/ShortcutUtils.sys.mjs, line 143: TypeError: can't access property "toUpperCase", keyAttribute is null
JavaScript error: resource://gre/modules/ShortcutUtils.sys.mjs, line 143: TypeError: can't access property "toUpperCase", keyAttribute is null
JavaScript error: chrome://browser/content/tabbrowser/tabbrowser.js, line 7232: TypeError: can't access property "preserveLayers", this.selectedBrowser is undefined
JavaScript error: chrome://browser/content/tabbrowser/tabbrowser.js, line 7232: TypeError: can't access property "preserveLayers", this.selectedBrowser is undefined
JavaScript error: resource:///modules/sessionstore/SessionStore.sys.mjs, line 3188: TypeError: can't access property "addEventListener", browser is undefined
JavaScript error: chrome://browser/content/tabbrowser/tabbrowser.js, line 7288: TypeError: can't access property "updateLastSeenActive", this.selectedTab is undefined
JavaScript error: resource:///modules/sessionstore/SessionStore.sys.mjs, line 3188: TypeError: can't access property "addEventListener", browser is undefined
JavaScript error: chrome://browser/content/tabbrowser/tabbrowser.js, line 7288: TypeError: can't access property "updateLastSeenActive", this.selectedTab is undefined
JavaScript error: chrome://browser/content/tabbrowser/tabbrowser.js, line 7288: TypeError: can't access property "updateLastSeenActive", this.selectedTab is undefined
JavaScript error: chrome://browser/content/tabbrowser/tabbrowser.js, line 7288: TypeError: can't access property "updateLastSeenActive", this.selectedTab is undefined
console.error: "Error in processing browser-idle-startup for RFPHelper.init"
console.error: (new TypeError("can't access property \"parentElement\", aBrowser is undefined", "resource://gre/modules/RFPHelper.sys.mjs", 585))
JavaScript error: resource:///modules/asrouter/ASRouterTriggerListeners.sys.mjs, line 1406: TypeError: can't access property "getTabBrowser", browser is undefined
JavaScript error: resource:///modules/asrouter/ASRouterTriggerListeners.sys.mjs, line 1406: TypeError: can't access property "getTabBrowser", browser is undefined
JavaScript error: resource://gre/modules/BrowserTelemetryUtils.sys.mjs, line 38: TypeError: can't access property "browsingContext", browser is undefined
JavaScript error: https://cdn.accounts.firefox.com/settings/prod/static/js/networking-chunk.f30a0fd3c22f4920157c.js, line 1: ApolloError: NetworkError when attempting to fetch resource.
client(a00000): Released pid(15512).
client(a00000): Released cmdline(/data/data/com.termux/files/usr/bin/xfce4-mime-helper) and cmdargs(--launch WebBrowser).
JavaScript error: resource://gre/modules/BrowserTelemetryUtils.sys.mjs, line 38: TypeError: can't access property "browsingContext", browser is undefined
Crash Annotation GraphicsCriticalError: |[0][GFX1-]: RenderCompositorSWGL failed mapping default framebuffer, no dt (t=9.36985) [GFX1-]: RenderCompositorSWGL failed mapping default framebuffer, no dt
JavaScript warning: https://cdn.accounts.firefox.com/bundle-26b572586cce4860439d4fd1ac23d478055c304b/app.bundle.es_AR.js, line 2: Script terminated by timeout at:
39782/g.prototype.eos@https://cdn.accounts.firefox.com/bundle-26b572586cce4860439d4fd1ac23d478055c304b/app.bundle.es_AR.js:2:840164
39782/y.prototype.parse/a<@https://cdn.accounts.firefox.com/bundle-26b572586cce4860439d4fd1ac23d478055c304b/app.bundle.es_AR.js:2:841602
39782/y.prototype.parse@https://cdn.accounts.firefox.com/bundle-26b572586cce4860439d4fd1ac23d478055c304b/app.bundle.es_AR.js:2:842765
39782/y.prototype.render@https://cdn.accounts.firefox.com/bundle-26b572586cce4860439d4fd1ac23d478055c304b/app.bundle.es_AR.js:2:842861
39782/v.render@https://cdn.accounts.firefox.com/bundle-26b572586cce4860439d4fd1ac23d478055c304b/app.bundle.es_AR.js:2:845471
90662/e.exports@https://cdn.accounts.firefox.com/bundle-26b572586cce4860439d4fd1ac23d478055c304b/392.bundle.js:1:9848
renderTemplate@https://cdn.accounts.firefox.com/bundle-26b572586cce4860439d4fd1ac23d478055c304b/app.bundle.es_AR.js:2:1149089
70626/render/</<@https://cdn.accounts.firefox.com/bundle-26b572586cce4860439d4fd1ac23d478055c304b/app.bundle.es_AR.js:2:1148493

JavaScript error: resource://gre/modules/BrowserTelemetryUtils.sys.mjs, line 38: TypeError: can't access property "browsingContext", browser is undefined
console.error: (new NotAllowedError("PathUtils.join: PathUtils does not support empty paths", (void 0), 347))
console.error: (new NotAllowedError("PathUtils.join: PathUtils does not support empty paths", (void 0), 347))
JavaScript warning: https://www.google.com/js/th/nePGL89d91RQKpstbIMwrZ1OLAZWikESxtMwoS8b0ko.js, line 2: unreachable code after return statement
JavaScript warning: https://www.google.com/js/th/nePGL89d91RQKpstbIMwrZ1OLAZWikESxtMwoS8b0ko.js, line 2904: unreachable code after return statement
JavaScript warning: https://www.google.com/js/th/nePGL89d91RQKpstbIMwrZ1OLAZWikESxtMwoS8b0ko.js line 2 > eval, line 2904: unreachable code after return statement
JavaScript warning: https://www.google.com/js/th/nePGL89d91RQKpstbIMwrZ1OLAZWikESxtMwoS8b0ko.js line 2 > eval line 2904 > eval, line 1: unreachable code after return statement
JavaScript warning: https://www.google.com/js/th/nePGL89d91RQKpstbIMwrZ1OLAZWikESxtMwoS8b0ko.js line 2 > eval line 2904 > eval line 1 > eval, line 1: unreachable code after return statement
JavaScript warning: https://www.google.com/js/th/nePGL89d91RQKpstbIMwrZ1OLAZWikESxtMwoS8b0ko.js line 2 > eval line 2904 > eval line 1 > eval, line 1: unreachable code after return statement
JavaScript warning: https://www.google.com/js/th/nePGL89d91RQKpstbIMwrZ1OLAZWikESxtMwoS8b0ko.js line 2 > eval line 2904 > eval line 1 > eval line 1 > eval, line 1: unreachable code after return statement
JavaScript error: resource://gre/modules/BrowserTelemetryUtils.sys.mjs, line 38: TypeError: can't access property "browsingContext", browser is undefined
GetShaderInfoLog() ->
0:2(12): error: extension `GL_EXT_shader_texture_lod' unsupported in fragment shader

GetShaderSource() ->

#extension GL_EXT_shader_texture_lod: require
void main() {}

console.error: "SearchSuggestionController found an unexpected string value:" "HTTP request timeout"
JavaScript error: resource://gre/modules/BrowserTelemetryUtils.sys.mjs, line 38: TypeError: can't access property "browsingContext", browser is undefined
GetShaderInfoLog() ->
0:2(12): error: extension `GL_EXT_shader_texture_lod' unsupported in fragment shader

GetShaderSource() ->

#extension GL_EXT_shader_texture_lod: require
void main() {}

GetShaderInfoLog() ->
0:2(12): error: extension `GL_EXT_shader_texture_lod' unsupported in fragment shader

GetShaderSource() ->

#extension GL_EXT_shader_texture_lod: require
void main() {}

GetShaderInfoLog() ->
0:2(12): error: extension `GL_EXT_shader_texture_lod' unsupported in fragment shader

GetShaderSource() ->

#extension GL_EXT_shader_texture_lod: require
void main() {}

GetShaderInfoLog() ->
0:2(12): error: extension `GL_EXT_shader_texture_lod' unsupported in fragment shader

GetShaderSource() ->

#extension GL_EXT_shader_texture_lod: require
void main() {}

GetShaderInfoLog() ->
0:2(12): error: extension `GL_EXT_shader_texture_lod' unsupported in fragment shader

GetShaderSource() ->

#extension GL_EXT_shader_texture_lod: require
void main() {}

JavaScript warning: https://static.xx.fbcdn.net/rsrc.php/v4ihVQ4/yW/l/es_LA-j/NtVYeNijxVG.js, line 36: WEBGL_debug_renderer_info is deprecated in Firefox and will be removed. Please use RENDERER.
JavaScript error: resource://gre/modules/BrowserTelemetryUtils.sys.mjs, line 38: TypeError: can't access property "browsingContext", browser is undefined

Thu Oct 16 21:48:07 2025
 Input:       Added keysym XK_ugrave (0x00f9) to keycode 248
JavaScript error: resource:///modules/backup/BackupService.sys.mjs, line 108: NS_ERROR_FAILURE: Component returned failure code: 0x80004005 (NS_ERROR_FAILURE) [nsIProperties.get]

Thu Oct 16 21:48:51 2025
 VNCSConnST:  Closing 192.168.88.106::39952: readTLS: The TLS connection was
              non-properly terminated. (-110)
 EncodeManager: Framebuffer updates: 6328
 EncodeManager:   Tight:
 EncodeManager:     Solid: 2.694 krects, 27.9099 Mpixels
 EncodeManager:            42.0938 KiB (1:2590.76 ratio)
 EncodeManager:     Bitmap RLE: 434 rects, 210.61 kpixels
 EncodeManager:                 12.3955 KiB (1:66.7807 ratio)
 EncodeManager:     Indexed RLE: 9.054 krects, 8.70913 Mpixels
 EncodeManager:                  1.53986 MiB (1:21.6424 ratio)
 EncodeManager:   Tight (JPEG):
 EncodeManager:     Full Colour: 4.144 krects, 26.2022 Mpixels
 EncodeManager:                  10.8203 MiB (1:9.24201 ratio)
 EncodeManager:   Total: 16.326 krects, 63.0319 Mpixels
 EncodeManager:          12.4133 MiB (1:19.3852 ratio)
 Connections: Closed: 192.168.88.106::39952
 ComparingUpdateTracker: 910.68 Mpixels in / 56.9667 Mpixels out
 ComparingUpdateTracker: (1:15.9862 ratio)

Thu Oct 16 21:48:53 2025
 Connections: Accepted: 192.168.88.106::38106
 SConnection: Client needs protocol version 3.8
 SConnection: Client requests security type VeNCrypt(19)
 SVeNCrypt:   Client requests security type TLSVnc (258)
 VNCSConnST:  Server default pixel format depth 24 (32bpp) little-endian rgb888
 VNCSConnST:  Client pixel format depth 24 (32bpp) little-endian rgb888
JavaScript error: resource://gre/modules/BrowserTelemetryUtils.sys.mjs, line 38: TypeError: can't access property "browsingContext", browser is undefined
GetShaderInfoLog() ->
0:2(12): error: extension `GL_EXT_shader_texture_lod' unsupported in fragment shader

GetShaderSource() ->

#extension GL_EXT_shader_texture_lod: require
void main() {}

JavaScript warning: https://static.xx.fbcdn.net/rsrc.php/v4iQyZ4/yu/l/es_LA-j/Y3ttRqRAksb.js, line 107: WEBGL_debug_renderer_info is deprecated in Firefox and will be removed. Please use RENDERER.
GetShaderInfoLog() ->
0:2(12): error: extension `GL_EXT_shader_texture_lod' unsupported in fragment shader

GetShaderSource() ->

#extension GL_EXT_shader_texture_lod: require
void main() {}

GetShaderInfoLog() ->
0:2(12): error: extension `GL_EXT_shader_texture_lod' unsupported in fragment shader

GetShaderSource() ->

#extension GL_EXT_shader_texture_lod: require
void main() {}

GetShaderInfoLog() ->
0:2(12): error: extension `GL_EXT_shader_texture_lod' unsupported in fragment shader

GetShaderSource() ->

#extension GL_EXT_shader_texture_lod: require
void main() {}

GetShaderInfoLog() ->
0:2(12): error: extension `GL_EXT_shader_texture_lod' unsupported in fragment shader

GetShaderSource() ->

#extension GL_EXT_shader_texture_lod: require
void main() {}

GetShaderInfoLog() ->
0:2(12): error: extension `GL_EXT_shader_texture_lod' unsupported in fragment shader

GetShaderSource() ->

#extension GL_EXT_shader_texture_lod: require
void main() {}

JavaScript warning: https://static.xx.fbcdn.net/rsrc.php/v4ihVQ4/yW/l/es_LA-j/NtVYeNijxVG.js, line 36: WEBGL_debug_renderer_info is deprecated in Firefox and will be removed. Please use RENDERER.
JavaScript error: resource://gre/modules/BrowserTelemetryUtils.sys.mjs, line 38: TypeError: can't access property "browsingContext", browser is undefined
JavaScript error: resource://gre/actors/FormHandlerChild.sys.mjs, line 103: InvalidStateError: JSWindowActorChild.document getter: Cannot access property 'document' after actor 'FormHandler' has been destroyed
JavaScript error: resource://gre/modules/BrowserTelemetryUtils.sys.mjs, line 38: TypeError: can't access property "browsingContext", browser is undefined
GetShaderInfoLog() ->
0:2(12): error: extension `GL_EXT_shader_texture_lod' unsupported in fragment shader

GetShaderSource() ->

#extension GL_EXT_shader_texture_lod: require
void main() {}

GetShaderInfoLog() ->
0:2(12): error: extension `GL_EXT_shader_texture_lod' unsupported in fragment shader

GetShaderSource() ->

#extension GL_EXT_shader_texture_lod: require
void main() {}

GetShaderInfoLog() ->
0:2(12): error: extension `GL_EXT_shader_texture_lod' unsupported in fragment shader

GetShaderSource() ->

#extension GL_EXT_shader_texture_lod: require
void main() {}

JavaScript warning: https://static.xx.fbcdn.net/rsrc.php/v4iQyZ4/yu/l/es_LA-j/Y3ttRqRAksb.js, line 107: WEBGL_debug_renderer_info is deprecated in Firefox and will be removed. Please use RENDERER.
GetShaderInfoLog() ->
0:2(12): error: extension `GL_EXT_shader_texture_lod' unsupported in fragment shader

GetShaderSource() ->

#extension GL_EXT_shader_texture_lod: require
void main() {}

GetShaderInfoLog() ->
0:2(12): error: extension `GL_EXT_shader_texture_lod' unsupported in fragment shader

GetShaderSource() ->

#extension GL_EXT_shader_texture_lod: require
void main() {}

GetShaderInfoLog() ->
0:2(12): error: extension `GL_EXT_shader_texture_lod' unsupported in fragment shader

GetShaderSource() ->

#extension GL_EXT_shader_texture_lod: require
void main() {}

JavaScript warning: https://static.xx.fbcdn.net/rsrc.php/v4ihVQ4/yW/l/es_LA-j/NtVYeNijxVG.js, line 36: WEBGL_debug_renderer_info is deprecated in Firefox and will be removed. Please use RENDERER.
JavaScript error: resource://gre/modules/BrowserTelemetryUtils.sys.mjs, line 38: TypeError: can't access property "browsingContext", browser is undefined
JavaScript error: resource://gre/actors/FormHandlerChild.sys.mjs, line 103: InvalidStateError: JSWindowActorChild.document getter: Cannot access property 'document' after actor 'FormHandler' has been destroyed
JavaScript error: resource://gre/actors/FormHandlerChild.sys.mjs, line 103: InvalidStateError: JSWindowActorChild.document getter: Cannot access property 'document' after actor 'FormHandler' has been destroyed
JavaScript error: resource://gre/modules/BrowserTelemetryUtils.sys.mjs, line 38: TypeError: can't access property "browsingContext", browser is undefined
GetShaderInfoLog() ->
0:2(12): error: extension `GL_EXT_shader_texture_lod' unsupported in fragment shader

GetShaderSource() ->

#extension GL_EXT_shader_texture_lod: require
void main() {}

GetShaderInfoLog() ->
0:2(12): error: extension `GL_EXT_shader_texture_lod' unsupported in fragment shader

GetShaderSource() ->

#extension GL_EXT_shader_texture_lod: require
void main() {}

JavaScript warning: https://static.xx.fbcdn.net/rsrc.php/v4iQyZ4/yu/l/es_LA-j/Y3ttRqRAksb.js, line 107: WEBGL_debug_renderer_info is deprecated in Firefox and will be removed. Please use RENDERER.
GetShaderInfoLog() ->
0:2(12): error: extension `GL_EXT_shader_texture_lod' unsupported in fragment shader

GetShaderSource() ->

#extension GL_EXT_shader_texture_lod: require
void main() {}

GetShaderInfoLog() ->
0:2(12): error: extension `GL_EXT_shader_texture_lod' unsupported in fragment shader

GetShaderSource() ->

#extension GL_EXT_shader_texture_lod: require
void main() {}

GetShaderInfoLog() ->
0:2(12): error: extension `GL_EXT_shader_texture_lod' unsupported in fragment shader

GetShaderSource() ->

#extension GL_EXT_shader_texture_lod: require
void main() {}

JavaScript warning: https://static.xx.fbcdn.net/rsrc.php/v4ihVQ4/yW/l/es_LA-j/NtVYeNijxVG.js, line 36: WEBGL_debug_renderer_info is deprecated in Firefox and will be removed. Please use RENDERER.
JavaScript error: resource://gre/modules/BrowserTelemetryUtils.sys.mjs, line 38: TypeError: can't access property "browsingContext", browser is undefined
JavaScript error: resource://gre/actors/FormHandlerChild.sys.mjs, line 103: InvalidStateError: JSWindowActorChild.document getter: Cannot access property 'document' after actor 'FormHandler' has been destroyed
JavaScript error: resource://gre/actors/FormHandlerChild.sys.mjs, line 103: InvalidStateError: JSWindowActorChild.document getter: Cannot access property 'document' after actor 'FormHandler' has been destroyed
JavaScript error: resource://gre/actors/FormHandlerChild.sys.mjs, line 103: InvalidStateError: JSWindowActorChild.document getter: Cannot access property 'document' after actor 'FormHandler' has been destroyed
GetShaderInfoLog() ->
0:2(12): error: extension `GL_EXT_shader_texture_lod' unsupported in fragment shader

GetShaderSource() ->

#extension GL_EXT_shader_texture_lod: require
void main() {}

GetShaderInfoLog() ->
0:2(12): error: extension `GL_EXT_shader_texture_lod' unsupported in fragment shader

GetShaderSource() ->

#extension GL_EXT_shader_texture_lod: require
void main() {}

GetShaderInfoLog() ->
0:2(12): error: extension `GL_EXT_shader_texture_lod' unsupported in fragment shader

GetShaderSource() ->

#extension GL_EXT_shader_texture_lod: require
void main() {}

JavaScript warning: https://static.xx.fbcdn.net/rsrc.php/v4iQyZ4/yu/l/es_LA-j/Y3ttRqRAksb.js, line 107: WEBGL_debug_renderer_info is deprecated in Firefox and will be removed. Please use RENDERER.
JavaScript error: resource://gre/modules/BrowserTelemetryUtils.sys.mjs, line 38: TypeError: can't access property "browsingContext", browser is undefined
GetShaderInfoLog() ->
0:2(12): error: extension `GL_EXT_shader_texture_lod' unsupported in fragment shader

GetShaderSource() ->

#extension GL_EXT_shader_texture_lod: require
void main() {}

GetShaderInfoLog() ->
0:2(12): error: extension `GL_EXT_shader_texture_lod' unsupported in fragment shader

GetShaderSource() ->

#extension GL_EXT_shader_texture_lod: require
void main() {}

GetShaderInfoLog() ->
0:2(12): error: extension `GL_EXT_shader_texture_lod' unsupported in fragment shader

GetShaderSource() ->

#extension GL_EXT_shader_texture_lod: require
void main() {}

JavaScript warning: https://static.xx.fbcdn.net/rsrc.php/v4ihVQ4/yW/l/es_LA-j/NtVYeNijxVG.js, line 36: WEBGL_debug_renderer_info is deprecated in Firefox and will be removed. Please use RENDERER.
JavaScript error: resource://gre/modules/BrowserTelemetryUtils.sys.mjs, line 38: TypeError: can't access property "browsingContext", browser is undefined
JavaScript error: resource://gre/actors/FormHandlerChild.sys.mjs, line 103: InvalidStateError: JSWindowActorChild.document getter: Cannot access property 'document' after actor 'FormHandler' has been destroyed
JavaScript error: resource://gre/actors/FormHandlerChild.sys.mjs, line 103: InvalidStateError: JSWindowActorChild.document getter: Cannot access property 'document' after actor 'FormHandler' has been destroyed
JavaScript error: resource://gre/actors/FormHandlerChild.sys.mjs, line 103: InvalidStateError: JSWindowActorChild.document getter: Cannot access property 'document' after actor 'FormHandler' has been destroyed
JavaScript error: resource://gre/actors/FormHandlerChild.sys.mjs, line 103: InvalidStateError: JSWindowActorChild.document getter: Cannot access property 'document' after actor 'FormHandler' has been destroyed
JavaScript error: resource://gre/modules/BrowserTelemetryUtils.sys.mjs, line 38: TypeError: can't access property "browsingContext", browser is undefined
GetShaderInfoLog() ->
0:2(12): error: extension `GL_EXT_shader_texture_lod' unsupported in fragment shader

GetShaderSource() ->

#extension GL_EXT_shader_texture_lod: require
void main() {}

JavaScript warning: https://static.xx.fbcdn.net/rsrc.php/v4iQyZ4/yu/l/es_LA-j/Y3ttRqRAksb.js, line 107: WEBGL_debug_renderer_info is deprecated in Firefox and will be removed. Please use RENDERER.
GetShaderInfoLog() ->
0:2(12): error: extension `GL_EXT_shader_texture_lod' unsupported in fragment shader

GetShaderSource() ->

#extension GL_EXT_shader_texture_lod: require
void main() {}

GetShaderInfoLog() ->
0:2(12): error: extension `GL_EXT_shader_texture_lod' unsupported in fragment shader

GetShaderSource() ->

#extension GL_EXT_shader_texture_lod: require
void main() {}

GetShaderInfoLog() ->
0:2(12): error: extension `GL_EXT_shader_texture_lod' unsupported in fragment shader

GetShaderSource() ->

#extension GL_EXT_shader_texture_lod: require
void main() {}

JavaScript warning: https://meta-api.arkoselabs.com/v2/2.17.2/enforcement.feca1e2f85d9e21864b1aaeab938822f.js, line 14: WEBGL_debug_renderer_info is deprecated in Firefox and will be removed. Please use RENDERER.
client(a00000): Reserved pid(18220).
client(a00000): Reserved cmdname(dbus-launch) and cmdargs(--autolaunch e92c2bdbf0ba678ac5be95b768ecf94a --binary-syntax --close-stderr).
AllocNewConnection: client index = 5, socket fd = 13, local = 1
client(a00000): Released pid(18220).
client(a00000): Released cmdline(dbus-launch) and cmdargs(--autolaunch e92c2bdbf0ba678ac5be95b768ecf94a --binary-syntax --close-stderr).
JavaScript warning: https://static.xx.fbcdn.net/rsrc.php/v4/yj/r/FlaokoPna_G.js, line 332: Script terminated by timeout at:
d@https://static.xx.fbcdn.net/rsrc.php/v4/yj/r/FlaokoPna_G.js:332:1551

GetShaderInfoLog() ->
0:2(12): error: extension `GL_EXT_shader_texture_lod' unsupported in fragment shader

GetShaderSource() ->

#extension GL_EXT_shader_texture_lod: require
void main() {}

GetShaderInfoLog() ->
0:2(12): error: extension `GL_EXT_shader_texture_lod' unsupported in fragment shader

GetShaderSource() ->

#extension GL_EXT_shader_texture_lod: require
void main() {}

GetShaderInfoLog() ->
0:2(12): error: extension `GL_EXT_shader_texture_lod' unsupported in fragment shader

GetShaderSource() ->

#extension GL_EXT_shader_texture_lod: require
void main() {}

JavaScript warning: https://static.xx.fbcdn.net/rsrc.php/v4ihVQ4/yW/l/es_LA-j/NtVYeNijxVG.js, line 36: WEBGL_debug_renderer_info is deprecated in Firefox and will be removed. Please use RENDERER.
JavaScript error: resource://gre/modules/BrowserTelemetryUtils.sys.mjs, line 38: TypeError: can't access property "browsingContext", browser is undefined
JavaScript error: resource://gre/actors/FormHandlerChild.sys.mjs, line 103: InvalidStateError: JSWindowActorChild.document getter: Cannot access property 'document' after actor 'FormHandler' has been destroyed
JavaScript error: resource://gre/actors/FormHandlerChild.sys.mjs, line 103: InvalidStateError: JSWindowActorChild.document getter: Cannot access property 'document' after actor 'FormHandler' has been destroyed
JavaScript error: resource://gre/actors/FormHandlerChild.sys.mjs, line 103: InvalidStateError: JSWindowActorChild.document getter: Cannot access property 'document' after actor 'FormHandler' has been destroyed
JavaScript error: resource://gre/actors/FormHandlerChild.sys.mjs, line 103: InvalidStateError: JSWindowActorChild.document getter: Cannot access property 'document' after actor 'FormHandler' has been destroyed
JavaScript error: resource://gre/actors/FormHandlerChild.sys.mjs, line 103: InvalidStateError: JSWindowActorChild.document getter: Cannot access property 'document' after actor 'FormHandler' has been destroyed

Thu Oct 16 21:59:47 2025
 TLSInStream: Failure reading TLS data: read: Connection timed out (110)
 TLSOutStream: Failure sending TLS data: write: Broken pipe (32)
 TLS:         TLS shutdown failed: Error in the push function.
 Socket:      Failed to flush remaining socket data on close: write: Broken
              pipe (32)
 VNCSConnST:  Closing 192.168.88.106::38106: read: Connection timed out (110)
 EncodeManager: Framebuffer updates: 5415
 EncodeManager:   Tight:
 EncodeManager:     Solid: 2.005 krects, 13.2452 Mpixels
 EncodeManager:            31.3281 KiB (1:1652.27 ratio)
 EncodeManager:     Bitmap RLE: 979 rects, 257.457 kpixels
 EncodeManager:                 26.4375 KiB (1:38.4743 ratio)
 EncodeManager:     Indexed RLE: 7.827 krects, 6.66773 Mpixels
 EncodeManager:                  980.551 KiB (1:26.656 ratio)
 EncodeManager:   Tight (JPEG):
 EncodeManager:     Full Colour: 2.285 krects, 8.83875 Mpixels
 EncodeManager:                  6.05581 MiB (1:5.57206 ratio)
 EncodeManager:   Total: 13.096 krects, 29.0092 Mpixels
 EncodeManager:          7.06979 MiB (1:15.6739 ratio)
 Connections: Closed: 192.168.88.106::38106
 ComparingUpdateTracker: 1.16885 Gpixels in / 26.2244 Mpixels out
 ComparingUpdateTracker: (1:44.571 ratio)

Thu Oct 16 22:05:48 2025
 Connections: Accepted: 192.168.88.106::42964
 SConnection: Client needs protocol version 3.8
 SConnection: Client requests security type VeNCrypt(19)
 SVeNCrypt:   Client requests security type TLSVnc (258)
 VNCSConnST:  Server default pixel format depth 24 (32bpp) little-endian rgb888
 VNCSConnST:  Client pixel format depth 24 (32bpp) little-endian rgb888

Thu Oct 16 22:11:48 2025
 TLSInStream: Failure reading TLS data: read: Connection timed out (110)
 TLSOutStream: Failure sending TLS data: write: Broken pipe (32)
 TLS:         TLS shutdown failed: Error in the push function.
 Socket:      Failed to flush remaining socket data on close: write: Broken
              pipe (32)
 VNCSConnST:  Closing 192.168.88.106::42964: read: Connection timed out (110)
 EncodeManager: Framebuffer updates: 333
 EncodeManager:   Tight:
 EncodeManager:     Solid: 131 rects, 934.766 kpixels
 EncodeManager:            2.04688 KiB (1:1784.65 ratio)
 EncodeManager:     Bitmap RLE: 14 rects, 11.331 kpixels
 EncodeManager:                 418 B (1:108.833 ratio)
 EncodeManager:     Indexed RLE: 336 rects, 327.131 kpixels
 EncodeManager:                  39.4355 KiB (1:32.5035 ratio)
 EncodeManager:   Tight (JPEG):
 EncodeManager:     Full Colour: 125 rects, 518.176 kpixels
 EncodeManager:                  382.351 KiB (1:5.29773 ratio)
 EncodeManager:   Total: 606 rects, 1.7914 Mpixels
 EncodeManager:          424.241 KiB (1:16.5113 ratio)
 Connections: Closed: 192.168.88.106::42964
 ComparingUpdateTracker: 26.8181 Mpixels in / 809.306 kpixels out
 ComparingUpdateTracker: (1:33.1372 ratio)

Thu Oct 16 22:38:57 2025
 Connections: Accepted: 192.168.88.106::46168
 SConnection: Client needs protocol version 3.8
 SConnection: Client requests security type VeNCrypt(19)
 SVeNCrypt:   Client requests security type TLSVnc (258)

Thu Oct 16 22:38:58 2025
 VNCSConnST:  Server default pixel format depth 24 (32bpp) little-endian rgb888
 VNCSConnST:  Client pixel format depth 24 (32bpp) little-endian rgb888
GetShaderInfoLog() ->
0:2(12): error: extension `GL_EXT_shader_texture_lod' unsupported in fragment shader

GetShaderSource() ->

#extension GL_EXT_shader_texture_lod: require
void main() {}

GetShaderInfoLog() ->
0:2(12): error: extension `GL_EXT_shader_texture_lod' unsupported in fragment shader

GetShaderSource() ->

#extension GL_EXT_shader_texture_lod: require
void main() {}

GetShaderInfoLog() ->
0:2(12): error: extension `GL_EXT_shader_texture_lod' unsupported in fragment shader

GetShaderSource() ->

#extension GL_EXT_shader_texture_lod: require
void main() {}

JavaScript warning: https://static.xx.fbcdn.net/rsrc.php/v4ihVQ4/yW/l/es_LA-j/NtVYeNijxVG.js, line 36: WEBGL_debug_renderer_info is deprecated in Firefox and will be removed. Please use RENDERER.
JavaScript error: resource://gre/modules/BrowserTelemetryUtils.sys.mjs, line 38: TypeError: can't access property "browsingContext", browser is undefined
JavaScript error: resource://gre/actors/FormHandlerChild.sys.mjs, line 103: InvalidStateError: JSWindowActorChild.document getter: Cannot access property 'document' after actor 'FormHandler' has been destroyed
JavaScript error: resource://gre/actors/FormHandlerChild.sys.mjs, line 103: InvalidStateError: JSWindowActorChild.document getter: Cannot access property 'document' after actor 'FormHandler' has been destroyed
JavaScript error: resource://gre/actors/FormHandlerChild.sys.mjs, line 103: InvalidStateError: JSWindowActorChild.document getter: Cannot access property 'document' after actor 'FormHandler' has been destroyed
JavaScript error: resource://gre/actors/FormHandlerChild.sys.mjs, line 103: InvalidStateError: JSWindowActorChild.document getter: Cannot access property 'document' after actor 'FormHandler' has been destroyed
JavaScript error: resource://gre/actors/FormHandlerChild.sys.mjs, line 103: InvalidStateError: JSWindowActorChild.document getter: Cannot access property 'document' after actor 'FormHandler' has been destroyed
JavaScript error: resource://gre/actors/FormHandlerChild.sys.mjs, line 103: InvalidStateError: JSWindowActorChild.document getter: Cannot access property 'document' after actor 'FormHandler' has been destroyed

Thu Oct 16 22:43:21 2025
 VNCSConnST:  Closing 192.168.88.106::46168: readTLS: The TLS connection was
              non-properly terminated. (-110)
 EncodeManager: Framebuffer updates: 2399
 EncodeManager:   Tight:
 EncodeManager:     Solid: 642 rects, 4.26794 Mpixels
 EncodeManager:            10.0312 KiB (1:1662.72 ratio)
 EncodeManager:     Bitmap RLE: 189 rects, 81.73 kpixels
 EncodeManager:                 5.55859 KiB (1:57.8335 ratio)
 EncodeManager:     Indexed RLE: 2.894 krects, 2.79084 Mpixels
 EncodeManager:                  470.683 KiB (1:23.2336 ratio)
 EncodeManager:   Tight (JPEG):
 EncodeManager:     Full Colour: 1.316 krects, 6.07746 Mpixels
 EncodeManager:                  4.05429 MiB (1:5.72201 ratio)
 EncodeManager:   Total: 5.041 krects, 13.218 Mpixels
 EncodeManager:          4.52917 MiB (1:11.1456 ratio)
 Connections: Closed: 192.168.88.106::46168
 ComparingUpdateTracker: 283.48 Mpixels in / 10.4741 Mpixels out
 ComparingUpdateTracker: (1:27.0649 ratio)
GetShaderInfoLog() ->
0:2(12): error: extension `GL_EXT_shader_texture_lod' unsupported in fragment shader

GetShaderSource() ->

#extension GL_EXT_shader_texture_lod: require
void main() {}

GetShaderInfoLog() ->
0:2(12): error: extension `GL_EXT_shader_texture_lod' unsupported in fragment shader

GetShaderSource() ->

#extension GL_EXT_shader_texture_lod: require
void main() {}


Thu Oct 16 23:26:56 2025
 Connections: Accepted: 192.168.88.106::45970
 SConnection: Client needs protocol version 3.8
 SConnection: Client requests security type VeNCrypt(19)
 SVeNCrypt:   Client requests security type TLSVnc (258)
 VNCSConnST:  Server default pixel format depth 24 (32bpp) little-endian rgb888
 VNCSConnST:  Client pixel format depth 24 (32bpp) little-endian rgb888

Thu Oct 16 23:30:47 2025
 Input:       Added keysym XK_ntilde (0x00f1) to keycode 230
JavaScript error: resource://gre/modules/BrowserTelemetryUtils.sys.mjs, line 38: TypeError: can't access property "browsingContext", browser is undefined
GetShaderInfoLog() ->
0:2(12): error: extension `GL_EXT_shader_texture_lod' unsupported in fragment shader

GetShaderSource() ->

#extension GL_EXT_shader_texture_lod: require
void main() {}

JavaScript warning: https://static.xx.fbcdn.net/rsrc.php/v4ihVQ4/yW/l/es_LA-j/NtVYeNijxVG.js, line 36: WEBGL_debug_renderer_info is deprecated in Firefox and will be removed. Please use RENDERER.
JavaScript error: resource://gre/modules/BrowserTelemetryUtils.sys.mjs, line 38: TypeError: can't access property "browsingContext", browser is undefined
GetShaderInfoLog() ->
0:2(12): error: extension `GL_EXT_shader_texture_lod' unsupported in fragment shader

GetShaderSource() ->

#extension GL_EXT_shader_texture_lod: require
void main() {}

GetShaderInfoLog() ->
0:2(12): error: extension `GL_EXT_shader_texture_lod' unsupported in fragment shader

GetShaderSource() ->

#extension GL_EXT_shader_texture_lod: require
void main() {}

GetShaderInfoLog() ->
0:2(12): error: extension `GL_EXT_shader_texture_lod' unsupported in fragment shader

GetShaderSource() ->

#extension GL_EXT_shader_texture_lod: require
void main() {}

JavaScript warning: https://static.xx.fbcdn.net/rsrc.php/v4ihVQ4/yW/l/es_LA-j/NtVYeNijxVG.js, line 36: WEBGL_debug_renderer_info is deprecated in Firefox and will be removed. Please use RENDERER.
JavaScript error: resource://gre/modules/BrowserTelemetryUtils.sys.mjs, line 38: TypeError: can't access property "browsingContext", browser is undefined
JavaScript error: resource://gre/modules/BrowserTelemetryUtils.sys.mjs, line 38: TypeError: can't access property "browsingContext", browser is undefined
GetShaderInfoLog() ->
0:2(12): error: extension `GL_EXT_shader_texture_lod' unsupported in fragment shader

GetShaderSource() ->

#extension GL_EXT_shader_texture_lod: require
void main() {}

JavaScript warning: https://static.xx.fbcdn.net/rsrc.php/v4iQyZ4/yu/l/es_LA-j/Y3ttRqRAksb.js, line 107: WEBGL_debug_renderer_info is deprecated in Firefox and will be removed. Please use RENDERER.
GetShaderInfoLog() ->
0:2(12): error: extension `GL_EXT_shader_texture_lod' unsupported in fragment shader

GetShaderSource() ->

#extension GL_EXT_shader_texture_lod: require
void main() {}

GetShaderInfoLog() ->
0:2(12): error: extension `GL_EXT_shader_texture_lod' unsupported in fragment shader

GetShaderSource() ->

#extension GL_EXT_shader_texture_lod: require
void main() {}

GetShaderInfoLog() ->
0:2(12): error: extension `GL_EXT_shader_texture_lod' unsupported in fragment shader

GetShaderSource() ->

#extension GL_EXT_shader_texture_lod: require
void main() {}

GetShaderInfoLog() ->
0:2(12): error: extension `GL_EXT_shader_texture_lod' unsupported in fragment shader

GetShaderSource() ->

#extension GL_EXT_shader_texture_lod: require
void main() {}

GetShaderInfoLog() ->
0:2(12): error: extension `GL_EXT_shader_texture_lod' unsupported in fragment shader

GetShaderSource() ->

#extension GL_EXT_shader_texture_lod: require
void main() {}

JavaScript warning: https://static.xx.fbcdn.net/rsrc.php/v4ihVQ4/yW/l/es_LA-j/NtVYeNijxVG.js, line 36: WEBGL_debug_renderer_info is deprecated in Firefox and will be removed. Please use RENDERER.
JavaScript error: resource://gre/modules/BrowserTelemetryUtils.sys.mjs, line 38: TypeError: can't access property "browsingContext", browser is undefined
JavaScript error: resource://gre/actors/FormHandlerChild.sys.mjs, line 103: InvalidStateError: JSWindowActorChild.document getter: Cannot access property 'document' after actor 'FormHandler' has been destroyed
console.error: (new Error("No user input on targetField", "resource://gre/modules/LoginManagerChild.sys.mjs", 2450))
JavaScript error: resource://gre/modules/LoginManagerChild.sys.mjs, line 2450: Error: No user input on targetField
JavaScript error: resource://gre/modules/BrowserTelemetryUtils.sys.mjs, line 38: TypeError: can't access property "browsingContext", browser is undefined
GetShaderInfoLog() ->
0:2(12): error: extension `GL_EXT_shader_texture_lod' unsupported in fragment shader

GetShaderSource() ->

#extension GL_EXT_shader_texture_lod: require
void main() {}

JavaScript warning: https://static.xx.fbcdn.net/rsrc.php/v4iQyZ4/yu/l/es_LA-j/Y3ttRqRAksb.js, line 107: WEBGL_debug_renderer_info is deprecated in Firefox and will be removed. Please use RENDERER.
GetShaderInfoLog() ->
0:2(12): error: extension `GL_EXT_shader_texture_lod' unsupported in fragment shader

GetShaderSource() ->

#extension GL_EXT_shader_texture_lod: require
void main() {}

GetShaderInfoLog() ->
0:2(12): error: extension `GL_EXT_shader_texture_lod' unsupported in fragment shader

GetShaderSource() ->

#extension GL_EXT_shader_texture_lod: require
void main() {}

GetShaderInfoLog() ->
0:2(12): error: extension `GL_EXT_shader_texture_lod' unsupported in fragment shader

GetShaderSource() ->

#extension GL_EXT_shader_texture_lod: require
void main() {}

GetShaderInfoLog() ->
0:2(12): error: extension `GL_EXT_shader_texture_lod' unsupported in fragment shader

GetShaderSource() ->

#extension GL_EXT_shader_texture_lod: require
void main() {}

GetShaderInfoLog() ->
0:2(12): error: extension `GL_EXT_shader_texture_lod' unsupported in fragment shader

GetShaderSource() ->

#extension GL_EXT_shader_texture_lod: require
void main() {}

JavaScript warning: https://static.xx.fbcdn.net/rsrc.php/v4ihVQ4/yW/l/es_LA-j/NtVYeNijxVG.js, line 36: WEBGL_debug_renderer_info is deprecated in Firefox and will be removed. Please use RENDERER.
JavaScript error: resource://gre/modules/BrowserTelemetryUtils.sys.mjs, line 38: TypeError: can't access property "browsingContext", browser is undefined
JavaScript error: resource://gre/actors/FormHandlerChild.sys.mjs, line 103: InvalidStateError: JSWindowActorChild.document getter: Cannot access property 'document' after actor 'FormHandler' has been destroyed
JavaScript error: resource://gre/actors/FormHandlerChild.sys.mjs, line 103: InvalidStateError: JSWindowActorChild.document getter: Cannot access property 'document' after actor 'FormHandler' has been destroyed
console.error: (new Error("No user input on targetField", "resource://gre/modules/LoginManagerChild.sys.mjs", 2450))
JavaScript error: resource://gre/modules/LoginManagerChild.sys.mjs, line 2450: Error: No user input on targetField
JavaScript error: resource://gre/modules/BrowserTelemetryUtils.sys.mjs, line 38: TypeError: can't access property "browsingContext", browser is undefined
GetShaderInfoLog() ->
0:2(12): error: extension `GL_EXT_shader_texture_lod' unsupported in fragment shader

GetShaderSource() ->

#extension GL_EXT_shader_texture_lod: require
void main() {}

JavaScript warning: https://static.xx.fbcdn.net/rsrc.php/v4iQyZ4/yu/l/es_LA-j/Y3ttRqRAksb.js, line 107: WEBGL_debug_renderer_info is deprecated in Firefox and will be removed. Please use RENDERER.
GetShaderInfoLog() ->
0:2(12): error: extension `GL_EXT_shader_texture_lod' unsupported in fragment shader

GetShaderSource() ->

#extension GL_EXT_shader_texture_lod: require
void main() {}

GetShaderInfoLog() ->
0:2(12): error: extension `GL_EXT_shader_texture_lod' unsupported in fragment shader

GetShaderSource() ->

#extension GL_EXT_shader_texture_lod: require
void main() {}

GetShaderInfoLog() ->
0:2(12): error: extension `GL_EXT_shader_texture_lod' unsupported in fragment shader

GetShaderSource() ->

#extension GL_EXT_shader_texture_lod: require
void main() {}

JavaScript warning: https://meta-api.arkoselabs.com/v2/2.17.2/enforcement.feca1e2f85d9e21864b1aaeab938822f.js, line 14: WEBGL_debug_renderer_info is deprecated in Firefox and will be removed. Please use RENDERER.
client(a00000): Reserved pid(21729).
client(a00000): Reserved cmdname(dbus-launch) and cmdargs(--autolaunch e92c2bdbf0ba678ac5be95b768ecf94a --binary-syntax --close-stderr).
AllocNewConnection: client index = 5, socket fd = 13, local = 1
client(a00000): Released pid(21729).
client(a00000): Released cmdline(dbus-launch) and cmdargs(--autolaunch e92c2bdbf0ba678ac5be95b768ecf94a --binary-syntax --close-stderr).
JavaScript warning: https://static.xx.fbcdn.net/rsrc.php/v4/yj/r/FlaokoPna_G.js, line 332: Script terminated by timeout at:
d@https://static.xx.fbcdn.net/rsrc.php/v4/yj/r/FlaokoPna_G.js:332:1551

GetShaderInfoLog() ->
0:2(12): error: extension `GL_EXT_shader_texture_lod' unsupported in fragment shader

GetShaderSource() ->

#extension GL_EXT_shader_texture_lod: require
void main() {}

GetShaderInfoLog() ->
0:2(12): error: extension `GL_EXT_shader_texture_lod' unsupported in fragment shader

GetShaderSource() ->

#extension GL_EXT_shader_texture_lod: require
void main() {}

GetShaderInfoLog() ->
0:2(12): error: extension `GL_EXT_shader_texture_lod' unsupported in fragment shader

GetShaderSource() ->

#extension GL_EXT_shader_texture_lod: require
void main() {}

JavaScript warning: https://static.xx.fbcdn.net/rsrc.php/v4ihVQ4/yW/l/es_LA-j/NtVYeNijxVG.js, line 36: WEBGL_debug_renderer_info is deprecated in Firefox and will be removed. Please use RENDERER.
JavaScript error: resource://gre/modules/BrowserTelemetryUtils.sys.mjs, line 38: TypeError: can't access property "browsingContext", browser is undefined
JavaScript error: resource://gre/actors/FormHandlerChild.sys.mjs, line 103: InvalidStateError: JSWindowActorChild.document getter: Cannot access property 'document' after actor 'FormHandler' has been destroyed
JavaScript error: resource://gre/actors/FormHandlerChild.sys.mjs, line 103: InvalidStateError: JSWindowActorChild.document getter: Cannot access property 'document' after actor 'FormHandler' has been destroyed
JavaScript error: resource://gre/actors/FormHandlerChild.sys.mjs, line 103: InvalidStateError: JSWindowActorChild.document getter: Cannot access property 'document' after actor 'FormHandler' has been destroyed
JavaScript error: resource://gre/modules/BrowserTelemetryUtils.sys.mjs, line 38: TypeError: can't access property "browsingContext", browser is undefined
GetShaderInfoLog() ->
0:2(12): error: extension `GL_EXT_shader_texture_lod' unsupported in fragment shader

GetShaderSource() ->

#extension GL_EXT_shader_texture_lod: require
void main() {}

JavaScript warning: https://static.xx.fbcdn.net/rsrc.php/v4iQyZ4/yu/l/es_LA-j/Y3ttRqRAksb.js, line 107: WEBGL_debug_renderer_info is deprecated in Firefox and will be removed. Please use RENDERER.
GetShaderInfoLog() ->
0:2(12): error: extension `GL_EXT_shader_texture_lod' unsupported in fragment shader

GetShaderSource() ->

#extension GL_EXT_shader_texture_lod: require
void main() {}

GetShaderInfoLog() ->
0:2(12): error: extension `GL_EXT_shader_texture_lod' unsupported in fragment shader

GetShaderSource() ->

#extension GL_EXT_shader_texture_lod: require
void main() {}

GetShaderInfoLog() ->
0:2(12): error: extension `GL_EXT_shader_texture_lod' unsupported in fragment shader

GetShaderSource() ->

#extension GL_EXT_shader_texture_lod: require
void main() {}

JavaScript warning: https://meta-api.arkoselabs.com/v2/2.17.2/enforcement.feca1e2f85d9e21864b1aaeab938822f.js, line 14: WEBGL_debug_renderer_info is deprecated in Firefox and will be removed. Please use RENDERER.
JavaScript warning: https://static.xx.fbcdn.net/rsrc.php/v4/yj/r/FlaokoPna_G.js, line 332: Script terminated by timeout at:
d@https://static.xx.fbcdn.net/rsrc.php/v4/yj/r/FlaokoPna_G.js:332:1551

GetShaderInfoLog() ->
0:2(12): error: extension `GL_EXT_shader_texture_lod' unsupported in fragment shader

GetShaderSource() ->

#extension GL_EXT_shader_texture_lod: require
void main() {}

GetShaderInfoLog() ->
0:2(12): error: extension `GL_EXT_shader_texture_lod' unsupported in fragment shader

GetShaderSource() ->

#extension GL_EXT_shader_texture_lod: require
void main() {}

GetShaderInfoLog() ->
0:2(12): error: extension `GL_EXT_shader_texture_lod' unsupported in fragment shader

GetShaderSource() ->

#extension GL_EXT_shader_texture_lod: require
void main() {}

JavaScript warning: https://static.xx.fbcdn.net/rsrc.php/v4ihVQ4/yW/l/es_LA-j/NtVYeNijxVG.js, line 36: WEBGL_debug_renderer_info is deprecated in Firefox and will be removed. Please use RENDERER.
JavaScript error: resource://gre/modules/BrowserTelemetryUtils.sys.mjs, line 38: TypeError: can't access property "browsingContext", browser is undefined
JavaScript error: resource://gre/actors/FormHandlerChild.sys.mjs, line 103: InvalidStateError: JSWindowActorChild.document getter: Cannot access property 'document' after actor 'FormHandler' has been destroyed
JavaScript error: resource://gre/actors/FormHandlerChild.sys.mjs, line 103: InvalidStateError: JSWindowActorChild.document getter: Cannot access property 'document' after actor 'FormHandler' has been destroyed
JavaScript error: resource://gre/actors/FormHandlerChild.sys.mjs, line 103: InvalidStateError: JSWindowActorChild.document getter: Cannot access property 'document' after actor 'FormHandler' has been destroyed
JavaScript error: resource://gre/actors/FormHandlerChild.sys.mjs, line 103: InvalidStateError: JSWindowActorChild.document getter: Cannot access property 'document' after actor 'FormHandler' has been destroyed

Thu Oct 16 23:44:49 2025
 TLSInStream: Failure reading TLS data: read: Connection timed out (110)
 TLSOutStream: Failure sending TLS data: write: Broken pipe (32)
 TLS:         TLS shutdown failed: Error in the push function.
 Socket:      Failed to flush remaining socket data on close: write: Broken
              pipe (32)
 VNCSConnST:  Closing 192.168.88.106::45970: read: Connection timed out (110)
 EncodeManager: Framebuffer updates: 8690
 EncodeManager:   Tight:
 EncodeManager:     Solid: 2.774 krects, 18.7065 Mpixels
 EncodeManager:            43.3438 KiB (1:1686.63 ratio)
 EncodeManager:     Bitmap RLE: 1.168 krects, 391.442 kpixels
 EncodeManager:                 34.7988 KiB (1:44.3336 ratio)
 EncodeManager:     Indexed RLE: 11.214 krects, 10.3181 Mpixels
 EncodeManager:                  1.63965 MiB (1:24.0837 ratio)
 EncodeManager:   Tight (JPEG):
 EncodeManager:     Full Colour: 4.347 krects, 15.6497 Mpixels
 EncodeManager:                  12.7249 MiB (1:4.69541 ratio)
 EncodeManager:   Total: 19.503 krects, 45.0658 Mpixels
 EncodeManager:          14.4409 MiB (1:11.92 ratio)
 Connections: Closed: 192.168.88.106::45970
 ComparingUpdateTracker: 1.63358 Gpixels in / 38.9406 Mpixels out
 ComparingUpdateTracker: (1:41.9507 ratio)
JavaScript warning: https://www.google.com/js/th/nePGL89d91RQKpstbIMwrZ1OLAZWikESxtMwoS8b0ko.js line 2 > eval line 2904 > eval line 1 > eval line 1 > eval, line 1: unreachable code after return statement
JavaScript warning: https://www.google.com/js/th/nePGL89d91RQKpstbIMwrZ1OLAZWikESxtMwoS8b0ko.js line 2 > eval, line 1: unreachable code after return statement
JavaScript warning: https://www.google.com/js/th/nePGL89d91RQKpstbIMwrZ1OLAZWikESxtMwoS8b0ko.js line 2 > eval line 2904 > eval, line 1: unreachable code after return statement
JavaScript warning: https://www.google.com/js/th/nePGL89d91RQKpstbIMwrZ1OLAZWikESxtMwoS8b0ko.js line 2 > eval line 2904 > eval line 1 > eval, line 1: unreachable code after return statement
JavaScript warning: https://www.google.com/js/th/nePGL89d91RQKpstbIMwrZ1OLAZWikESxtMwoS8b0ko.js line 2 > eval line 2904 > eval line 1 > eval line 1 > eval, line 1: unreachable code after return statement
GetShaderInfoLog() ->
0:2(12): error: extension `GL_EXT_shader_texture_lod' unsupported in fragment shader

GetShaderSource() ->

#extension GL_EXT_shader_texture_lod: require
void main() {}

GetShaderInfoLog() ->
0:2(12): error: extension `GL_EXT_shader_texture_lod' unsupported in fragment shader

GetShaderSource() ->

#extension GL_EXT_shader_texture_lod: require
void main() {}

GetShaderInfoLog() ->
0:2(12): error: extension `GL_EXT_shader_texture_lod' unsupported in fragment shader

GetShaderSource() ->

#extension GL_EXT_shader_texture_lod: require
void main() {}


Fri Oct 17 00:39:37 2025
 Connections: Accepted: 192.168.88.106::39410
 SConnection: Client needs protocol version 3.8
 SConnection: Client requests security type VeNCrypt(19)
 SVeNCrypt:   Client requests security type TLSVnc (258)
 VNCSConnST:  Server default pixel format depth 24 (32bpp) little-endian rgb888
 VNCSConnST:  Client pixel format depth 24 (32bpp) little-endian rgb888
console.error: (new Error("No user input on targetField", "resource://gre/modules/LoginManagerChild.sys.mjs", 2450))
JavaScript error: resource://gre/modules/LoginManagerChild.sys.mjs, line 2450: Error: No user input on targetField
JavaScript error: resource://gre/modules/BrowserTelemetryUtils.sys.mjs, line 38: TypeError: can't access property "browsingContext", browser is undefined
GetShaderInfoLog() ->
0:2(12): error: extension `GL_EXT_shader_texture_lod' unsupported in fragment shader

GetShaderSource() ->

#extension GL_EXT_shader_texture_lod: require
void main() {}

JavaScript warning: https://static.xx.fbcdn.net/rsrc.php/v4iQyZ4/yu/l/es_LA-j/Y3ttRqRAksb.js, line 107: WEBGL_debug_renderer_info is deprecated in Firefox and will be removed. Please use RENDERER.
GetShaderInfoLog() ->
0:2(12): error: extension `GL_EXT_shader_texture_lod' unsupported in fragment shader

GetShaderSource() ->

#extension GL_EXT_shader_texture_lod: require
void main() {}

GetShaderInfoLog() ->
0:2(12): error: extension `GL_EXT_shader_texture_lod' unsupported in fragment shader

GetShaderSource() ->

#extension GL_EXT_shader_texture_lod: require
void main() {}

JavaScript error: resource://gre/modules/BrowserTelemetryUtils.sys.mjs, line 38: TypeError: can't access property "browsingContext", browser is undefined
client(a00000): Reserved pid(17540).
client(a00000): Reserved cmdname(dbus-launch) and cmdargs(--autolaunch e92c2bdbf0ba678ac5be95b768ecf94a --binary-syntax --close-stderr).
AllocNewConnection: client index = 5, socket fd = 13, local = 1
client(a00000): Released pid(17540).
client(a00000): Released cmdline(dbus-launch) and cmdargs(--autolaunch e92c2bdbf0ba678ac5be95b768ecf94a --binary-syntax --close-stderr).

Fri Oct 17 00:41:38 2025
 VNCSConnST:  Closing 192.168.88.106::39410: readTLS: The TLS connection was
              non-properly terminated. (-110)
 EncodeManager: Framebuffer updates: 1705
 EncodeManager:   Tight:
 EncodeManager:     Solid: 626 rects, 4.3904 Mpixels
 EncodeManager:            9.78125 KiB (1:1754.1 ratio)
 EncodeManager:     Bitmap RLE: 190 rects, 57.405 kpixels
 EncodeManager:                 5.36133 KiB (1:42.2404 ratio)
 EncodeManager:     Indexed RLE: 2.228 krects, 1.70674 Mpixels
 EncodeManager:                  320.258 KiB (1:20.8989 ratio)
 EncodeManager:   Tight (JPEG):
 EncodeManager:     Full Colour: 1.084 krects, 4.12934 Mpixels
 EncodeManager:                  3.08468 MiB (1:5.1106 ratio)
 EncodeManager:   Total: 4.128 krects, 10.2839 Mpixels
 EncodeManager:          3.41222 MiB (1:11.5107 ratio)
 Connections: Closed: 192.168.88.106::39410
 ComparingUpdateTracker: 277.352 Mpixels in / 8.30263 Mpixels out
 ComparingUpdateTracker: (1:33.4053 ratio)
GetShaderInfoLog() ->
0:2(12): error: extension `GL_EXT_shader_texture_lod' unsupported in fragment shader

GetShaderSource() ->

#extension GL_EXT_shader_texture_lod: require
void main() {}

GetShaderInfoLog() ->
0:2(12): error: extension `GL_EXT_shader_texture_lod' unsupported in fragment shader

GetShaderSource() ->

#extension GL_EXT_shader_texture_lod: require
void main() {}

GetShaderInfoLog() ->
0:2(12): error: extension `GL_EXT_shader_texture_lod' unsupported in fragment shader

GetShaderSource() ->

#extension GL_EXT_shader_texture_lod: require
void main() {}

