mkdir: cannot create directory ‘/sys/fs/cgroup/cg2_bpf’: Permission denied
mount: bad /etc/fstab: No such file or directory
mkdir: cannot create directory ‘/sys/fs/cgroup/blkio’: Permission denied
mount: bad /etc/fstab: No such file or directory
rmdir: failed to remove '/sys/fs/cgroup/blkio': No such file or directory
mkdir: cannot create directory ‘/sys/fs/cgroup/cpu’: Permission denied
mount: bad /etc/fstab: No such file or directory
rmdir: failed to remove '/sys/fs/cgroup/cpu': No such file or directory
mkdir: cannot create directory ‘/sys/fs/cgroup/cpuacct’: Permission denied
mount: bad /etc/fstab: No such file or directory
rmdir: failed to remove '/sys/fs/cgroup/cpuacct': No such file or directory
mkdir: cannot create directory ‘/sys/fs/cgroup/cpuset’: Permission denied
mount: bad /etc/fstab: No such file or directory
rmdir: failed to remove '/sys/fs/cgroup/cpuset': No such file or directory
mkdir: cannot create directory ‘/sys/fs/cgroup/devices’: Permission denied
mount: bad /etc/fstab: No such file or directory
rmdir: failed to remove '/sys/fs/cgroup/devices': No such file or directory
mkdir: cannot create directory ‘/sys/fs/cgroup/freezer’: Permission denied
mount: bad /etc/fstab: No such file or directory
rmdir: failed to remove '/sys/fs/cgroup/freezer': No such file or directory
mkdir: cannot create directory ‘/sys/fs/cgroup/memory’: Permission denied
mount: bad /etc/fstab: No such file or directory
rmdir: failed to remove '/sys/fs/cgroup/memory': No such file or directory
mkdir: cannot create directory ‘/sys/fs/cgroup/pids’: Permission denied
mount: bad /etc/fstab: No such file or directory
rmdir: failed to remove '/sys/fs/cgroup/pids': No such file or directory
mkdir: cannot create directory ‘/sys/fs/cgroup/schedtune’: Permission denied
mount: bad /etc/fstab: No such file or directory
rmdir: failed to remove '/sys/fs/cgroup/schedtune': No such file or directory
time="2025-10-17T19:49:41.637509840Z" level=info msg="Starting up"
dockerd needs to be started with root privileges. To run dockerd in rootless mode as an unprivileged user, see https://docs.docker.com/go/rootless/
